
*** Running vivado
    with args -log mopshub_board_v2_selectio_wiz_0_0.vds -m64 -product Vivado -mode batch -messageDb vivado.pb -notrace -source mopshub_board_v2_selectio_wiz_0_0.tcl


****** Vivado v2020.2 (64-bit)
  **** SW Build 3064766 on Wed Nov 18 09:12:47 MST 2020
  **** IP Build 3064653 on Wed Nov 18 14:17:31 MST 2020
    ** Copyright 1986-2020 Xilinx, Inc. All Rights Reserved.

source mopshub_board_v2_selectio_wiz_0_0.tcl -notrace
Command: synth_design -top mopshub_board_v2_selectio_wiz_0_0 -part xc7a200tfbg484-2 -mode out_of_context
Starting synth_design
Attempting to get a license for feature 'Synthesis' and/or device 'xc7a200t'
INFO: [Common 17-349] Got license for feature 'Synthesis' and/or device 'xc7a200t'
INFO: [Device 21-403] Loading part xc7a200tfbg484-2
INFO: [Synth 8-7079] Multithreading enabled for synth_design using a maximum of 4 processes.
INFO: [Synth 8-7078] Launching helper process for spawning children vivado processes
INFO: [Synth 8-7075] Helper process launched with PID 12447
---------------------------------------------------------------------------------
Starting RTL Elaboration : Time (s): cpu = 00:00:04 ; elapsed = 00:00:06 . Memory (MB): peak = 2454.359 ; gain = 0.000 ; free physical = 17758 ; free virtual = 29727
---------------------------------------------------------------------------------
INFO: [Synth 8-6157] synthesizing module 'mopshub_board_v2_selectio_wiz_0_0' [/home/dcs/git/mopshub/Vivado/mopshub_v2/mopshub_board_v2/mopshub_board_v2.gen/sources_1/bd/mopshub_board_v2/ip/mopshub_board_v2_selectio_wiz_0_0/mopshub_board_v2_selectio_wiz_0_0.v:58]
	Parameter SYS_W bound to: 1 - type: integer 
	Parameter DEV_W bound to: 2 - type: integer 
INFO: [Synth 8-6157] synthesizing module 'mopshub_board_v2_selectio_wiz_0_0_selectio_wiz' [/home/dcs/git/mopshub/Vivado/mopshub_v2/mopshub_board_v2/mopshub_board_v2.gen/sources_1/bd/mopshub_board_v2/ip/mopshub_board_v2_selectio_wiz_0_0/mopshub_board_v2_selectio_wiz_0_0_selectio_wiz.v:56]
	Parameter SYS_W bound to: 1 - type: integer 
	Parameter DEV_W bound to: 2 - type: integer 
	Parameter num_serial_bits bound to: 2 - type: integer 
INFO: [Synth 8-6157] synthesizing module 'IBUFDS' [/mnt/storage/sw/Xilinx/Vivado/2020.2/scripts/rt/data/unisim_comp.v:32998]
	Parameter CAPACITANCE bound to: DONT_CARE - type: string 
	Parameter DIFF_TERM bound to: FALSE - type: string 
	Parameter DQS_BIAS bound to: FALSE - type: string 
	Parameter IBUF_DELAY_VALUE bound to: 0 - type: string 
	Parameter IBUF_LOW_PWR bound to: TRUE - type: string 
	Parameter IFD_DELAY_VALUE bound to: AUTO - type: string 
	Parameter IOSTANDARD bound to: DIFF_SSTL15_R - type: string 
INFO: [Synth 8-6155] done synthesizing module 'IBUFDS' (1#1) [/mnt/storage/sw/Xilinx/Vivado/2020.2/scripts/rt/data/unisim_comp.v:32998]
INFO: [Synth 8-6157] synthesizing module 'ISERDESE2' [/mnt/storage/sw/Xilinx/Vivado/2020.2/scripts/rt/data/unisim_comp.v:38620]
	Parameter DATA_RATE bound to: SDR - type: string 
	Parameter DATA_WIDTH bound to: 2 - type: integer 
	Parameter DYN_CLKDIV_INV_EN bound to: FALSE - type: string 
	Parameter DYN_CLK_INV_EN bound to: FALSE - type: string 
	Parameter INIT_Q1 bound to: 1'b0 
	Parameter INIT_Q2 bound to: 1'b0 
	Parameter INIT_Q3 bound to: 1'b0 
	Parameter INIT_Q4 bound to: 1'b0 
	Parameter INTERFACE_TYPE bound to: NETWORKING - type: string 
	Parameter IOBDELAY bound to: NONE - type: string 
	Parameter IS_CLKB_INVERTED bound to: 1'b0 
	Parameter IS_CLKDIVP_INVERTED bound to: 1'b0 
	Parameter IS_CLKDIV_INVERTED bound to: 1'b0 
	Parameter IS_CLK_INVERTED bound to: 1'b0 
	Parameter IS_D_INVERTED bound to: 1'b0 
	Parameter IS_OCLKB_INVERTED bound to: 1'b0 
	Parameter IS_OCLK_INVERTED bound to: 1'b0 
	Parameter NUM_CE bound to: 2 - type: integer 
	Parameter OFB_USED bound to: FALSE - type: string 
	Parameter SERDES_MODE bound to: MASTER - type: string 
	Parameter SRVAL_Q1 bound to: 1'b0 
	Parameter SRVAL_Q2 bound to: 1'b0 
	Parameter SRVAL_Q3 bound to: 1'b0 
	Parameter SRVAL_Q4 bound to: 1'b0 
INFO: [Synth 8-6155] done synthesizing module 'ISERDESE2' (2#1) [/mnt/storage/sw/Xilinx/Vivado/2020.2/scripts/rt/data/unisim_comp.v:38620]
INFO: [Synth 8-6155] done synthesizing module 'mopshub_board_v2_selectio_wiz_0_0_selectio_wiz' (3#1) [/home/dcs/git/mopshub/Vivado/mopshub_v2/mopshub_board_v2/mopshub_board_v2.gen/sources_1/bd/mopshub_board_v2/ip/mopshub_board_v2_selectio_wiz_0_0/mopshub_board_v2_selectio_wiz_0_0_selectio_wiz.v:56]
INFO: [Synth 8-6155] done synthesizing module 'mopshub_board_v2_selectio_wiz_0_0' (4#1) [/home/dcs/git/mopshub/Vivado/mopshub_v2/mopshub_board_v2/mopshub_board_v2.gen/sources_1/bd/mopshub_board_v2/ip/mopshub_board_v2_selectio_wiz_0_0/mopshub_board_v2_selectio_wiz_0_0.v:58]
---------------------------------------------------------------------------------
Finished RTL Elaboration : Time (s): cpu = 00:00:05 ; elapsed = 00:00:07 . Memory (MB): peak = 2475.336 ; gain = 20.977 ; free physical = 17851 ; free virtual = 29821
---------------------------------------------------------------------------------
---------------------------------------------------------------------------------
Start Handling Custom Attributes
---------------------------------------------------------------------------------
---------------------------------------------------------------------------------
Finished Handling Custom Attributes : Time (s): cpu = 00:00:05 ; elapsed = 00:00:08 . Memory (MB): peak = 2490.176 ; gain = 35.816 ; free physical = 17815 ; free virtual = 29785
---------------------------------------------------------------------------------
---------------------------------------------------------------------------------
Finished RTL Optimization Phase 1 : Time (s): cpu = 00:00:05 ; elapsed = 00:00:08 . Memory (MB): peak = 2490.176 ; gain = 35.816 ; free physical = 17815 ; free virtual = 29785
---------------------------------------------------------------------------------
Netlist sorting complete. Time (s): cpu = 00:00:00 ; elapsed = 00:00:00 . Memory (MB): peak = 2501.082 ; gain = 0.000 ; free physical = 17801 ; free virtual = 29771
INFO: [Netlist 29-17] Analyzing 2 Unisim elements for replacement
INFO: [Netlist 29-28] Unisim Transformation completed in 0 CPU seconds
INFO: [Project 1-570] Preparing netlist for logic optimization

Processing XDC Constraints
Initializing timing engine
Parsing XDC File [/home/dcs/git/mopshub/Vivado/mopshub_v2/mopshub_board_v2/mopshub_board_v2.gen/sources_1/bd/mopshub_board_v2/ip/mopshub_board_v2_selectio_wiz_0_0/mopshub_board_v2_selectio_wiz_0_0_ooc.xdc] for cell 'inst'
Finished Parsing XDC File [/home/dcs/git/mopshub/Vivado/mopshub_v2/mopshub_board_v2/mopshub_board_v2.gen/sources_1/bd/mopshub_board_v2/ip/mopshub_board_v2_selectio_wiz_0_0/mopshub_board_v2_selectio_wiz_0_0_ooc.xdc] for cell 'inst'
INFO: [Project 1-236] Implementation specific constraints were found while reading constraint file [/home/dcs/git/mopshub/Vivado/mopshub_v2/mopshub_board_v2/mopshub_board_v2.gen/sources_1/bd/mopshub_board_v2/ip/mopshub_board_v2_selectio_wiz_0_0/mopshub_board_v2_selectio_wiz_0_0_ooc.xdc]. These constraints will be ignored for synthesis but will be used in implementation. Impacted constraints are listed in the file [.Xil/mopshub_board_v2_selectio_wiz_0_0_propImpl.xdc].
Resolution: To avoid this warning, move constraints listed in [.Xil/mopshub_board_v2_selectio_wiz_0_0_propImpl.xdc] to another XDC file and exclude this new file from synthesis with the used_in_synthesis property (File Properties dialog in GUI) and re-run elaboration/synthesis.
Parsing XDC File [/home/dcs/git/mopshub/Vivado/mopshub_v2/mopshub_board_v2/mopshub_board_v2.gen/sources_1/bd/mopshub_board_v2/ip/mopshub_board_v2_selectio_wiz_0_0/mopshub_board_v2_selectio_wiz_0_0.xdc] for cell 'inst'
Finished Parsing XDC File [/home/dcs/git/mopshub/Vivado/mopshub_v2/mopshub_board_v2/mopshub_board_v2.gen/sources_1/bd/mopshub_board_v2/ip/mopshub_board_v2_selectio_wiz_0_0/mopshub_board_v2_selectio_wiz_0_0.xdc] for cell 'inst'
Parsing XDC File [/home/dcs/git/mopshub/Vivado/mopshub_v2/mopshub_board_v2/mopshub_board_v2.runs/mopshub_board_v2_selectio_wiz_0_0_synth_1/dont_touch.xdc]
Finished Parsing XDC File [/home/dcs/git/mopshub/Vivado/mopshub_v2/mopshub_board_v2/mopshub_board_v2.runs/mopshub_board_v2_selectio_wiz_0_0_synth_1/dont_touch.xdc]
Completed Processing XDC Constraints

Netlist sorting complete. Time (s): cpu = 00:00:00 ; elapsed = 00:00:00 . Memory (MB): peak = 2575.020 ; gain = 0.000 ; free physical = 17658 ; free virtual = 29637
INFO: [Project 1-111] Unisim Transformation Summary:
No Unisim elements were transformed.

Constraint Validation Runtime : Time (s): cpu = 00:00:00.02 ; elapsed = 00:00:00.03 . Memory (MB): peak = 2575.023 ; gain = 0.004 ; free physical = 17649 ; free virtual = 29628
---------------------------------------------------------------------------------
Finished Constraint Validation : Time (s): cpu = 00:00:11 ; elapsed = 00:00:16 . Memory (MB): peak = 2575.023 ; gain = 120.664 ; free physical = 17661 ; free virtual = 29666
---------------------------------------------------------------------------------
---------------------------------------------------------------------------------
Start Loading Part and Timing Information
---------------------------------------------------------------------------------
Loading part: xc7a200tfbg484-2
---------------------------------------------------------------------------------
Finished Loading Part and Timing Information : Time (s): cpu = 00:00:11 ; elapsed = 00:00:16 . Memory (MB): peak = 2575.023 ; gain = 120.664 ; free physical = 17661 ; free virtual = 29666
---------------------------------------------------------------------------------
---------------------------------------------------------------------------------
Start Applying 'set_property' XDC Constraints
---------------------------------------------------------------------------------
Applied set_property KEEP_HIERARCHY = SOFT for inst. (constraint file  /home/dcs/git/mopshub/Vivado/mopshub_v2/mopshub_board_v2/mopshub_board_v2.runs/mopshub_board_v2_selectio_wiz_0_0_synth_1/dont_touch.xdc, line 9).
---------------------------------------------------------------------------------
Finished applying 'set_property' XDC Constraints : Time (s): cpu = 00:00:11 ; elapsed = 00:00:16 . Memory (MB): peak = 2575.023 ; gain = 120.664 ; free physical = 17661 ; free virtual = 29666
---------------------------------------------------------------------------------
---------------------------------------------------------------------------------
Finished RTL Optimization Phase 2 : Time (s): cpu = 00:00:11 ; elapsed = 00:00:16 . Memory (MB): peak = 2575.023 ; gain = 120.664 ; free physical = 17660 ; free virtual = 29665
---------------------------------------------------------------------------------
---------------------------------------------------------------------------------
Start RTL Component Statistics 
---------------------------------------------------------------------------------
Detailed RTL Component Info : 
---------------------------------------------------------------------------------
Finished RTL Component Statistics 
---------------------------------------------------------------------------------
---------------------------------------------------------------------------------
Start Part Resource Summary
---------------------------------------------------------------------------------
Part Resources:
DSPs: 740 (col length:100)
BRAMs: 730 (col length: RAMB18 100 RAMB36 50)
---------------------------------------------------------------------------------
Finished Part Resource Summary
---------------------------------------------------------------------------------
---------------------------------------------------------------------------------
Start Cross Boundary and Area Optimization
---------------------------------------------------------------------------------
---------------------------------------------------------------------------------
Finished Cross Boundary and Area Optimization : Time (s): cpu = 00:00:12 ; elapsed = 00:00:17 . Memory (MB): peak = 2575.023 ; gain = 120.664 ; free physical = 17652 ; free virtual = 29661
---------------------------------------------------------------------------------
---------------------------------------------------------------------------------
Start Applying XDC Timing Constraints
---------------------------------------------------------------------------------
---------------------------------------------------------------------------------
Finished Applying XDC Timing Constraints : Time (s): cpu = 00:00:19 ; elapsed = 00:00:24 . Memory (MB): peak = 2575.023 ; gain = 120.664 ; free physical = 17150 ; free virtual = 29159
---------------------------------------------------------------------------------
---------------------------------------------------------------------------------
Start Timing Optimization
---------------------------------------------------------------------------------
---------------------------------------------------------------------------------
Finished Timing Optimization : Time (s): cpu = 00:00:19 ; elapsed = 00:00:24 . Memory (MB): peak = 2575.023 ; gain = 120.664 ; free physical = 17150 ; free virtual = 29159
---------------------------------------------------------------------------------
---------------------------------------------------------------------------------
Start Technology Mapping
---------------------------------------------------------------------------------
---------------------------------------------------------------------------------
Finished Technology Mapping : Time (s): cpu = 00:00:19 ; elapsed = 00:00:24 . Memory (MB): peak = 2578.031 ; gain = 123.672 ; free physical = 17149 ; free virtual = 29158
---------------------------------------------------------------------------------
---------------------------------------------------------------------------------
Start IO Insertion
---------------------------------------------------------------------------------
---------------------------------------------------------------------------------
Start Flattening Before IO Insertion
---------------------------------------------------------------------------------
---------------------------------------------------------------------------------
Finished Flattening Before IO Insertion
---------------------------------------------------------------------------------
---------------------------------------------------------------------------------
Start Final Netlist Cleanup
---------------------------------------------------------------------------------
---------------------------------------------------------------------------------
Finished Final Netlist Cleanup
---------------------------------------------------------------------------------
---------------------------------------------------------------------------------
Finished IO Insertion : Time (s): cpu = 00:00:21 ; elapsed = 00:00:27 . Memory (MB): peak = 2583.973 ; gain = 129.613 ; free physical = 17171 ; free virtual = 29180
---------------------------------------------------------------------------------
---------------------------------------------------------------------------------
Start Renaming Generated Instances
---------------------------------------------------------------------------------
---------------------------------------------------------------------------------
Finished Renaming Generated Instances : Time (s): cpu = 00:00:21 ; elapsed = 00:00:27 . Memory (MB): peak = 2583.973 ; gain = 129.613 ; free physical = 17171 ; free virtual = 29180
---------------------------------------------------------------------------------
---------------------------------------------------------------------------------
Start Rebuilding User Hierarchy
---------------------------------------------------------------------------------
---------------------------------------------------------------------------------
Finished Rebuilding User Hierarchy : Time (s): cpu = 00:00:21 ; elapsed = 00:00:27 . Memory (MB): peak = 2583.973 ; gain = 129.613 ; free physical = 17171 ; free virtual = 29180
---------------------------------------------------------------------------------
---------------------------------------------------------------------------------
Start Renaming Generated Ports
---------------------------------------------------------------------------------
---------------------------------------------------------------------------------
Finished Renaming Generated Ports : Time (s): cpu = 00:00:21 ; elapsed = 00:00:27 . Memory (MB): peak = 2583.973 ; gain = 129.613 ; free physical = 17171 ; free virtual = 29180
---------------------------------------------------------------------------------
---------------------------------------------------------------------------------
Start Handling Custom Attributes
---------------------------------------------------------------------------------
---------------------------------------------------------------------------------
Finished Handling Custom Attributes : Time (s): cpu = 00:00:21 ; elapsed = 00:00:27 . Memory (MB): peak = 2583.973 ; gain = 129.613 ; free physical = 17171 ; free virtual = 29180
---------------------------------------------------------------------------------
---------------------------------------------------------------------------------
Start Renaming Generated Nets
---------------------------------------------------------------------------------
---------------------------------------------------------------------------------
Finished Renaming Generated Nets : Time (s): cpu = 00:00:21 ; elapsed = 00:00:27 . Memory (MB): peak = 2583.973 ; gain = 129.613 ; free physical = 17171 ; free virtual = 29180
---------------------------------------------------------------------------------
---------------------------------------------------------------------------------
Start Writing Synthesis Report
---------------------------------------------------------------------------------

Report BlackBoxes: 
+-+--------------+----------+
| |BlackBox name |Instances |
+-+--------------+----------+
+-+--------------+----------+

Report Cell Usage: 
+------+----------+------+
|      |Cell      |Count |
+------+----------+------+
|1     |ISERDESE2 |     1|
|2     |LUT1      |     1|
|3     |IBUFDS    |     1|
+------+----------+------+
---------------------------------------------------------------------------------
Finished Writing Synthesis Report : Time (s): cpu = 00:00:21 ; elapsed = 00:00:27 . Memory (MB): peak = 2583.973 ; gain = 129.613 ; free physical = 17171 ; free virtual = 29180
---------------------------------------------------------------------------------
Synthesis finished with 0 errors, 0 critical warnings and 0 warnings.
Synthesis Optimization Runtime : Time (s): cpu = 00:00:19 ; elapsed = 00:00:24 . Memory (MB): peak = 2583.973 ; gain = 44.766 ; free physical = 17223 ; free virtual = 29232
Synthesis Optimization Complete : Time (s): cpu = 00:00:21 ; elapsed = 00:00:27 . Memory (MB): peak = 2583.977 ; gain = 129.613 ; free physical = 17223 ; free virtual = 29232
INFO: [Project 1-571] Translating synthesized netlist
Netlist sorting complete. Time (s): cpu = 00:00:00 ; elapsed = 00:00:00 . Memory (MB): peak = 2583.977 ; gain = 0.000 ; free physical = 17217 ; free virtual = 29226
INFO: [Netlist 29-17] Analyzing 2 Unisim elements for replacement
INFO: [Netlist 29-28] Unisim Transformation completed in 0 CPU seconds
INFO: [Project 1-570] Preparing netlist for logic optimization
INFO: [Opt 31-138] Pushed 1 inverter(s) to 1 load pin(s).
Netlist sorting complete. Time (s): cpu = 00:00:00 ; elapsed = 00:00:00 . Memory (MB): peak = 2594.879 ; gain = 0.000 ; free physical = 17288 ; free virtual = 29293
INFO: [Project 1-111] Unisim Transformation Summary:
No Unisim elements were transformed.

INFO: [Common 17-83] Releasing license: Synthesis
25 Infos, 0 Warnings, 0 Critical Warnings and 0 Errors encountered.
synth_design completed successfully
synth_design: Time (s): cpu = 00:00:31 ; elapsed = 00:00:45 . Memory (MB): peak = 2594.879 ; gain = 146.688 ; free physical = 17416 ; free virtual = 29421
INFO: [Common 17-1381] The checkpoint '/home/dcs/git/mopshub/Vivado/mopshub_v2/mopshub_board_v2/mopshub_board_v2.runs/mopshub_board_v2_selectio_wiz_0_0_synth_1/mopshub_board_v2_selectio_wiz_0_0.dcp' has been generated.
WARNING: [Common 17-576] 'use_project_ipc' is deprecated. This option is deprecated and no longer used.
INFO: [Coretcl 2-1648] Added synthesis output to IP cache for IP mopshub_board_v2_selectio_wiz_0_0, cache-ID = 94b1bf3f780d06a1
INFO: [Common 17-1381] The checkpoint '/home/dcs/git/mopshub/Vivado/mopshub_v2/mopshub_board_v2/mopshub_board_v2.runs/mopshub_board_v2_selectio_wiz_0_0_synth_1/mopshub_board_v2_selectio_wiz_0_0.dcp' has been generated.
INFO: [runtcl-4] Executing : report_utilization -file mopshub_board_v2_selectio_wiz_0_0_utilization_synth.rpt -pb mopshub_board_v2_selectio_wiz_0_0_utilization_synth.pb
INFO: [Common 17-206] Exiting Vivado at Wed Jun 12 23:40:30 2024...
