
*** Running vivado
    with args -log mopshub_board_v1_wrapper.vdi -applog -m64 -product Vivado -messageDb vivado.pb -mode batch -source mopshub_board_v1_wrapper.tcl -notrace


****** Vivado v2020.2 (64-bit)
  **** SW Build 3064766 on Wed Nov 18 09:12:47 MST 2020
  **** IP Build 3064653 on Wed Nov 18 14:17:31 MST 2020
    ** Copyright 1986-2020 Xilinx, Inc. All Rights Reserved.

source mopshub_board_v1_wrapper.tcl -notrace
WARNING: [Common 17-1361] You have specified a new message control rule that is equivalent to an existing rule with attributes ' -id {Synth 8-311}  -string {{WARNING: [Synth 8-311] ignoring non-constant assignment in initial block [/home/dcs/git/mopshub/mopshub_lib/hdl/buffer_rec_spi.v:27]}}  -suppress '. The existing rule will be replaced.
WARNING: [Common 17-1361] You have specified a new message control rule that is equivalent to an existing rule with attributes ' -id {Synth 8-2507}  -string {{WARNING: [Synth 8-2507] parameter declaration becomes local in elink_data_gen_SM with formal parameter declaration list [/home/dcs/git/mopshub/mopshub_lib/hdl/elink_data_gen_sm_fsm.v:95]}}  -suppress '. The existing rule will be replaced.
WARNING: [Common 17-1361] You have specified a new message control rule that is equivalent to an existing rule with attributes ' -id {[BD 41-1306]}  -suppress '. The existing rule will be replaced.
WARNING: [Common 17-1361] You have specified a new message control rule that is equivalent to an existing rule with attributes ' -id {[BD 41-1271]}  -suppress '. The existing rule will be replaced.
Command: link_design -top mopshub_board_v1_wrapper -part xc7a200tfbg484-2
Design is defaulting to srcset: sources_1
Design is defaulting to constrset: constrs_1
INFO: [Device 21-403] Loading part xc7a200tfbg484-2
INFO: [Project 1-454] Reading design checkpoint '/home/dcs/git/mopshub/Vivado/mopshub_v1/mopshub_board_v1/mopshub_board_v1.gen/sources_1/bd/mopshub_board_v1/ip/mopshub_board_v1_clk_wiz_0_0/mopshub_board_v1_clk_wiz_0_0.dcp' for cell 'mopshub_board_v1_i/clk_wiz_0'
INFO: [Project 1-454] Reading design checkpoint '/home/dcs/git/mopshub/Vivado/mopshub_v1/mopshub_board_v1/mopshub_board_v1.gen/sources_1/bd/mopshub_board_v1/ip/mopshub_board_v1_clk_wiz_s1_0/mopshub_board_v1_clk_wiz_s1_0.dcp' for cell 'mopshub_board_v1_i/clk_wiz_s1'
INFO: [Project 1-454] Reading design checkpoint '/home/dcs/git/mopshub/Vivado/mopshub_v1/mopshub_board_v1/mopshub_board_v1.gen/sources_1/bd/mopshub_board_v1/ip/mopshub_board_v1_ila_0_0/mopshub_board_v1_ila_0_0.dcp' for cell 'mopshub_board_v1_i/ila_0'
INFO: [Project 1-454] Reading design checkpoint '/home/dcs/git/mopshub/Vivado/mopshub_v1/mopshub_board_v1/mopshub_board_v1.gen/sources_1/bd/mopshub_board_v1/ip/mopshub_board_v1_mopshub_top_board_16_0_0/mopshub_board_v1_mopshub_top_board_16_0_0.dcp' for cell 'mopshub_board_v1_i/mopshub_top_board_16_0'
INFO: [Project 1-454] Reading design checkpoint '/home/dcs/git/mopshub/Vivado/mopshub_v1/mopshub_board_v1/mopshub_board_v1.gen/sources_1/bd/mopshub_board_v1/ip/mopshub_board_v1_proc_sys_reset_0_0/mopshub_board_v1_proc_sys_reset_0_0.dcp' for cell 'mopshub_board_v1_i/proc_sys_reset_0'
INFO: [Project 1-454] Reading design checkpoint '/home/dcs/git/mopshub/Vivado/mopshub_v1/mopshub_board_v1/mopshub_board_v1.gen/sources_1/bd/mopshub_board_v1/ip/mopshub_board_v1_selectio_wiz_0_0/mopshub_board_v1_selectio_wiz_0_0.dcp' for cell 'mopshub_board_v1_i/selectio_wiz_0'
INFO: [Project 1-454] Reading design checkpoint '/home/dcs/git/mopshub/Vivado/mopshub_v1/mopshub_board_v1/mopshub_board_v1.gen/sources_1/bd/mopshub_board_v1/ip/mopshub_board_v1_selectio_wiz_2_0/mopshub_board_v1_selectio_wiz_2_0.dcp' for cell 'mopshub_board_v1_i/selectio_wiz_2'
INFO: [Project 1-454] Reading design checkpoint '/home/dcs/git/mopshub/Vivado/mopshub_v1/mopshub_board_v1/mopshub_board_v1.gen/sources_1/bd/mopshub_board_v1/ip/mopshub_board_v1_sem_controller_wrapp_0_0/mopshub_board_v1_sem_controller_wrapp_0_0.dcp' for cell 'mopshub_board_v1_i/sem_controller_wrapp_0'
Netlist sorting complete. Time (s): cpu = 00:00:00.36 ; elapsed = 00:00:00.36 . Memory (MB): peak = 2590.391 ; gain = 0.000 ; free physical = 6305 ; free virtual = 11473
INFO: [Netlist 29-17] Analyzing 1389 Unisim elements for replacement
INFO: [Netlist 29-28] Unisim Transformation completed in 0 CPU seconds
INFO: [Project 1-479] Netlist was created with Vivado 2020.2
INFO: [Project 1-570] Preparing netlist for logic optimization
INFO: [Chipscope 16-324] Core: mopshub_board_v1_i/ila_0 UUID: 8a0d8176-6eaa-53fb-a1d6-b15a1759d774 
Parsing XDC File [/home/dcs/git/mopshub/Vivado/mopshub_v1/ip_repo/xadc_wiz_0/xadc_wiz_0.xdc] for cell 'mopshub_board_v1_i/mopshub_top_board_16_0/inst/ip_xadc_wrapper0/xadc_wiz_inst/inst'
Finished Parsing XDC File [/home/dcs/git/mopshub/Vivado/mopshub_v1/ip_repo/xadc_wiz_0/xadc_wiz_0.xdc] for cell 'mopshub_board_v1_i/mopshub_top_board_16_0/inst/ip_xadc_wrapper0/xadc_wiz_inst/inst'
Parsing XDC File [/home/dcs/git/mopshub/Vivado/mopshub_v1/mopshub_board_v1/mopshub_board_v1.gen/sources_1/bd/mopshub_board_v1/ip/mopshub_board_v1_clk_wiz_0_0/mopshub_board_v1_clk_wiz_0_0_board.xdc] for cell 'mopshub_board_v1_i/clk_wiz_0/inst'
Finished Parsing XDC File [/home/dcs/git/mopshub/Vivado/mopshub_v1/mopshub_board_v1/mopshub_board_v1.gen/sources_1/bd/mopshub_board_v1/ip/mopshub_board_v1_clk_wiz_0_0/mopshub_board_v1_clk_wiz_0_0_board.xdc] for cell 'mopshub_board_v1_i/clk_wiz_0/inst'
Parsing XDC File [/home/dcs/git/mopshub/Vivado/mopshub_v1/mopshub_board_v1/mopshub_board_v1.gen/sources_1/bd/mopshub_board_v1/ip/mopshub_board_v1_clk_wiz_0_0/mopshub_board_v1_clk_wiz_0_0.xdc] for cell 'mopshub_board_v1_i/clk_wiz_0/inst'
Finished Parsing XDC File [/home/dcs/git/mopshub/Vivado/mopshub_v1/mopshub_board_v1/mopshub_board_v1.gen/sources_1/bd/mopshub_board_v1/ip/mopshub_board_v1_clk_wiz_0_0/mopshub_board_v1_clk_wiz_0_0.xdc] for cell 'mopshub_board_v1_i/clk_wiz_0/inst'
Parsing XDC File [/home/dcs/git/mopshub/Vivado/mopshub_v1/mopshub_board_v1/mopshub_board_v1.gen/sources_1/bd/mopshub_board_v1/ip/mopshub_board_v1_clk_wiz_s1_0/mopshub_board_v1_clk_wiz_s1_0_board.xdc] for cell 'mopshub_board_v1_i/clk_wiz_s1/inst'
Finished Parsing XDC File [/home/dcs/git/mopshub/Vivado/mopshub_v1/mopshub_board_v1/mopshub_board_v1.gen/sources_1/bd/mopshub_board_v1/ip/mopshub_board_v1_clk_wiz_s1_0/mopshub_board_v1_clk_wiz_s1_0_board.xdc] for cell 'mopshub_board_v1_i/clk_wiz_s1/inst'
Parsing XDC File [/home/dcs/git/mopshub/Vivado/mopshub_v1/mopshub_board_v1/mopshub_board_v1.gen/sources_1/bd/mopshub_board_v1/ip/mopshub_board_v1_clk_wiz_s1_0/mopshub_board_v1_clk_wiz_s1_0.xdc] for cell 'mopshub_board_v1_i/clk_wiz_s1/inst'
INFO: [Timing 38-35] Done setting XDC timing constraints. [/home/dcs/git/mopshub/Vivado/mopshub_v1/mopshub_board_v1/mopshub_board_v1.gen/sources_1/bd/mopshub_board_v1/ip/mopshub_board_v1_clk_wiz_s1_0/mopshub_board_v1_clk_wiz_s1_0.xdc:57]
INFO: [Timing 38-2] Deriving generated clocks [/home/dcs/git/mopshub/Vivado/mopshub_v1/mopshub_board_v1/mopshub_board_v1.gen/sources_1/bd/mopshub_board_v1/ip/mopshub_board_v1_clk_wiz_s1_0/mopshub_board_v1_clk_wiz_s1_0.xdc:57]
get_clocks: Time (s): cpu = 00:00:09 ; elapsed = 00:00:08 . Memory (MB): peak = 3130.055 ; gain = 539.664 ; free physical = 5726 ; free virtual = 10903
Finished Parsing XDC File [/home/dcs/git/mopshub/Vivado/mopshub_v1/mopshub_board_v1/mopshub_board_v1.gen/sources_1/bd/mopshub_board_v1/ip/mopshub_board_v1_clk_wiz_s1_0/mopshub_board_v1_clk_wiz_s1_0.xdc] for cell 'mopshub_board_v1_i/clk_wiz_s1/inst'
Parsing XDC File [/home/dcs/git/mopshub/Vivado/mopshub_v1/mopshub_board_v1/mopshub_board_v1.gen/sources_1/bd/mopshub_board_v1/ip/mopshub_board_v1_ila_0_0/ila_v6_2/constraints/ila_impl.xdc] for cell 'mopshub_board_v1_i/ila_0/inst'
Finished Parsing XDC File [/home/dcs/git/mopshub/Vivado/mopshub_v1/mopshub_board_v1/mopshub_board_v1.gen/sources_1/bd/mopshub_board_v1/ip/mopshub_board_v1_ila_0_0/ila_v6_2/constraints/ila_impl.xdc] for cell 'mopshub_board_v1_i/ila_0/inst'
Parsing XDC File [/home/dcs/git/mopshub/Vivado/mopshub_v1/mopshub_board_v1/mopshub_board_v1.gen/sources_1/bd/mopshub_board_v1/ip/mopshub_board_v1_ila_0_0/ila_v6_2/constraints/ila.xdc] for cell 'mopshub_board_v1_i/ila_0/inst'
Finished Parsing XDC File [/home/dcs/git/mopshub/Vivado/mopshub_v1/mopshub_board_v1/mopshub_board_v1.gen/sources_1/bd/mopshub_board_v1/ip/mopshub_board_v1_ila_0_0/ila_v6_2/constraints/ila.xdc] for cell 'mopshub_board_v1_i/ila_0/inst'
Parsing XDC File [/home/dcs/git/mopshub/Vivado/mopshub_v1/mopshub_board_v1/mopshub_board_v1.gen/sources_1/bd/mopshub_board_v1/ip/mopshub_board_v1_proc_sys_reset_0_0/mopshub_board_v1_proc_sys_reset_0_0_board.xdc] for cell 'mopshub_board_v1_i/proc_sys_reset_0/U0'
Finished Parsing XDC File [/home/dcs/git/mopshub/Vivado/mopshub_v1/mopshub_board_v1/mopshub_board_v1.gen/sources_1/bd/mopshub_board_v1/ip/mopshub_board_v1_proc_sys_reset_0_0/mopshub_board_v1_proc_sys_reset_0_0_board.xdc] for cell 'mopshub_board_v1_i/proc_sys_reset_0/U0'
Parsing XDC File [/home/dcs/git/mopshub/Vivado/mopshub_v1/mopshub_board_v1/mopshub_board_v1.gen/sources_1/bd/mopshub_board_v1/ip/mopshub_board_v1_proc_sys_reset_0_0/mopshub_board_v1_proc_sys_reset_0_0.xdc] for cell 'mopshub_board_v1_i/proc_sys_reset_0/U0'
Finished Parsing XDC File [/home/dcs/git/mopshub/Vivado/mopshub_v1/mopshub_board_v1/mopshub_board_v1.gen/sources_1/bd/mopshub_board_v1/ip/mopshub_board_v1_proc_sys_reset_0_0/mopshub_board_v1_proc_sys_reset_0_0.xdc] for cell 'mopshub_board_v1_i/proc_sys_reset_0/U0'
Parsing XDC File [/home/dcs/git/mopshub/Vivado/mopshub_v1/mopshub_board_v1/mopshub_board_v1.gen/sources_1/bd/mopshub_board_v1/ip/mopshub_board_v1_selectio_wiz_0_0/mopshub_board_v1_selectio_wiz_0_0.xdc] for cell 'mopshub_board_v1_i/selectio_wiz_0/inst'
Finished Parsing XDC File [/home/dcs/git/mopshub/Vivado/mopshub_v1/mopshub_board_v1/mopshub_board_v1.gen/sources_1/bd/mopshub_board_v1/ip/mopshub_board_v1_selectio_wiz_0_0/mopshub_board_v1_selectio_wiz_0_0.xdc] for cell 'mopshub_board_v1_i/selectio_wiz_0/inst'
Parsing XDC File [/home/dcs/git/mopshub/Vivado/mopshub_v1/mopshub_board_v1/mopshub_board_v1.gen/sources_1/bd/mopshub_board_v1/ip/mopshub_board_v1_selectio_wiz_2_0/mopshub_board_v1_selectio_wiz_2_0.xdc] for cell 'mopshub_board_v1_i/selectio_wiz_2/inst'
Finished Parsing XDC File [/home/dcs/git/mopshub/Vivado/mopshub_v1/mopshub_board_v1/mopshub_board_v1.gen/sources_1/bd/mopshub_board_v1/ip/mopshub_board_v1_selectio_wiz_2_0/mopshub_board_v1_selectio_wiz_2_0.xdc] for cell 'mopshub_board_v1_i/selectio_wiz_2/inst'
Parsing XDC File [/home/dcs/git/mopshub/Vivado/mopshub_v1/src/constrs_1/multiboot_specifications.xdc]
CRITICAL WARNING: [Designutils 20-1307] Command 'current_project' is not supported in the xdc constraint file. [/home/dcs/git/mopshub/Vivado/mopshub_v1/src/constrs_1/multiboot_specifications.xdc:5]
CRITICAL WARNING: [Netlist 29-177] Cannot set property 'BITSTREAM.CONFIG_MODE' because the property does not exist. [/home/dcs/git/mopshub/Vivado/mopshub_v1/src/constrs_1/multiboot_specifications.xdc:15]
Resolution: Create this property using create_property command before setting it.
CRITICAL WARNING: [Vivado 12-1433] Expecting a non-empty list of cells to be added to the pblock.  Please verify the correctness of the <cells> argument. [/home/dcs/git/mopshub/Vivado/mopshub_v1/src/constrs_1/multiboot_specifications.xdc:28]
WARNING: [Vivado 12-180] No cells matched 'mopshub_design_16bus_new_i/sem_controller_wrapp_0/inst/sem_0_sem_controller0'. [/home/dcs/git/mopshub/Vivado/mopshub_v1/src/constrs_1/multiboot_specifications.xdc:29]
CRITICAL WARNING: [Vivado 12-1433] Expecting a non-empty list of cells to be added to the pblock.  Please verify the correctness of the <cells> argument. [/home/dcs/git/mopshub/Vivado/mopshub_v1/src/constrs_1/multiboot_specifications.xdc:29]
WARNING: [Vivado 12-180] No cells matched 'mopshub_design_16bus_new_i/sem_controller_wrapp_0/inst/sem_0_sem_cfg0/frame_ecc_init0'. [/home/dcs/git/mopshub/Vivado/mopshub_v1/src/constrs_1/multiboot_specifications.xdc:32]
CRITICAL WARNING: [Common 17-55] 'set_property' expects at least one object. [/home/dcs/git/mopshub/Vivado/mopshub_v1/src/constrs_1/multiboot_specifications.xdc:32]
Resolution: If [get_<value>] was used to populate the object, check to make sure this command returns at least one valid object.
WARNING: [Vivado 12-180] No cells matched 'mopshub_design_16bus_new_i/sem_controller_wrapp_0/inst/sem_0_sem_cfg0/icap_init0'. [/home/dcs/git/mopshub/Vivado/mopshub_v1/src/constrs_1/multiboot_specifications.xdc:33]
CRITICAL WARNING: [Common 17-55] 'set_property' expects at least one object. [/home/dcs/git/mopshub/Vivado/mopshub_v1/src/constrs_1/multiboot_specifications.xdc:33]
Resolution: If [get_<value>] was used to populate the object, check to make sure this command returns at least one valid object.
Finished Parsing XDC File [/home/dcs/git/mopshub/Vivado/mopshub_v1/src/constrs_1/multiboot_specifications.xdc]
Parsing XDC File [/home/dcs/git/mopshub/Vivado/mopshub_v1/src/constrs_1/mopshub_board_16bus_v1.xdc]
CRITICAL WARNING: [Designutils 20-1307] Command 'get_portsclk_sys_clk_p' is not supported in the xdc constraint file. [/home/dcs/git/mopshub/Vivado/mopshub_v1/src/constrs_1/mopshub_board_16bus_v1.xdc:61]
WARNING: [Vivado 12-507] No nets matched 'mopshub_design_16bus_i/mopshub_top_board_16_0/inst/seu_shift_combined0/clk'. [/home/dcs/git/mopshub/Vivado/mopshub_v1/src/constrs_1/mopshub_board_16bus_v1.xdc:223]
CRITICAL WARNING: [Common 17-55] 'set_property' expects at least one object. [/home/dcs/git/mopshub/Vivado/mopshub_v1/src/constrs_1/mopshub_board_16bus_v1.xdc:223]
Resolution: If [get_<value>] was used to populate the object, check to make sure this command returns at least one valid object.
CRITICAL WARNING: [Designutils 20-1307] Command 'current_project' is not supported in the xdc constraint file. [/home/dcs/git/mopshub/Vivado/mopshub_v1/src/constrs_1/mopshub_board_16bus_v1.xdc:229]
CRITICAL WARNING: [Vivado 12-795] Pblock 'SEM_CONTROLLER' already exists. [/home/dcs/git/mopshub/Vivado/mopshub_v1/src/constrs_1/mopshub_board_16bus_v1.xdc:250]
CRITICAL WARNING: [Vivado 12-1433] Expecting a non-empty list of cells to be added to the pblock.  Please verify the correctness of the <cells> argument. [/home/dcs/git/mopshub/Vivado/mopshub_v1/src/constrs_1/mopshub_board_16bus_v1.xdc:251]
WARNING: [Vivado 12-180] No cells matched 'mopshub_design_16bus_i/sem_controller_wrapp_0/inst/sem_0_sem_controller0'. [/home/dcs/git/mopshub/Vivado/mopshub_v1/src/constrs_1/mopshub_board_16bus_v1.xdc:252]
CRITICAL WARNING: [Vivado 12-1433] Expecting a non-empty list of cells to be added to the pblock.  Please verify the correctness of the <cells> argument. [/home/dcs/git/mopshub/Vivado/mopshub_v1/src/constrs_1/mopshub_board_16bus_v1.xdc:252]
WARNING: [Vivado 12-180] No cells matched 'mopshub_design_16bus_i/sem_controller_wrapp_0/inst/sem_0_sem_cfg0/frame_ecc_init0'. [/home/dcs/git/mopshub/Vivado/mopshub_v1/src/constrs_1/mopshub_board_16bus_v1.xdc:255]
CRITICAL WARNING: [Common 17-55] 'set_property' expects at least one object. [/home/dcs/git/mopshub/Vivado/mopshub_v1/src/constrs_1/mopshub_board_16bus_v1.xdc:255]
Resolution: If [get_<value>] was used to populate the object, check to make sure this command returns at least one valid object.
WARNING: [Vivado 12-180] No cells matched 'mopshub_design_16bus_i/sem_controller_wrapp_0/inst/sem_0_sem_cfg0/icap_init0'. [/home/dcs/git/mopshub/Vivado/mopshub_v1/src/constrs_1/mopshub_board_16bus_v1.xdc:256]
CRITICAL WARNING: [Common 17-55] 'set_property' expects at least one object. [/home/dcs/git/mopshub/Vivado/mopshub_v1/src/constrs_1/mopshub_board_16bus_v1.xdc:256]
Resolution: If [get_<value>] was used to populate the object, check to make sure this command returns at least one valid object.
Finished Parsing XDC File [/home/dcs/git/mopshub/Vivado/mopshub_v1/src/constrs_1/mopshub_board_16bus_v1.xdc]
INFO: [Opt 31-138] Pushed 0 inverter(s) to 0 load pin(s).
Netlist sorting complete. Time (s): cpu = 00:00:00.01 ; elapsed = 00:00:00.02 . Memory (MB): peak = 3130.055 ; gain = 0.000 ; free physical = 5761 ; free virtual = 10939
INFO: [Project 1-111] Unisim Transformation Summary:
  A total of 88 instances were transformed.
  CFGLUT5 => CFGLUT5 (SRL16E, SRLC32E): 60 instances
  OBUFDS => OBUFDS_DUAL_BUF (INV, OBUFDS(x2)): 2 instances
  RAM16X1D => RAM32X1D (RAMD32(x2)): 8 instances
  RAM32X1S => RAM32X1S (RAMS32): 10 instances
  RAM64X1S => RAM64X1S (RAMS64E): 8 instances

18 Infos, 11 Warnings, 14 Critical Warnings and 0 Errors encountered.
link_design completed successfully
link_design: Time (s): cpu = 00:00:24 ; elapsed = 00:00:39 . Memory (MB): peak = 3130.055 ; gain = 539.664 ; free physical = 5762 ; free virtual = 10939
Command: opt_design
Attempting to get a license for feature 'Implementation' and/or device 'xc7a200t'
INFO: [Common 17-349] Got license for feature 'Implementation' and/or device 'xc7a200t'
Running DRC as a precondition to command opt_design

Starting DRC Task
INFO: [DRC 23-27] Running DRC with 8 threads
INFO: [Project 1-461] DRC finished with 0 Errors
INFO: [Project 1-462] Please refer to the DRC report (report_drc) for more information.

Time (s): cpu = 00:00:02 ; elapsed = 00:00:01 . Memory (MB): peak = 3194.090 ; gain = 64.031 ; free physical = 5749 ; free virtual = 10927

Starting Cache Timing Information Task
INFO: [Timing 38-35] Done setting XDC timing constraints.
Ending Cache Timing Information Task | Checksum: 12c6d1558

Time (s): cpu = 00:00:03 ; elapsed = 00:00:01 . Memory (MB): peak = 3194.090 ; gain = 0.000 ; free physical = 5707 ; free virtual = 10885

Starting Logic Optimization Task

Phase 1 Generate And Synthesize Debug Cores
INFO: [Chipscope 16-329] Generating Script for core instance : dbg_hub 
INFO: [IP_Flow 19-3806] Processing IP xilinx.com:ip:xsdbm:3.0 for cell dbg_hub_CV.
