Copyright 1986-2020 Xilinx, Inc. All Rights Reserved.
----------------------------------------------------------------------------------------------------------------------------------------------------------------------------------------------
| Tool Version     : Vivado v.2020.2 (lin64) Build 3064766 Wed Nov 18 09:12:47 MST 2020
| Date             : Tue Mar 26 12:49:23 2024
| Host             : chipdev2.physik.uni-wuppertal.de running 64-bit unknown
| Command          : report_power -file mopshub_board_v2_wrapper_power_routed.rpt -pb mopshub_board_v2_wrapper_power_summary_routed.pb -rpx mopshub_board_v2_wrapper_power_routed.rpx
| Design           : mopshub_board_v2_wrapper
| Device           : xc7a200tfbg484-2
| Design State     : routed
| Grade            : commercial
| Process          : typical
| Characterization : Production
----------------------------------------------------------------------------------------------------------------------------------------------------------------------------------------------

Power Report

Table of Contents
-----------------
1. Summary
1.1 On-Chip Components
1.2 Power Supply Summary
1.3 Confidence Level
2. Settings
2.1 Environment
2.2 Clock Constraints
3. Detailed Reports
3.1 By Hierarchy

1. Summary
----------

+--------------------------+--------------+
| Total On-Chip Power (W)  | 0.644        |
| Design Power Budget (W)  | Unspecified* |
| Power Budget Margin (W)  | NA           |
| Dynamic (W)              | 0.488        |
| Device Static (W)        | 0.156        |
| Effective TJA (C/W)      | 2.5          |
| Max Ambient (C)          | 83.4         |
| Junction Temperature (C) | 26.6         |
| Confidence Level         | Low          |
| Setting File             | ---          |
| Simulation Activity File | ---          |
| Design Nets Matched      | NA           |
+--------------------------+--------------+
* Specify Design Power Budget using, set_operating_conditions -design_power_budget <value in Watts>


1.1 On-Chip Components
----------------------

+--------------------------+-----------+----------+-----------+-----------------+
| On-Chip                  | Power (W) | Used     | Available | Utilization (%) |
+--------------------------+-----------+----------+-----------+-----------------+
| Clocks                   |     0.039 |       15 |       --- |             --- |
| Slice Logic              |     0.019 |    51400 |       --- |             --- |
|   LUT as Logic           |     0.018 |    24550 |    133800 |           18.35 |
|   Register               |    <0.001 |    18881 |    267600 |            7.06 |
|   CARRY4                 |    <0.001 |      438 |     33450 |            1.31 |
|   LUT as Shift Register  |    <0.001 |      432 |     46200 |            0.94 |
|   LUT as Distributed RAM |    <0.001 |      178 |     46200 |            0.39 |
|   F7/F8 Muxes            |    <0.001 |      870 |    133800 |            0.65 |
|   BUFG                   |    <0.001 |        1 |        32 |            3.13 |
|   Others                 |     0.000 |     1738 |       --- |             --- |
| Signals                  |     0.033 |    39870 |       --- |             --- |
| Block RAM                |     0.050 |    185.5 |       365 |           50.82 |
| MMCM                     |     0.334 |        3 |        10 |           30.00 |
| I/O                      |     0.012 |       92 |       285 |           32.28 |
| XADC                     |    <0.001 |        1 |       --- |             --- |
| Static Power             |     0.156 |          |           |                 |
| Total                    |     0.644 |          |           |                 |
+--------------------------+-----------+----------+-----------+-----------------+


1.2 Power Supply Summary
------------------------

+-----------+-------------+-----------+-------------+------------+-------------+-------------+------------+
| Source    | Voltage (V) | Total (A) | Dynamic (A) | Static (A) | Powerup (A) | Budget (A)  | Margin (A) |
+-----------+-------------+-----------+-------------+------------+-------------+-------------+------------+
| Vccint    |       1.000 |     0.177 |       0.141 |      0.036 |       NA    | Unspecified | NA         |
| Vccaux    |       1.800 |     0.216 |       0.186 |      0.031 |       NA    | Unspecified | NA         |
| Vcco33    |       3.300 |     0.007 |       0.002 |      0.005 |       NA    | Unspecified | NA         |
| Vcco25    |       2.500 |     0.000 |       0.000 |      0.000 |       NA    | Unspecified | NA         |
| Vcco18    |       1.800 |     0.000 |       0.000 |      0.000 |       NA    | Unspecified | NA         |
| Vcco15    |       1.500 |     0.007 |       0.002 |      0.005 |       NA    | Unspecified | NA         |
| Vcco135   |       1.350 |     0.000 |       0.000 |      0.000 |       NA    | Unspecified | NA         |
| Vcco12    |       1.200 |     0.000 |       0.000 |      0.000 |       NA    | Unspecified | NA         |
| Vccaux_io |       1.800 |     0.000 |       0.000 |      0.000 |       NA    | Unspecified | NA         |
| Vccbram   |       1.000 |     0.008 |       0.003 |      0.005 |       NA    | Unspecified | NA         |
| MGTAVcc   |       1.000 |     0.000 |       0.000 |      0.000 |       NA    | Unspecified | NA         |
| MGTAVtt   |       1.200 |     0.000 |       0.000 |      0.000 |       NA    | Unspecified | NA         |
| Vccadc    |       1.800 |     0.020 |       0.000 |      0.020 |       NA    | Unspecified | NA         |
+-----------+-------------+-----------+-------------+------------+-------------+-------------+------------+


1.3 Confidence Level
--------------------

+-----------------------------+------------+--------------------------------------------------------+------------------------------------------------------------------------------------------------------------+
| User Input Data             | Confidence | Details                                                | Action                                                                                                     |
+-----------------------------+------------+--------------------------------------------------------+------------------------------------------------------------------------------------------------------------+
| Design implementation state | High       | Design is routed                                       |                                                                                                            |
| Clock nodes activity        | High       | User specified more than 95% of clocks                 |                                                                                                            |
| I/O nodes activity          | Low        | More than 75% of inputs are missing user specification | Provide missing input activity with simulation results or by editing the "By Resource Type -> I/Os" view   |
| Internal nodes activity     | Medium     | User specified less than 25% of internal nodes         | Provide missing internal nodes activity with simulation results or by editing the "By Resource Type" views |
| Device models               | High       | Device models are Production                           |                                                                                                            |
|                             |            |                                                        |                                                                                                            |
| Overall confidence level    | Low        |                                                        |                                                                                                            |
+-----------------------------+------------+--------------------------------------------------------+------------------------------------------------------------------------------------------------------------+


2. Settings
-----------

2.1 Environment
---------------

+-----------------------+--------------------------+
| Ambient Temp (C)      | 25.0                     |
| ThetaJA (C/W)         | 2.5                      |
| Airflow (LFM)         | 250                      |
| Heat Sink             | medium (Medium Profile)  |
| ThetaSA (C/W)         | 4.2                      |
| Board Selection       | medium (10"x10")         |
| # of Board Layers     | 12to15 (12 to 15 Layers) |
| Board Temperature (C) | 25.0                     |
+-----------------------+--------------------------+


2.2 Clock Constraints
---------------------

+--------------------------------------------------------------------------------------------+----------------------------------------------------------------------------+-----------------+
| Clock                                                                                      | Domain                                                                     | Constraint (ns) |
+--------------------------------------------------------------------------------------------+----------------------------------------------------------------------------+-----------------+
| clk_100_mopshub_board_v2_clk_wiz_0_0                                                       | mopshub_board_v2_i/clk_wiz_0/inst/clk_100_mopshub_board_v2_clk_wiz_0_0     |            10.0 |
| clk_40_mopshub_board_v2_clk_wiz_s_0                                                        | mopshub_board_v2_i/clk_wiz_s/inst/clk_40_mopshub_board_v2_clk_wiz_s_0      |            25.0 |
| clk_elink_mopshub_board_v2_clk_wiz_s1_0                                                    | mopshub_board_v2_i/clk_wiz_s1/inst/clk_elink_mopshub_board_v2_clk_wiz_s1_0 |            25.0 |
| clk_ext_clk_p                                                                              | clk_ext_clk_p                                                              |            12.5 |
| clk_m_mopshub_board_v2_clk_wiz_s_0                                                         | mopshub_board_v2_i/clk_wiz_s/inst/clk_m_mopshub_board_v2_clk_wiz_s_0       |            12.5 |
| clk_rx_m_mopshub_board_v2_clk_wiz_s1_0                                                     | mopshub_board_v2_i/clk_wiz_s1/inst/clk_rx_m_mopshub_board_v2_clk_wiz_s1_0  |             6.2 |
| clk_sys                                                                                    | clk_sys                                                                    |            25.0 |
| clk_tx_m_mopshub_board_v2_clk_wiz_s1_0                                                     | mopshub_board_v2_i/clk_wiz_s1/inst/clk_tx_m_mopshub_board_v2_clk_wiz_s1_0  |            12.5 |
| clk_uart_mopshub_board_v2_clk_wiz_s_0                                                      | mopshub_board_v2_i/clk_wiz_s/inst/clk_uart_mopshub_board_v2_clk_wiz_s_0    |            86.8 |
| clkfbout_mopshub_board_v2_clk_wiz_0_0                                                      | mopshub_board_v2_i/clk_wiz_0/inst/clkfbout_mopshub_board_v2_clk_wiz_0_0    |            25.0 |
| clkfbout_mopshub_board_v2_clk_wiz_s1_0                                                     | mopshub_board_v2_i/clk_wiz_s1/inst/clkfbout_mopshub_board_v2_clk_wiz_s1_0  |            12.5 |
| clkfbout_mopshub_board_v2_clk_wiz_s_0                                                      | mopshub_board_v2_i/clk_wiz_s/inst/clkfbout_mopshub_board_v2_clk_wiz_s_0    |            25.0 |
| dbg_hub/inst/BSCANID.u_xsdbm_id/SWITCH_N_EXT_BSCAN.bscan_inst/SERIES7_BSCAN.bscan_inst/TCK | dbg_hub/inst/BSCANID.u_xsdbm_id/SWITCH_N_EXT_BSCAN.bscan_inst/tck_bs       |            33.0 |
+--------------------------------------------------------------------------------------------+----------------------------------------------------------------------------+-----------------+


3. Detailed Reports
-------------------

3.1 By Hierarchy
----------------

+----------------------------+-----------+
| Name                       | Power (W) |
+----------------------------+-----------+
| mopshub_board_v2_wrapper   |     0.488 |
|   dbg_hub                  |     0.002 |
|     inst                   |     0.002 |
|       BSCANID.u_xsdbm_id   |     0.002 |
|   mopshub_board_v2_i       |     0.478 |
|     clk_wiz_0              |     0.105 |
|       inst                 |     0.105 |
|     clk_wiz_s              |     0.125 |
|       inst                 |     0.125 |
|     clk_wiz_s1             |     0.106 |
|       inst                 |     0.106 |
|     ila_0                  |     0.003 |
|       inst                 |     0.003 |
|     ila_1                  |     0.007 |
|       inst                 |     0.007 |
|     mopshub_top_board_16_0 |     0.083 |
|       inst                 |     0.083 |
|     selectio_wiz_0         |     0.001 |
|       inst                 |     0.001 |
|     selectio_wiz_2         |     0.002 |
|       inst                 |     0.002 |
|     sem_controller_wrapp_0 |     0.047 |
|       inst                 |     0.047 |
+----------------------------+-----------+


