
*** Running vivado
    with args -log mopshub_board_v3_ip_buf_0_0.vds -m64 -product Vivado -mode batch -messageDb vivado.pb -notrace -source mopshub_board_v3_ip_buf_0_0.tcl


****** Vivado v2020.2 (64-bit)
  **** SW Build 3064766 on Wed Nov 18 09:12:47 MST 2020
  **** IP Build 3064653 on Wed Nov 18 14:17:31 MST 2020
    ** Copyright 1986-2020 Xilinx, Inc. All Rights Reserved.

source mopshub_board_v3_ip_buf_0_0.tcl -notrace
create_project: Time (s): cpu = 00:00:03 ; elapsed = 00:00:05 . Memory (MB): peak = 2449.188 ; gain = 2.023 ; free physical = 10411 ; free virtual = 24392
Command: synth_design -top mopshub_board_v3_ip_buf_0_0 -part xc7a200tfbg484-2 -mode out_of_context
Starting synth_design
WARNING: [IP_Flow 19-3571] IP 'mopshub_board_v3_ip_buf_0_0' is restricted:
* Module reference is stale and needs refreshing.
Attempting to get a license for feature 'Synthesis' and/or device 'xc7a200t'
INFO: [Common 17-349] Got license for feature 'Synthesis' and/or device 'xc7a200t'
INFO: [Device 21-403] Loading part xc7a200tfbg484-2
INFO: [Synth 8-7079] Multithreading enabled for synth_design using a maximum of 4 processes.
INFO: [Synth 8-7078] Launching helper process for spawning children vivado processes
INFO: [Synth 8-7075] Helper process launched with PID 15730
---------------------------------------------------------------------------------
Starting RTL Elaboration : Time (s): cpu = 00:00:03 ; elapsed = 00:00:05 . Memory (MB): peak = 2455.355 ; gain = 0.000 ; free physical = 8090 ; free virtual = 22071
---------------------------------------------------------------------------------
INFO: [Synth 8-6157] synthesizing module 'mopshub_board_v3_ip_buf_0_0' [/home/dcs/git/mopshub/Vivado/mopshub_v3/mopshub_board_v3/mopshub_board_v3.gen/sources_1/bd/mopshub_board_v3/ip/mopshub_board_v3_ip_buf_0_0/synth/mopshub_board_v3_ip_buf_0_0.v:58]
INFO: [Synth 8-6157] synthesizing module 'ip_buf' [/home/dcs/git/mopshub/mopshub_lib/hdl/ip_buf.v:23]
INFO: [Synth 8-6157] synthesizing module 'IBUF' [/mnt/storage/sw/Xilinx/Vivado/2020.2/scripts/rt/data/unisim_comp.v:32983]
	Parameter CAPACITANCE bound to: DONT_CARE - type: string 
	Parameter IBUF_DELAY_VALUE bound to: 0 - type: string 
	Parameter IBUF_LOW_PWR bound to: TRUE - type: string 
	Parameter IFD_DELAY_VALUE bound to: AUTO - type: string 
	Parameter IOSTANDARD bound to: LVCMOS33 - type: string 
INFO: [Synth 8-6155] done synthesizing module 'IBUF' (1#1) [/mnt/storage/sw/Xilinx/Vivado/2020.2/scripts/rt/data/unisim_comp.v:32983]
INFO: [Synth 8-6155] done synthesizing module 'ip_buf' (2#1) [/home/dcs/git/mopshub/mopshub_lib/hdl/ip_buf.v:23]
INFO: [Synth 8-6155] done synthesizing module 'mopshub_board_v3_ip_buf_0_0' (3#1) [/home/dcs/git/mopshub/Vivado/mopshub_v3/mopshub_board_v3/mopshub_board_v3.gen/sources_1/bd/mopshub_board_v3/ip/mopshub_board_v3_ip_buf_0_0/synth/mopshub_board_v3_ip_buf_0_0.v:58]
---------------------------------------------------------------------------------
Finished RTL Elaboration : Time (s): cpu = 00:00:04 ; elapsed = 00:00:07 . Memory (MB): peak = 2474.332 ; gain = 18.977 ; free physical = 7471 ; free virtual = 21452
---------------------------------------------------------------------------------
---------------------------------------------------------------------------------
Start Handling Custom Attributes
---------------------------------------------------------------------------------
---------------------------------------------------------------------------------
Finished Handling Custom Attributes : Time (s): cpu = 00:00:05 ; elapsed = 00:00:07 . Memory (MB): peak = 2489.172 ; gain = 33.816 ; free physical = 7064 ; free virtual = 21045
---------------------------------------------------------------------------------
---------------------------------------------------------------------------------
Finished RTL Optimization Phase 1 : Time (s): cpu = 00:00:05 ; elapsed = 00:00:07 . Memory (MB): peak = 2489.172 ; gain = 33.816 ; free physical = 7064 ; free virtual = 21045
---------------------------------------------------------------------------------
Netlist sorting complete. Time (s): cpu = 00:00:00 ; elapsed = 00:00:00 . Memory (MB): peak = 2495.109 ; gain = 0.000 ; free physical = 7025 ; free virtual = 21006
INFO: [Project 1-570] Preparing netlist for logic optimization

Processing XDC Constraints
Initializing timing engine
Completed Processing XDC Constraints

Netlist sorting complete. Time (s): cpu = 00:00:00 ; elapsed = 00:00:00 . Memory (MB): peak = 2568.047 ; gain = 0.000 ; free physical = 7397 ; free virtual = 21378
INFO: [Project 1-111] Unisim Transformation Summary:
No Unisim elements were transformed.

Constraint Validation Runtime : Time (s): cpu = 00:00:00.02 ; elapsed = 00:00:00.04 . Memory (MB): peak = 2568.051 ; gain = 0.004 ; free physical = 7346 ; free virtual = 21327
---------------------------------------------------------------------------------
Finished Constraint Validation : Time (s): cpu = 00:00:10 ; elapsed = 00:00:15 . Memory (MB): peak = 2568.051 ; gain = 112.695 ; free physical = 8005 ; free virtual = 21990
---------------------------------------------------------------------------------
---------------------------------------------------------------------------------
Start Loading Part and Timing Information
---------------------------------------------------------------------------------
Loading part: xc7a200tfbg484-2
---------------------------------------------------------------------------------
Finished Loading Part and Timing Information : Time (s): cpu = 00:00:10 ; elapsed = 00:00:15 . Memory (MB): peak = 2568.051 ; gain = 112.695 ; free physical = 8005 ; free virtual = 21990
---------------------------------------------------------------------------------
---------------------------------------------------------------------------------
Start Applying 'set_property' XDC Constraints
---------------------------------------------------------------------------------
---------------------------------------------------------------------------------
Finished applying 'set_property' XDC Constraints : Time (s): cpu = 00:00:10 ; elapsed = 00:00:15 . Memory (MB): peak = 2568.051 ; gain = 112.695 ; free physical = 8006 ; free virtual = 21992
---------------------------------------------------------------------------------
---------------------------------------------------------------------------------
Finished RTL Optimization Phase 2 : Time (s): cpu = 00:00:11 ; elapsed = 00:00:15 . Memory (MB): peak = 2568.051 ; gain = 112.695 ; free physical = 8029 ; free virtual = 22015
---------------------------------------------------------------------------------
---------------------------------------------------------------------------------
Start RTL Component Statistics 
---------------------------------------------------------------------------------
Detailed RTL Component Info : 
---------------------------------------------------------------------------------
Finished RTL Component Statistics 
---------------------------------------------------------------------------------
---------------------------------------------------------------------------------
Start Part Resource Summary
---------------------------------------------------------------------------------
Part Resources:
DSPs: 740 (col length:100)
BRAMs: 730 (col length: RAMB18 100 RAMB36 50)
---------------------------------------------------------------------------------
Finished Part Resource Summary
---------------------------------------------------------------------------------
---------------------------------------------------------------------------------
Start Cross Boundary and Area Optimization
---------------------------------------------------------------------------------
---------------------------------------------------------------------------------
Finished Cross Boundary and Area Optimization : Time (s): cpu = 00:00:11 ; elapsed = 00:00:16 . Memory (MB): peak = 2568.051 ; gain = 112.695 ; free physical = 7969 ; free virtual = 21958
---------------------------------------------------------------------------------
---------------------------------------------------------------------------------
Start Applying XDC Timing Constraints
---------------------------------------------------------------------------------
---------------------------------------------------------------------------------
Finished Applying XDC Timing Constraints : Time (s): cpu = 00:00:16 ; elapsed = 00:00:21 . Memory (MB): peak = 2568.051 ; gain = 112.695 ; free physical = 7860 ; free virtual = 21852
---------------------------------------------------------------------------------
---------------------------------------------------------------------------------
Start Timing Optimization
---------------------------------------------------------------------------------
---------------------------------------------------------------------------------
Finished Timing Optimization : Time (s): cpu = 00:00:16 ; elapsed = 00:00:21 . Memory (MB): peak = 2568.051 ; gain = 112.695 ; free physical = 7859 ; free virtual = 21852
---------------------------------------------------------------------------------
---------------------------------------------------------------------------------
Start Technology Mapping
---------------------------------------------------------------------------------
---------------------------------------------------------------------------------
Finished Technology Mapping : Time (s): cpu = 00:00:16 ; elapsed = 00:00:21 . Memory (MB): peak = 2568.051 ; gain = 112.695 ; free physical = 7857 ; free virtual = 21850
---------------------------------------------------------------------------------
---------------------------------------------------------------------------------
Start IO Insertion
---------------------------------------------------------------------------------
---------------------------------------------------------------------------------
Start Flattening Before IO Insertion
---------------------------------------------------------------------------------
---------------------------------------------------------------------------------
Finished Flattening Before IO Insertion
---------------------------------------------------------------------------------
---------------------------------------------------------------------------------
Start Final Netlist Cleanup
---------------------------------------------------------------------------------
---------------------------------------------------------------------------------
Finished Final Netlist Cleanup
---------------------------------------------------------------------------------
---------------------------------------------------------------------------------
Finished IO Insertion : Time (s): cpu = 00:00:19 ; elapsed = 00:00:24 . Memory (MB): peak = 2572.000 ; gain = 116.645 ; free physical = 7575 ; free virtual = 21566
---------------------------------------------------------------------------------
---------------------------------------------------------------------------------
Start Renaming Generated Instances
---------------------------------------------------------------------------------
---------------------------------------------------------------------------------
Finished Renaming Generated Instances : Time (s): cpu = 00:00:19 ; elapsed = 00:00:24 . Memory (MB): peak = 2572.000 ; gain = 116.645 ; free physical = 7575 ; free virtual = 21566
---------------------------------------------------------------------------------
---------------------------------------------------------------------------------
Start Rebuilding User Hierarchy
---------------------------------------------------------------------------------
---------------------------------------------------------------------------------
Finished Rebuilding User Hierarchy : Time (s): cpu = 00:00:19 ; elapsed = 00:00:24 . Memory (MB): peak = 2572.000 ; gain = 116.645 ; free physical = 7575 ; free virtual = 21566
---------------------------------------------------------------------------------
---------------------------------------------------------------------------------
Start Renaming Generated Ports
---------------------------------------------------------------------------------
---------------------------------------------------------------------------------
Finished Renaming Generated Ports : Time (s): cpu = 00:00:19 ; elapsed = 00:00:24 . Memory (MB): peak = 2572.000 ; gain = 116.645 ; free physical = 7575 ; free virtual = 21566
---------------------------------------------------------------------------------
---------------------------------------------------------------------------------
Start Handling Custom Attributes
---------------------------------------------------------------------------------
---------------------------------------------------------------------------------
Finished Handling Custom Attributes : Time (s): cpu = 00:00:19 ; elapsed = 00:00:24 . Memory (MB): peak = 2572.000 ; gain = 116.645 ; free physical = 7574 ; free virtual = 21565
---------------------------------------------------------------------------------
---------------------------------------------------------------------------------
Start Renaming Generated Nets
---------------------------------------------------------------------------------
---------------------------------------------------------------------------------
Finished Renaming Generated Nets : Time (s): cpu = 00:00:19 ; elapsed = 00:00:24 . Memory (MB): peak = 2572.000 ; gain = 116.645 ; free physical = 7574 ; free virtual = 21565
---------------------------------------------------------------------------------
---------------------------------------------------------------------------------
Start Writing Synthesis Report
---------------------------------------------------------------------------------

Report BlackBoxes: 
+-+--------------+----------+
| |BlackBox name |Instances |
+-+--------------+----------+
+-+--------------+----------+

Report Cell Usage: 
+------+-----+------+
|      |Cell |Count |
+------+-----+------+
|1     |IBUF |     1|
+------+-----+------+
---------------------------------------------------------------------------------
Finished Writing Synthesis Report : Time (s): cpu = 00:00:19 ; elapsed = 00:00:24 . Memory (MB): peak = 2572.000 ; gain = 116.645 ; free physical = 7574 ; free virtual = 21565
---------------------------------------------------------------------------------
Synthesis finished with 0 errors, 0 critical warnings and 0 warnings.
Synthesis Optimization Runtime : Time (s): cpu = 00:00:17 ; elapsed = 00:00:22 . Memory (MB): peak = 2572.000 ; gain = 37.766 ; free physical = 7620 ; free virtual = 21611
Synthesis Optimization Complete : Time (s): cpu = 00:00:19 ; elapsed = 00:00:24 . Memory (MB): peak = 2572.004 ; gain = 116.645 ; free physical = 7619 ; free virtual = 21610
INFO: [Project 1-571] Translating synthesized netlist
Netlist sorting complete. Time (s): cpu = 00:00:00 ; elapsed = 00:00:00 . Memory (MB): peak = 2572.004 ; gain = 0.000 ; free physical = 7612 ; free virtual = 21603
INFO: [Project 1-570] Preparing netlist for logic optimization
INFO: [Opt 31-138] Pushed 0 inverter(s) to 0 load pin(s).
Netlist sorting complete. Time (s): cpu = 00:00:00 ; elapsed = 00:00:00 . Memory (MB): peak = 2582.906 ; gain = 0.000 ; free physical = 7619 ; free virtual = 21610
INFO: [Project 1-111] Unisim Transformation Summary:
No Unisim elements were transformed.

INFO: [Common 17-83] Releasing license: Synthesis
18 Infos, 1 Warnings, 0 Critical Warnings and 0 Errors encountered.
synth_design completed successfully
synth_design: Time (s): cpu = 00:00:28 ; elapsed = 00:00:43 . Memory (MB): peak = 2582.906 ; gain = 133.719 ; free physical = 7753 ; free virtual = 21744
INFO: [Common 17-1381] The checkpoint '/home/dcs/git/mopshub/Vivado/mopshub_v3/mopshub_board_v3/mopshub_board_v3.runs/mopshub_board_v3_ip_buf_0_0_synth_1/mopshub_board_v3_ip_buf_0_0.dcp' has been generated.
WARNING: [Common 17-576] 'use_project_ipc' is deprecated. This option is deprecated and no longer used.
INFO: [Common 17-1381] The checkpoint '/home/dcs/git/mopshub/Vivado/mopshub_v3/mopshub_board_v3/mopshub_board_v3.runs/mopshub_board_v3_ip_buf_0_0_synth_1/mopshub_board_v3_ip_buf_0_0.dcp' has been generated.
INFO: [runtcl-4] Executing : report_utilization -file mopshub_board_v3_ip_buf_0_0_utilization_synth.rpt -pb mopshub_board_v3_ip_buf_0_0_utilization_synth.pb
INFO: [Common 17-206] Exiting Vivado at Wed Jun 12 22:52:14 2024...
