
*** Running vivado
    with args -log mopshub_board_v2_selectio_wiz_2_0.vds -m64 -product Vivado -mode batch -messageDb vivado.pb -notrace -source mopshub_board_v2_selectio_wiz_2_0.tcl


****** Vivado v2020.2 (64-bit)
  **** SW Build 3064766 on Wed Nov 18 09:12:47 MST 2020
  **** IP Build 3064653 on Wed Nov 18 14:17:31 MST 2020
    ** Copyright 1986-2020 Xilinx, Inc. All Rights Reserved.

source mopshub_board_v2_selectio_wiz_2_0.tcl -notrace
Command: synth_design -top mopshub_board_v2_selectio_wiz_2_0 -part xc7a200tfbg484-2 -mode out_of_context
Starting synth_design
Attempting to get a license for feature 'Synthesis' and/or device 'xc7a200t'
INFO: [Common 17-349] Got license for feature 'Synthesis' and/or device 'xc7a200t'
INFO: [Device 21-403] Loading part xc7a200tfbg484-2
INFO: [Synth 8-7079] Multithreading enabled for synth_design using a maximum of 4 processes.
INFO: [Synth 8-7078] Launching helper process for spawning children vivado processes
INFO: [Synth 8-7075] Helper process launched with PID 12690
---------------------------------------------------------------------------------
Starting RTL Elaboration : Time (s): cpu = 00:00:04 ; elapsed = 00:00:06 . Memory (MB): peak = 2454.359 ; gain = 0.000 ; free physical = 17160 ; free virtual = 29169
---------------------------------------------------------------------------------
INFO: [Synth 8-6157] synthesizing module 'mopshub_board_v2_selectio_wiz_2_0' [/home/dcs/git/mopshub/Vivado/mopshub_v2/mopshub_board_v2/mopshub_board_v2.gen/sources_1/bd/mopshub_board_v2/ip/mopshub_board_v2_selectio_wiz_2_0/mopshub_board_v2_selectio_wiz_2_0.v:58]
	Parameter SYS_W bound to: 1 - type: integer 
	Parameter DEV_W bound to: 2 - type: integer 
INFO: [Synth 8-6157] synthesizing module 'mopshub_board_v2_selectio_wiz_2_0_selectio_wiz' [/home/dcs/git/mopshub/Vivado/mopshub_v2/mopshub_board_v2/mopshub_board_v2.gen/sources_1/bd/mopshub_board_v2/ip/mopshub_board_v2_selectio_wiz_2_0/mopshub_board_v2_selectio_wiz_2_0_selectio_wiz.v:56]
	Parameter SYS_W bound to: 1 - type: integer 
	Parameter DEV_W bound to: 2 - type: integer 
	Parameter num_serial_bits bound to: 2 - type: integer 
INFO: [Synth 8-6157] synthesizing module 'OBUFDS' [/mnt/storage/sw/Xilinx/Vivado/2020.2/scripts/rt/data/unisim_comp.v:46332]
	Parameter CAPACITANCE bound to: DONT_CARE - type: string 
	Parameter IOSTANDARD bound to: DIFF_SSTL15_R - type: string 
	Parameter SLEW bound to: SLOW - type: string 
INFO: [Synth 8-6155] done synthesizing module 'OBUFDS' (1#1) [/mnt/storage/sw/Xilinx/Vivado/2020.2/scripts/rt/data/unisim_comp.v:46332]
INFO: [Synth 8-6157] synthesizing module 'OSERDESE2' [/mnt/storage/sw/Xilinx/Vivado/2020.2/scripts/rt/data/unisim_comp.v:50398]
	Parameter DATA_RATE_OQ bound to: SDR - type: string 
	Parameter DATA_RATE_TQ bound to: SDR - type: string 
	Parameter DATA_WIDTH bound to: 2 - type: integer 
	Parameter INIT_OQ bound to: 1'b0 
	Parameter INIT_TQ bound to: 1'b0 
	Parameter IS_CLKDIV_INVERTED bound to: 1'b0 
	Parameter IS_CLK_INVERTED bound to: 1'b0 
	Parameter IS_D1_INVERTED bound to: 1'b0 
	Parameter IS_D2_INVERTED bound to: 1'b0 
	Parameter IS_D3_INVERTED bound to: 1'b0 
	Parameter IS_D4_INVERTED bound to: 1'b0 
	Parameter IS_D5_INVERTED bound to: 1'b0 
	Parameter IS_D6_INVERTED bound to: 1'b0 
	Parameter IS_D7_INVERTED bound to: 1'b0 
	Parameter IS_D8_INVERTED bound to: 1'b0 
	Parameter IS_T1_INVERTED bound to: 1'b0 
	Parameter IS_T2_INVERTED bound to: 1'b0 
	Parameter IS_T3_INVERTED bound to: 1'b0 
	Parameter IS_T4_INVERTED bound to: 1'b0 
	Parameter SERDES_MODE bound to: MASTER - type: string 
	Parameter SRVAL_OQ bound to: 1'b0 
	Parameter SRVAL_TQ bound to: 1'b0 
	Parameter TBYTE_CTL bound to: FALSE - type: string 
	Parameter TBYTE_SRC bound to: FALSE - type: string 
	Parameter TRISTATE_WIDTH bound to: 1 - type: integer 
INFO: [Synth 8-6155] done synthesizing module 'OSERDESE2' (2#1) [/mnt/storage/sw/Xilinx/Vivado/2020.2/scripts/rt/data/unisim_comp.v:50398]
INFO: [Synth 8-6155] done synthesizing module 'mopshub_board_v2_selectio_wiz_2_0_selectio_wiz' (3#1) [/home/dcs/git/mopshub/Vivado/mopshub_v2/mopshub_board_v2/mopshub_board_v2.gen/sources_1/bd/mopshub_board_v2/ip/mopshub_board_v2_selectio_wiz_2_0/mopshub_board_v2_selectio_wiz_2_0_selectio_wiz.v:56]
INFO: [Synth 8-6155] done synthesizing module 'mopshub_board_v2_selectio_wiz_2_0' (4#1) [/home/dcs/git/mopshub/Vivado/mopshub_v2/mopshub_board_v2/mopshub_board_v2.gen/sources_1/bd/mopshub_board_v2/ip/mopshub_board_v2_selectio_wiz_2_0/mopshub_board_v2_selectio_wiz_2_0.v:58]
---------------------------------------------------------------------------------
Finished RTL Elaboration : Time (s): cpu = 00:00:05 ; elapsed = 00:00:07 . Memory (MB): peak = 2475.336 ; gain = 20.977 ; free physical = 17161 ; free virtual = 29170
---------------------------------------------------------------------------------
---------------------------------------------------------------------------------
Start Handling Custom Attributes
---------------------------------------------------------------------------------
---------------------------------------------------------------------------------
Finished Handling Custom Attributes : Time (s): cpu = 00:00:05 ; elapsed = 00:00:08 . Memory (MB): peak = 2490.176 ; gain = 35.816 ; free physical = 17180 ; free virtual = 29190
---------------------------------------------------------------------------------
---------------------------------------------------------------------------------
Finished RTL Optimization Phase 1 : Time (s): cpu = 00:00:05 ; elapsed = 00:00:08 . Memory (MB): peak = 2490.176 ; gain = 35.816 ; free physical = 17180 ; free virtual = 29190
---------------------------------------------------------------------------------
Netlist sorting complete. Time (s): cpu = 00:00:00 ; elapsed = 00:00:00 . Memory (MB): peak = 2501.082 ; gain = 0.000 ; free physical = 17185 ; free virtual = 29192
INFO: [Netlist 29-17] Analyzing 1 Unisim elements for replacement
INFO: [Netlist 29-28] Unisim Transformation completed in 0 CPU seconds
INFO: [Project 1-570] Preparing netlist for logic optimization

Processing XDC Constraints
Initializing timing engine
Parsing XDC File [/home/dcs/git/mopshub/Vivado/mopshub_v2/mopshub_board_v2/mopshub_board_v2.gen/sources_1/bd/mopshub_board_v2/ip/mopshub_board_v2_selectio_wiz_2_0/mopshub_board_v2_selectio_wiz_2_0_ooc.xdc] for cell 'inst'
Finished Parsing XDC File [/home/dcs/git/mopshub/Vivado/mopshub_v2/mopshub_board_v2/mopshub_board_v2.gen/sources_1/bd/mopshub_board_v2/ip/mopshub_board_v2_selectio_wiz_2_0/mopshub_board_v2_selectio_wiz_2_0_ooc.xdc] for cell 'inst'
INFO: [Project 1-236] Implementation specific constraints were found while reading constraint file [/home/dcs/git/mopshub/Vivado/mopshub_v2/mopshub_board_v2/mopshub_board_v2.gen/sources_1/bd/mopshub_board_v2/ip/mopshub_board_v2_selectio_wiz_2_0/mopshub_board_v2_selectio_wiz_2_0_ooc.xdc]. These constraints will be ignored for synthesis but will be used in implementation. Impacted constraints are listed in the file [.Xil/mopshub_board_v2_selectio_wiz_2_0_propImpl.xdc].
Resolution: To avoid this warning, move constraints listed in [.Xil/mopshub_board_v2_selectio_wiz_2_0_propImpl.xdc] to another XDC file and exclude this new file from synthesis with the used_in_synthesis property (File Properties dialog in GUI) and re-run elaboration/synthesis.
Parsing XDC File [/home/dcs/git/mopshub/Vivado/mopshub_v2/mopshub_board_v2/mopshub_board_v2.gen/sources_1/bd/mopshub_board_v2/ip/mopshub_board_v2_selectio_wiz_2_0/mopshub_board_v2_selectio_wiz_2_0.xdc] for cell 'inst'
Finished Parsing XDC File [/home/dcs/git/mopshub/Vivado/mopshub_v2/mopshub_board_v2/mopshub_board_v2.gen/sources_1/bd/mopshub_board_v2/ip/mopshub_board_v2_selectio_wiz_2_0/mopshub_board_v2_selectio_wiz_2_0.xdc] for cell 'inst'
Parsing XDC File [/home/dcs/git/mopshub/Vivado/mopshub_v2/mopshub_board_v2/mopshub_board_v2.runs/mopshub_board_v2_selectio_wiz_2_0_synth_1/dont_touch.xdc]
Finished Parsing XDC File [/home/dcs/git/mopshub/Vivado/mopshub_v2/mopshub_board_v2/mopshub_board_v2.runs/mopshub_board_v2_selectio_wiz_2_0_synth_1/dont_touch.xdc]
Completed Processing XDC Constraints

Netlist sorting complete. Time (s): cpu = 00:00:00 ; elapsed = 00:00:00 . Memory (MB): peak = 2580.988 ; gain = 0.000 ; free physical = 18278 ; free virtual = 30279
INFO: [Project 1-111] Unisim Transformation Summary:
  A total of 1 instances were transformed.
  OBUFDS => OBUFDS_DUAL_BUF (INV, OBUFDS(x2)): 1 instance 

Constraint Validation Runtime : Time (s): cpu = 00:00:00.02 ; elapsed = 00:00:00.05 . Memory (MB): peak = 2580.992 ; gain = 0.004 ; free physical = 18278 ; free virtual = 30279
---------------------------------------------------------------------------------
Finished Constraint Validation : Time (s): cpu = 00:00:12 ; elapsed = 00:00:17 . Memory (MB): peak = 2580.992 ; gain = 126.633 ; free physical = 18098 ; free virtual = 30099
---------------------------------------------------------------------------------
---------------------------------------------------------------------------------
Start Loading Part and Timing Information
---------------------------------------------------------------------------------
Loading part: xc7a200tfbg484-2
---------------------------------------------------------------------------------
Finished Loading Part and Timing Information : Time (s): cpu = 00:00:12 ; elapsed = 00:00:17 . Memory (MB): peak = 2580.992 ; gain = 126.633 ; free physical = 18098 ; free virtual = 30099
---------------------------------------------------------------------------------
---------------------------------------------------------------------------------
Start Applying 'set_property' XDC Constraints
---------------------------------------------------------------------------------
Applied set_property KEEP_HIERARCHY = SOFT for inst. (constraint file  /home/dcs/git/mopshub/Vivado/mopshub_v2/mopshub_board_v2/mopshub_board_v2.runs/mopshub_board_v2_selectio_wiz_2_0_synth_1/dont_touch.xdc, line 9).
---------------------------------------------------------------------------------
Finished applying 'set_property' XDC Constraints : Time (s): cpu = 00:00:12 ; elapsed = 00:00:17 . Memory (MB): peak = 2580.992 ; gain = 126.633 ; free physical = 18098 ; free virtual = 30099
---------------------------------------------------------------------------------
---------------------------------------------------------------------------------
Finished RTL Optimization Phase 2 : Time (s): cpu = 00:00:12 ; elapsed = 00:00:18 . Memory (MB): peak = 2580.992 ; gain = 126.633 ; free physical = 18068 ; free virtual = 30070
---------------------------------------------------------------------------------
---------------------------------------------------------------------------------
Start RTL Component Statistics 
---------------------------------------------------------------------------------
Detailed RTL Component Info : 
---------------------------------------------------------------------------------
Finished RTL Component Statistics 
---------------------------------------------------------------------------------
---------------------------------------------------------------------------------
Start Part Resource Summary
---------------------------------------------------------------------------------
Part Resources:
DSPs: 740 (col length:100)
BRAMs: 730 (col length: RAMB18 100 RAMB36 50)
---------------------------------------------------------------------------------
Finished Part Resource Summary
---------------------------------------------------------------------------------
---------------------------------------------------------------------------------
Start Cross Boundary and Area Optimization
---------------------------------------------------------------------------------
---------------------------------------------------------------------------------
Finished Cross Boundary and Area Optimization : Time (s): cpu = 00:00:13 ; elapsed = 00:00:19 . Memory (MB): peak = 2580.992 ; gain = 126.633 ; free physical = 17953 ; free virtual = 29958
---------------------------------------------------------------------------------
---------------------------------------------------------------------------------
Start Applying XDC Timing Constraints
---------------------------------------------------------------------------------
---------------------------------------------------------------------------------
Finished Applying XDC Timing Constraints : Time (s): cpu = 00:00:19 ; elapsed = 00:00:24 . Memory (MB): peak = 2580.992 ; gain = 126.633 ; free physical = 17642 ; free virtual = 29647
---------------------------------------------------------------------------------
---------------------------------------------------------------------------------
Start Timing Optimization
---------------------------------------------------------------------------------
---------------------------------------------------------------------------------
Finished Timing Optimization : Time (s): cpu = 00:00:19 ; elapsed = 00:00:24 . Memory (MB): peak = 2580.992 ; gain = 126.633 ; free physical = 17642 ; free virtual = 29647
---------------------------------------------------------------------------------
---------------------------------------------------------------------------------
Start Technology Mapping
---------------------------------------------------------------------------------
---------------------------------------------------------------------------------
Finished Technology Mapping : Time (s): cpu = 00:00:19 ; elapsed = 00:00:25 . Memory (MB): peak = 2580.992 ; gain = 126.633 ; free physical = 17641 ; free virtual = 29646
---------------------------------------------------------------------------------
---------------------------------------------------------------------------------
Start IO Insertion
---------------------------------------------------------------------------------
---------------------------------------------------------------------------------
Start Flattening Before IO Insertion
---------------------------------------------------------------------------------
---------------------------------------------------------------------------------
Finished Flattening Before IO Insertion
---------------------------------------------------------------------------------
---------------------------------------------------------------------------------
Start Final Netlist Cleanup
---------------------------------------------------------------------------------
---------------------------------------------------------------------------------
Finished Final Netlist Cleanup
---------------------------------------------------------------------------------
---------------------------------------------------------------------------------
Finished IO Insertion : Time (s): cpu = 00:00:21 ; elapsed = 00:00:27 . Memory (MB): peak = 2580.992 ; gain = 126.633 ; free physical = 17609 ; free virtual = 29614
---------------------------------------------------------------------------------
---------------------------------------------------------------------------------
Start Renaming Generated Instances
---------------------------------------------------------------------------------
---------------------------------------------------------------------------------
Finished Renaming Generated Instances : Time (s): cpu = 00:00:21 ; elapsed = 00:00:27 . Memory (MB): peak = 2580.992 ; gain = 126.633 ; free physical = 17609 ; free virtual = 29614
---------------------------------------------------------------------------------
---------------------------------------------------------------------------------
Start Rebuilding User Hierarchy
---------------------------------------------------------------------------------
---------------------------------------------------------------------------------
Finished Rebuilding User Hierarchy : Time (s): cpu = 00:00:21 ; elapsed = 00:00:27 . Memory (MB): peak = 2580.992 ; gain = 126.633 ; free physical = 17609 ; free virtual = 29614
---------------------------------------------------------------------------------
---------------------------------------------------------------------------------
Start Renaming Generated Ports
---------------------------------------------------------------------------------
---------------------------------------------------------------------------------
Finished Renaming Generated Ports : Time (s): cpu = 00:00:21 ; elapsed = 00:00:27 . Memory (MB): peak = 2580.992 ; gain = 126.633 ; free physical = 17609 ; free virtual = 29614
---------------------------------------------------------------------------------
---------------------------------------------------------------------------------
Start Handling Custom Attributes
---------------------------------------------------------------------------------
---------------------------------------------------------------------------------
Finished Handling Custom Attributes : Time (s): cpu = 00:00:21 ; elapsed = 00:00:27 . Memory (MB): peak = 2580.992 ; gain = 126.633 ; free physical = 17609 ; free virtual = 29614
---------------------------------------------------------------------------------
---------------------------------------------------------------------------------
Start Renaming Generated Nets
---------------------------------------------------------------------------------
---------------------------------------------------------------------------------
Finished Renaming Generated Nets : Time (s): cpu = 00:00:21 ; elapsed = 00:00:27 . Memory (MB): peak = 2580.992 ; gain = 126.633 ; free physical = 17609 ; free virtual = 29614
---------------------------------------------------------------------------------
---------------------------------------------------------------------------------
Start Writing Synthesis Report
---------------------------------------------------------------------------------

Report BlackBoxes: 
+-+--------------+----------+
| |BlackBox name |Instances |
+-+--------------+----------+
+-+--------------+----------+

Report Cell Usage: 
+------+----------+------+
|      |Cell      |Count |
+------+----------+------+
|1     |OSERDESE2 |     1|
|2     |OBUFDS    |     1|
+------+----------+------+
---------------------------------------------------------------------------------
Finished Writing Synthesis Report : Time (s): cpu = 00:00:21 ; elapsed = 00:00:27 . Memory (MB): peak = 2580.992 ; gain = 126.633 ; free physical = 17609 ; free virtual = 29614
---------------------------------------------------------------------------------
Synthesis finished with 0 errors, 0 critical warnings and 0 warnings.
Synthesis Optimization Runtime : Time (s): cpu = 00:00:19 ; elapsed = 00:00:24 . Memory (MB): peak = 2580.992 ; gain = 35.816 ; free physical = 17663 ; free virtual = 29668
Synthesis Optimization Complete : Time (s): cpu = 00:00:21 ; elapsed = 00:00:27 . Memory (MB): peak = 2580.992 ; gain = 126.633 ; free physical = 17663 ; free virtual = 29668
INFO: [Project 1-571] Translating synthesized netlist
Netlist sorting complete. Time (s): cpu = 00:00:00 ; elapsed = 00:00:00 . Memory (MB): peak = 2580.992 ; gain = 0.000 ; free physical = 17657 ; free virtual = 29662
INFO: [Netlist 29-17] Analyzing 1 Unisim elements for replacement
INFO: [Netlist 29-28] Unisim Transformation completed in 0 CPU seconds
INFO: [Project 1-570] Preparing netlist for logic optimization
INFO: [Opt 31-138] Pushed 0 inverter(s) to 0 load pin(s).
Netlist sorting complete. Time (s): cpu = 00:00:00 ; elapsed = 00:00:00 . Memory (MB): peak = 2584.848 ; gain = 0.000 ; free physical = 17687 ; free virtual = 29691
INFO: [Project 1-111] Unisim Transformation Summary:
  A total of 1 instances were transformed.
  OBUFDS => OBUFDS_DUAL_BUF (INV, OBUFDS(x2)): 1 instance 

INFO: [Common 17-83] Releasing license: Synthesis
25 Infos, 0 Warnings, 0 Critical Warnings and 0 Errors encountered.
synth_design completed successfully
synth_design: Time (s): cpu = 00:00:31 ; elapsed = 00:00:47 . Memory (MB): peak = 2584.848 ; gain = 136.656 ; free physical = 17815 ; free virtual = 29820
INFO: [Common 17-1381] The checkpoint '/home/dcs/git/mopshub/Vivado/mopshub_v2/mopshub_board_v2/mopshub_board_v2.runs/mopshub_board_v2_selectio_wiz_2_0_synth_1/mopshub_board_v2_selectio_wiz_2_0.dcp' has been generated.
WARNING: [Common 17-576] 'use_project_ipc' is deprecated. This option is deprecated and no longer used.
INFO: [Coretcl 2-1648] Added synthesis output to IP cache for IP mopshub_board_v2_selectio_wiz_2_0, cache-ID = a26e0b3b978fcfaa
INFO: [Common 17-1381] The checkpoint '/home/dcs/git/mopshub/Vivado/mopshub_v2/mopshub_board_v2/mopshub_board_v2.runs/mopshub_board_v2_selectio_wiz_2_0_synth_1/mopshub_board_v2_selectio_wiz_2_0.dcp' has been generated.
INFO: [runtcl-4] Executing : report_utilization -file mopshub_board_v2_selectio_wiz_2_0_utilization_synth.rpt -pb mopshub_board_v2_selectio_wiz_2_0_utilization_synth.pb
INFO: [Common 17-206] Exiting Vivado at Wed Jun 12 23:40:48 2024...
