
*** Running vivado
    with args -log mopshub_readout_bd_clk_wiz_0_0.vds -m64 -product Vivado -mode batch -messageDb vivado.pb -notrace -source mopshub_readout_bd_clk_wiz_0_0.tcl


****** Vivado v2020.2 (64-bit)
  **** SW Build 3064766 on Wed Nov 18 09:12:47 MST 2020
  **** IP Build 3064653 on Wed Nov 18 14:17:31 MST 2020
    ** Copyright 1986-2020 Xilinx, Inc. All Rights Reserved.

source mopshub_readout_bd_clk_wiz_0_0.tcl -notrace
create_project: Time (s): cpu = 00:00:03 ; elapsed = 00:00:06 . Memory (MB): peak = 2449.219 ; gain = 2.023 ; free physical = 6443 ; free virtual = 21699
INFO: [IP_Flow 19-234] Refreshing IP repositories
INFO: [IP_Flow 19-1700] Loaded user IP repository '/home/dcs/git/mopshub/vivado/mopshub_readout/ip_repo'.
INFO: [IP_Flow 19-2313] Loaded Vivado IP repository '/mnt/storage/sw/Xilinx/Vivado/2020.2/data/ip'.
update_ip_catalog: Time (s): cpu = 00:00:02 ; elapsed = 00:00:07 . Memory (MB): peak = 2449.219 ; gain = 0.000 ; free physical = 6312 ; free virtual = 21581
Command: synth_design -top mopshub_readout_bd_clk_wiz_0_0 -part xczu9eg-ffvb1156-2-e -mode out_of_context
Starting synth_design
Attempting to get a license for feature 'Synthesis' and/or device 'xczu9eg'
INFO: [Common 17-349] Got license for feature 'Synthesis' and/or device 'xczu9eg'
INFO: [Common 17-1540] The version limit for your license is '2021.01' and has expired for new software. A version limit expiration means that, although you may be able to continue to use the current version of tools or IP with this license, you will not be eligible for any updates or new releases.
INFO: [Device 21-403] Loading part xczu9eg-ffvb1156-2-e
INFO: [Synth 8-7079] Multithreading enabled for synth_design using a maximum of 4 processes.
INFO: [Synth 8-7078] Launching helper process for spawning children vivado processes
INFO: [Synth 8-7075] Helper process launched with PID 5061
---------------------------------------------------------------------------------
Starting RTL Elaboration : Time (s): cpu = 00:00:05 ; elapsed = 00:00:08 . Memory (MB): peak = 2868.637 ; gain = 35.848 ; free physical = 2535 ; free virtual = 17283
---------------------------------------------------------------------------------
INFO: [Synth 8-6157] synthesizing module 'mopshub_readout_bd_clk_wiz_0_0' [/home/dcs/git/mopshub/vivado/mopshub_readout/mopshub_readout/mopshub_readout.gen/sources_1/bd/mopshub_readout_bd/ip/mopshub_readout_bd_clk_wiz_0_0/mopshub_readout_bd_clk_wiz_0_0.v:73]
INFO: [Synth 8-6157] synthesizing module 'mopshub_readout_bd_clk_wiz_0_0_clk_wiz' [/home/dcs/git/mopshub/vivado/mopshub_readout/mopshub_readout/mopshub_readout.gen/sources_1/bd/mopshub_readout_bd/ip/mopshub_readout_bd_clk_wiz_0_0/mopshub_readout_bd_clk_wiz_0_0_clk_wiz.v:71]
INFO: [Synth 8-6157] synthesizing module 'IBUFDS' [/mnt/storage/sw/Xilinx/Vivado/2020.2/scripts/rt/data/unisim_comp.v:32998]
	Parameter CAPACITANCE bound to: DONT_CARE - type: string 
	Parameter DIFF_TERM bound to: FALSE - type: string 
	Parameter DQS_BIAS bound to: FALSE - type: string 
	Parameter IBUF_DELAY_VALUE bound to: 0 - type: string 
	Parameter IBUF_LOW_PWR bound to: TRUE - type: string 
	Parameter IFD_DELAY_VALUE bound to: AUTO - type: string 
	Parameter IOSTANDARD bound to: DEFAULT - type: string 
INFO: [Synth 8-6155] done synthesizing module 'IBUFDS' (1#1) [/mnt/storage/sw/Xilinx/Vivado/2020.2/scripts/rt/data/unisim_comp.v:32998]
INFO: [Synth 8-6157] synthesizing module 'MMCME4_ADV' [/mnt/storage/sw/Xilinx/Vivado/2020.2/scripts/rt/data/unisim_comp.v:40391]
	Parameter BANDWIDTH bound to: OPTIMIZED - type: string 
	Parameter CLKFBOUT_MULT_F bound to: 56.000000 - type: double 
	Parameter CLKFBOUT_PHASE bound to: 0.000000 - type: double 
	Parameter CLKFBOUT_USE_FINE_PS bound to: FALSE - type: string 
	Parameter CLKIN1_PERIOD bound to: 3.333000 - type: double 
	Parameter CLKIN2_PERIOD bound to: 0.000000 - type: double 
	Parameter CLKOUT0_DIVIDE_F bound to: 14.000000 - type: double 
	Parameter CLKOUT0_DUTY_CYCLE bound to: 0.500000 - type: double 
	Parameter CLKOUT0_PHASE bound to: 0.000000 - type: double 
	Parameter CLKOUT0_USE_FINE_PS bound to: FALSE - type: string 
	Parameter CLKOUT1_DIVIDE bound to: 7 - type: integer 
	Parameter CLKOUT1_DUTY_CYCLE bound to: 0.500000 - type: double 
	Parameter CLKOUT1_PHASE bound to: 0.000000 - type: double 
	Parameter CLKOUT1_USE_FINE_PS bound to: FALSE - type: string 
	Parameter CLKOUT2_DIVIDE bound to: 28 - type: integer 
	Parameter CLKOUT2_DUTY_CYCLE bound to: 0.500000 - type: double 
	Parameter CLKOUT2_PHASE bound to: 0.000000 - type: double 
	Parameter CLKOUT2_USE_FINE_PS bound to: FALSE - type: string 
	Parameter CLKOUT3_DIVIDE bound to: 14 - type: integer 
	Parameter CLKOUT3_DUTY_CYCLE bound to: 0.500000 - type: double 
	Parameter CLKOUT3_PHASE bound to: 0.000000 - type: double 
	Parameter CLKOUT3_USE_FINE_PS bound to: FALSE - type: string 
	Parameter CLKOUT4_CASCADE bound to: FALSE - type: string 
	Parameter CLKOUT4_DIVIDE bound to: 1 - type: integer 
	Parameter CLKOUT4_DUTY_CYCLE bound to: 0.500000 - type: double 
	Parameter CLKOUT4_PHASE bound to: 0.000000 - type: double 
	Parameter CLKOUT4_USE_FINE_PS bound to: FALSE - type: string 
	Parameter CLKOUT5_DIVIDE bound to: 1 - type: integer 
	Parameter CLKOUT5_DUTY_CYCLE bound to: 0.500000 - type: double 
	Parameter CLKOUT5_PHASE bound to: 0.000000 - type: double 
	Parameter CLKOUT5_USE_FINE_PS bound to: FALSE - type: string 
	Parameter CLKOUT6_DIVIDE bound to: 1 - type: integer 
	Parameter CLKOUT6_DUTY_CYCLE bound to: 0.500000 - type: double 
	Parameter CLKOUT6_PHASE bound to: 0.000000 - type: double 
	Parameter CLKOUT6_USE_FINE_PS bound to: FALSE - type: string 
	Parameter COMPENSATION bound to: AUTO - type: string 
	Parameter DIVCLK_DIVIDE bound to: 15 - type: integer 
	Parameter IS_CLKFBIN_INVERTED bound to: 1'b0 
	Parameter IS_CLKIN1_INVERTED bound to: 1'b0 
	Parameter IS_CLKIN2_INVERTED bound to: 1'b0 
	Parameter IS_CLKINSEL_INVERTED bound to: 1'b0 
	Parameter IS_PSEN_INVERTED bound to: 1'b0 
	Parameter IS_PSINCDEC_INVERTED bound to: 1'b0 
	Parameter IS_PWRDWN_INVERTED bound to: 1'b0 
	Parameter IS_RST_INVERTED bound to: 1'b0 
	Parameter REF_JITTER1 bound to: 0.010000 - type: double 
	Parameter REF_JITTER2 bound to: 0.010000 - type: double 
	Parameter SS_EN bound to: FALSE - type: string 
	Parameter SS_MODE bound to: CENTER_HIGH - type: string 
	Parameter SS_MOD_PERIOD bound to: 10000 - type: integer 
	Parameter STARTUP_WAIT bound to: FALSE - type: string 
INFO: [Synth 8-6155] done synthesizing module 'MMCME4_ADV' (2#1) [/mnt/storage/sw/Xilinx/Vivado/2020.2/scripts/rt/data/unisim_comp.v:40391]
INFO: [Synth 8-6157] synthesizing module 'BUFG' [/mnt/storage/sw/Xilinx/Vivado/2020.2/scripts/rt/data/unisim_comp.v:1083]
INFO: [Synth 8-6155] done synthesizing module 'BUFG' (3#1) [/mnt/storage/sw/Xilinx/Vivado/2020.2/scripts/rt/data/unisim_comp.v:1083]
INFO: [Synth 8-6157] synthesizing module 'BUFGCE' [/mnt/storage/sw/Xilinx/Vivado/2020.2/scripts/rt/data/unisim_comp.v:1093]
	Parameter CE_TYPE bound to: SYNC - type: string 
	Parameter IS_CE_INVERTED bound to: 1'b0 
	Parameter IS_I_INVERTED bound to: 1'b0 
	Parameter SIM_DEVICE bound to: ULTRASCALE - type: string 
	Parameter STARTUP_SYNC bound to: FALSE - type: string 
INFO: [Synth 8-6155] done synthesizing module 'BUFGCE' (4#1) [/mnt/storage/sw/Xilinx/Vivado/2020.2/scripts/rt/data/unisim_comp.v:1093]
INFO: [Synth 8-6155] done synthesizing module 'mopshub_readout_bd_clk_wiz_0_0_clk_wiz' (5#1) [/home/dcs/git/mopshub/vivado/mopshub_readout/mopshub_readout/mopshub_readout.gen/sources_1/bd/mopshub_readout_bd/ip/mopshub_readout_bd_clk_wiz_0_0/mopshub_readout_bd_clk_wiz_0_0_clk_wiz.v:71]
INFO: [Synth 8-6155] done synthesizing module 'mopshub_readout_bd_clk_wiz_0_0' (6#1) [/home/dcs/git/mopshub/vivado/mopshub_readout/mopshub_readout/mopshub_readout.gen/sources_1/bd/mopshub_readout_bd/ip/mopshub_readout_bd_clk_wiz_0_0/mopshub_readout_bd_clk_wiz_0_0.v:73]
---------------------------------------------------------------------------------
Finished RTL Elaboration : Time (s): cpu = 00:00:06 ; elapsed = 00:00:09 . Memory (MB): peak = 2914.547 ; gain = 81.758 ; free physical = 2598 ; free virtual = 17344
---------------------------------------------------------------------------------
---------------------------------------------------------------------------------
Start Handling Custom Attributes
---------------------------------------------------------------------------------
---------------------------------------------------------------------------------
Finished Handling Custom Attributes : Time (s): cpu = 00:00:06 ; elapsed = 00:00:10 . Memory (MB): peak = 2932.387 ; gain = 99.598 ; free physical = 2555 ; free virtual = 17302
---------------------------------------------------------------------------------
---------------------------------------------------------------------------------
Finished RTL Optimization Phase 1 : Time (s): cpu = 00:00:06 ; elapsed = 00:00:10 . Memory (MB): peak = 2932.387 ; gain = 99.598 ; free physical = 2555 ; free virtual = 17302
---------------------------------------------------------------------------------
Netlist sorting complete. Time (s): cpu = 00:00:00 ; elapsed = 00:00:00 . Memory (MB): peak = 2944.293 ; gain = 0.000 ; free physical = 2535 ; free virtual = 17283
INFO: [Netlist 29-17] Analyzing 3 Unisim elements for replacement
INFO: [Netlist 29-28] Unisim Transformation completed in 0 CPU seconds
INFO: [Project 1-570] Preparing netlist for logic optimization

Processing XDC Constraints
Initializing timing engine
Parsing XDC File [/home/dcs/git/mopshub/vivado/mopshub_readout/mopshub_readout/mopshub_readout.gen/sources_1/bd/mopshub_readout_bd/ip/mopshub_readout_bd_clk_wiz_0_0/mopshub_readout_bd_clk_wiz_0_0_ooc.xdc] for cell 'inst'
Finished Parsing XDC File [/home/dcs/git/mopshub/vivado/mopshub_readout/mopshub_readout/mopshub_readout.gen/sources_1/bd/mopshub_readout_bd/ip/mopshub_readout_bd_clk_wiz_0_0/mopshub_readout_bd_clk_wiz_0_0_ooc.xdc] for cell 'inst'
Parsing XDC File [/home/dcs/git/mopshub/vivado/mopshub_readout/mopshub_readout/mopshub_readout.gen/sources_1/bd/mopshub_readout_bd/ip/mopshub_readout_bd_clk_wiz_0_0/mopshub_readout_bd_clk_wiz_0_0_board.xdc] for cell 'inst'
WARNING: [Vivado 12-584] No ports matched 'reset'. [/home/dcs/git/mopshub/vivado/mopshub_readout/mopshub_readout/mopshub_readout.gen/sources_1/bd/mopshub_readout_bd/ip/mopshub_readout_bd_clk_wiz_0_0/mopshub_readout_bd_clk_wiz_0_0_board.xdc:5]
CRITICAL WARNING: [Common 17-55] 'set_property' expects at least one object. [/home/dcs/git/mopshub/vivado/mopshub_readout/mopshub_readout/mopshub_readout.gen/sources_1/bd/mopshub_readout_bd/ip/mopshub_readout_bd_clk_wiz_0_0/mopshub_readout_bd_clk_wiz_0_0_board.xdc:5]
Resolution: If [get_<value>] was used to populate the object, check to make sure this command returns at least one valid object.
Finished Parsing XDC File [/home/dcs/git/mopshub/vivado/mopshub_readout/mopshub_readout/mopshub_readout.gen/sources_1/bd/mopshub_readout_bd/ip/mopshub_readout_bd_clk_wiz_0_0/mopshub_readout_bd_clk_wiz_0_0_board.xdc] for cell 'inst'
Parsing XDC File [/home/dcs/git/mopshub/vivado/mopshub_readout/mopshub_readout/mopshub_readout.gen/sources_1/bd/mopshub_readout_bd/ip/mopshub_readout_bd_clk_wiz_0_0/mopshub_readout_bd_clk_wiz_0_0.xdc] for cell 'inst'
create_clock: Time (s): cpu = 00:00:04 ; elapsed = 00:00:07 . Memory (MB): peak = 3081.074 ; gain = 2.969 ; free physical = 2307 ; free virtual = 17095
Finished Parsing XDC File [/home/dcs/git/mopshub/vivado/mopshub_readout/mopshub_readout/mopshub_readout.gen/sources_1/bd/mopshub_readout_bd/ip/mopshub_readout_bd_clk_wiz_0_0/mopshub_readout_bd_clk_wiz_0_0.xdc] for cell 'inst'
INFO: [Project 1-236] Implementation specific constraints were found while reading constraint file [/home/dcs/git/mopshub/vivado/mopshub_readout/mopshub_readout/mopshub_readout.gen/sources_1/bd/mopshub_readout_bd/ip/mopshub_readout_bd_clk_wiz_0_0/mopshub_readout_bd_clk_wiz_0_0.xdc]. These constraints will be ignored for synthesis but will be used in implementation. Impacted constraints are listed in the file [.Xil/mopshub_readout_bd_clk_wiz_0_0_propImpl.xdc].
Resolution: To avoid this warning, move constraints listed in [.Xil/mopshub_readout_bd_clk_wiz_0_0_propImpl.xdc] to another XDC file and exclude this new file from synthesis with the used_in_synthesis property (File Properties dialog in GUI) and re-run elaboration/synthesis.
INFO: [Timing 38-2] Deriving generated clocks
Parsing XDC File [/home/dcs/git/mopshub/vivado/mopshub_readout/mopshub_readout/mopshub_readout.runs/mopshub_readout_bd_clk_wiz_0_0_synth_1/dont_touch.xdc]
Finished Parsing XDC File [/home/dcs/git/mopshub/vivado/mopshub_readout/mopshub_readout/mopshub_readout.runs/mopshub_readout_bd_clk_wiz_0_0_synth_1/dont_touch.xdc]
Parsing XDC File [/home/dcs/git/mopshub/vivado/mopshub_readout/mopshub_readout/mopshub_readout.gen/sources_1/bd/mopshub_readout_bd/ip/mopshub_readout_bd_clk_wiz_0_0/mopshub_readout_bd_clk_wiz_0_0_late.xdc] for cell 'inst'
Finished Parsing XDC File [/home/dcs/git/mopshub/vivado/mopshub_readout/mopshub_readout/mopshub_readout.gen/sources_1/bd/mopshub_readout_bd/ip/mopshub_readout_bd_clk_wiz_0_0/mopshub_readout_bd_clk_wiz_0_0_late.xdc] for cell 'inst'
Completed Processing XDC Constraints

Netlist sorting complete. Time (s): cpu = 00:00:00 ; elapsed = 00:00:00 . Memory (MB): peak = 3081.074 ; gain = 0.000 ; free physical = 2306 ; free virtual = 17094
INFO: [Project 1-111] Unisim Transformation Summary:
  A total of 2 instances were transformed.
  BUFG => BUFGCE: 1 instance 
  IBUFDS => IBUFDS (DIFFINBUF, IBUFCTRL): 1 instance 

Constraint Validation Runtime : Time (s): cpu = 00:00:00.01 ; elapsed = 00:00:00.14 . Memory (MB): peak = 3081.078 ; gain = 0.004 ; free physical = 2370 ; free virtual = 17160
---------------------------------------------------------------------------------
Finished Constraint Validation : Time (s): cpu = 00:00:17 ; elapsed = 00:00:30 . Memory (MB): peak = 3081.078 ; gain = 248.289 ; free physical = 2398 ; free virtual = 17160
---------------------------------------------------------------------------------
---------------------------------------------------------------------------------
Start Loading Part and Timing Information
---------------------------------------------------------------------------------
Loading part: xczu9eg-ffvb1156-2-e
INFO: [Synth 8-6742] Reading net delay rules and data
---------------------------------------------------------------------------------
Finished Loading Part and Timing Information : Time (s): cpu = 00:00:17 ; elapsed = 00:00:30 . Memory (MB): peak = 3081.078 ; gain = 248.289 ; free physical = 2397 ; free virtual = 17159
---------------------------------------------------------------------------------
---------------------------------------------------------------------------------
Start Applying 'set_property' XDC Constraints
---------------------------------------------------------------------------------
Applied set_property KEEP_HIERARCHY = SOFT for inst. (constraint file  /home/dcs/git/mopshub/vivado/mopshub_readout/mopshub_readout/mopshub_readout.runs/mopshub_readout_bd_clk_wiz_0_0_synth_1/dont_touch.xdc, line 9).
Applied set_property KEEP = true for clk_in1_n. (constraint file  auto generated constraint).
Applied set_property KEEP = true for clk_in1_p. (constraint file  auto generated constraint).
---------------------------------------------------------------------------------
Finished applying 'set_property' XDC Constraints : Time (s): cpu = 00:00:17 ; elapsed = 00:00:30 . Memory (MB): peak = 3081.078 ; gain = 248.289 ; free physical = 2394 ; free virtual = 17155
---------------------------------------------------------------------------------
---------------------------------------------------------------------------------
Finished RTL Optimization Phase 2 : Time (s): cpu = 00:00:17 ; elapsed = 00:00:30 . Memory (MB): peak = 3081.078 ; gain = 248.289 ; free physical = 2423 ; free virtual = 17185
---------------------------------------------------------------------------------
---------------------------------------------------------------------------------
Start RTL Component Statistics 
---------------------------------------------------------------------------------
Detailed RTL Component Info : 
+---Registers : 
	                8 Bit    Registers := 4     
---------------------------------------------------------------------------------
Finished RTL Component Statistics 
---------------------------------------------------------------------------------
---------------------------------------------------------------------------------
Start Part Resource Summary
---------------------------------------------------------------------------------
Part Resources:
DSPs: 2520 (col length:168)
BRAMs: 1824 (col length: RAMB18 168 RAMB36 84)
---------------------------------------------------------------------------------
Finished Part Resource Summary
---------------------------------------------------------------------------------
---------------------------------------------------------------------------------
Start Cross Boundary and Area Optimization
---------------------------------------------------------------------------------
---------------------------------------------------------------------------------
Finished Cross Boundary and Area Optimization : Time (s): cpu = 00:00:18 ; elapsed = 00:00:31 . Memory (MB): peak = 3081.078 ; gain = 248.289 ; free physical = 2419 ; free virtual = 17189
---------------------------------------------------------------------------------
---------------------------------------------------------------------------------
Start Applying XDC Timing Constraints
---------------------------------------------------------------------------------
---------------------------------------------------------------------------------
Finished Applying XDC Timing Constraints : Time (s): cpu = 00:00:37 ; elapsed = 00:01:25 . Memory (MB): peak = 3465.836 ; gain = 633.047 ; free physical = 826 ; free virtual = 15595
---------------------------------------------------------------------------------
---------------------------------------------------------------------------------
Start Timing Optimization
---------------------------------------------------------------------------------
---------------------------------------------------------------------------------
Finished Timing Optimization : Time (s): cpu = 00:00:38 ; elapsed = 00:01:25 . Memory (MB): peak = 3465.836 ; gain = 633.047 ; free physical = 826 ; free virtual = 15595
---------------------------------------------------------------------------------
---------------------------------------------------------------------------------
Start Technology Mapping
---------------------------------------------------------------------------------
---------------------------------------------------------------------------------
Finished Technology Mapping : Time (s): cpu = 00:00:38 ; elapsed = 00:01:25 . Memory (MB): peak = 3484.859 ; gain = 652.070 ; free physical = 824 ; free virtual = 15594
---------------------------------------------------------------------------------
---------------------------------------------------------------------------------
Start IO Insertion
---------------------------------------------------------------------------------
---------------------------------------------------------------------------------
Start Flattening Before IO Insertion
---------------------------------------------------------------------------------
---------------------------------------------------------------------------------
Finished Flattening Before IO Insertion
---------------------------------------------------------------------------------
---------------------------------------------------------------------------------
Start Final Netlist Cleanup
---------------------------------------------------------------------------------
---------------------------------------------------------------------------------
Finished Final Netlist Cleanup
---------------------------------------------------------------------------------
---------------------------------------------------------------------------------
Finished IO Insertion : Time (s): cpu = 00:00:40 ; elapsed = 00:01:28 . Memory (MB): peak = 3490.801 ; gain = 658.012 ; free physical = 250 ; free virtual = 14534
---------------------------------------------------------------------------------
---------------------------------------------------------------------------------
Start Renaming Generated Instances
---------------------------------------------------------------------------------
---------------------------------------------------------------------------------
Finished Renaming Generated Instances : Time (s): cpu = 00:00:40 ; elapsed = 00:01:28 . Memory (MB): peak = 3490.801 ; gain = 658.012 ; free physical = 250 ; free virtual = 14534
---------------------------------------------------------------------------------
---------------------------------------------------------------------------------
Start Rebuilding User Hierarchy
---------------------------------------------------------------------------------
---------------------------------------------------------------------------------
Finished Rebuilding User Hierarchy : Time (s): cpu = 00:00:40 ; elapsed = 00:01:28 . Memory (MB): peak = 3490.801 ; gain = 658.012 ; free physical = 249 ; free virtual = 14533
---------------------------------------------------------------------------------
---------------------------------------------------------------------------------
Start Renaming Generated Ports
---------------------------------------------------------------------------------
---------------------------------------------------------------------------------
Finished Renaming Generated Ports : Time (s): cpu = 00:00:40 ; elapsed = 00:01:28 . Memory (MB): peak = 3490.801 ; gain = 658.012 ; free physical = 249 ; free virtual = 14533
---------------------------------------------------------------------------------
---------------------------------------------------------------------------------
Start Handling Custom Attributes
---------------------------------------------------------------------------------
---------------------------------------------------------------------------------
Finished Handling Custom Attributes : Time (s): cpu = 00:00:40 ; elapsed = 00:01:28 . Memory (MB): peak = 3490.801 ; gain = 658.012 ; free physical = 249 ; free virtual = 14533
---------------------------------------------------------------------------------
---------------------------------------------------------------------------------
Start Renaming Generated Nets
---------------------------------------------------------------------------------
---------------------------------------------------------------------------------
Finished Renaming Generated Nets : Time (s): cpu = 00:00:40 ; elapsed = 00:01:28 . Memory (MB): peak = 3490.801 ; gain = 658.012 ; free physical = 249 ; free virtual = 14533
---------------------------------------------------------------------------------
---------------------------------------------------------------------------------
Start Writing Synthesis Report
---------------------------------------------------------------------------------

Report BlackBoxes: 
+-+--------------+----------+
| |BlackBox name |Instances |
+-+--------------+----------+
+-+--------------+----------+

Report Cell Usage: 
+------+-----------+------+
|      |Cell       |Count |
+------+-----------+------+
|1     |BUFG       |     1|
|2     |BUFGCE     |     8|
|3     |MMCME4_ADV |     1|
|4     |FDRE       |    32|
|5     |IBUFDS     |     1|
+------+-----------+------+
---------------------------------------------------------------------------------
Finished Writing Synthesis Report : Time (s): cpu = 00:00:40 ; elapsed = 00:01:28 . Memory (MB): peak = 3490.801 ; gain = 658.012 ; free physical = 248 ; free virtual = 14533
---------------------------------------------------------------------------------
Synthesis finished with 0 errors, 0 critical warnings and 0 warnings.
Synthesis Optimization Runtime : Time (s): cpu = 00:00:33 ; elapsed = 00:01:14 . Memory (MB): peak = 3490.801 ; gain = 509.320 ; free physical = 281 ; free virtual = 14565
Synthesis Optimization Complete : Time (s): cpu = 00:00:40 ; elapsed = 00:01:28 . Memory (MB): peak = 3490.805 ; gain = 658.012 ; free physical = 280 ; free virtual = 14565
INFO: [Project 1-571] Translating synthesized netlist
Netlist sorting complete. Time (s): cpu = 00:00:00 ; elapsed = 00:00:00 . Memory (MB): peak = 3490.805 ; gain = 0.000 ; free physical = 375 ; free virtual = 14660
INFO: [Netlist 29-17] Analyzing 3 Unisim elements for replacement
INFO: [Netlist 29-28] Unisim Transformation completed in 0 CPU seconds
INFO: [Project 1-570] Preparing netlist for logic optimization
INFO: [Opt 31-138] Pushed 0 inverter(s) to 0 load pin(s).
Netlist sorting complete. Time (s): cpu = 00:00:00 ; elapsed = 00:00:00 . Memory (MB): peak = 3527.488 ; gain = 0.000 ; free physical = 412 ; free virtual = 14699
INFO: [Project 1-111] Unisim Transformation Summary:
  A total of 2 instances were transformed.
  BUFG => BUFGCE: 1 instance 
  IBUFDS => IBUFDS (DIFFINBUF, IBUFCTRL): 1 instance 

INFO: [Common 17-83] Releasing license: Synthesis
35 Infos, 1 Warnings, 1 Critical Warnings and 0 Errors encountered.
synth_design completed successfully
synth_design: Time (s): cpu = 00:00:56 ; elapsed = 00:02:08 . Memory (MB): peak = 3527.488 ; gain = 1078.270 ; free physical = 620 ; free virtual = 14908
INFO: [Common 17-1381] The checkpoint '/home/dcs/git/mopshub/vivado/mopshub_readout/mopshub_readout/mopshub_readout.runs/mopshub_readout_bd_clk_wiz_0_0_synth_1/mopshub_readout_bd_clk_wiz_0_0.dcp' has been generated.
INFO: [runtcl-6] Synthesis results are not added to the cache due to CRITICAL_WARNING
INFO: [Common 17-1381] The checkpoint '/home/dcs/git/mopshub/vivado/mopshub_readout/mopshub_readout/mopshub_readout.runs/mopshub_readout_bd_clk_wiz_0_0_synth_1/mopshub_readout_bd_clk_wiz_0_0.dcp' has been generated.
INFO: [runtcl-4] Executing : report_utilization -file mopshub_readout_bd_clk_wiz_0_0_utilization_synth.rpt -pb mopshub_readout_bd_clk_wiz_0_0_utilization_synth.pb
INFO: [Common 17-206] Exiting Vivado at Thu Jun 13 16:16:18 2024...
