
*** Running vivado
    with args -log mopshub_readout_bd_wrapper.vds -m64 -product Vivado -mode batch -messageDb vivado.pb -notrace -source mopshub_readout_bd_wrapper.tcl


****** Vivado v2020.2 (64-bit)
  **** SW Build 3064766 on Wed Nov 18 09:12:47 MST 2020
  **** IP Build 3064653 on Wed Nov 18 14:17:31 MST 2020
    ** Copyright 1986-2020 Xilinx, Inc. All Rights Reserved.

source mopshub_readout_bd_wrapper.tcl -notrace
INFO: [IP_Flow 19-234] Refreshing IP repositories
INFO: [IP_Flow 19-1700] Loaded user IP repository '/home/dcs/git/mopshub/Vivado/mopshub_readout/ip_repo'.
INFO: [IP_Flow 19-2313] Loaded Vivado IP repository '/mnt/storage/sw/Xilinx/Vivado/2020.2/data/ip'.
update_ip_catalog: Time (s): cpu = 00:00:02 ; elapsed = 00:00:05 . Memory (MB): peak = 2448.191 ; gain = 0.000 ; free physical = 5383 ; free virtual = 11394
add_files: Time (s): cpu = 00:00:05 ; elapsed = 00:00:06 . Memory (MB): peak = 2568.242 ; gain = 120.051 ; free physical = 5332 ; free virtual = 11351
Command: synth_design -top mopshub_readout_bd_wrapper -part xczu9eg-ffvb1156-2-e
Starting synth_design
Attempting to get a license for feature 'Synthesis' and/or device 'xczu9eg'
INFO: [Common 17-349] Got license for feature 'Synthesis' and/or device 'xczu9eg'
INFO: [Common 17-1540] The version limit for your license is '2021.01' and has expired for new software. A version limit expiration means that, although you may be able to continue to use the current version of tools or IP with this license, you will not be eligible for any updates or new releases.
INFO: [Device 21-403] Loading part xczu9eg-ffvb1156-2-e
INFO: [Synth 8-7079] Multithreading enabled for synth_design using a maximum of 4 processes.
INFO: [Synth 8-7078] Launching helper process for spawning children vivado processes
INFO: [Synth 8-7075] Helper process launched with PID 21189
---------------------------------------------------------------------------------
Starting RTL Elaboration : Time (s): cpu = 00:00:03 ; elapsed = 00:00:05 . Memory (MB): peak = 2926.590 ; gain = 36.816 ; free physical = 4150 ; free virtual = 10209
---------------------------------------------------------------------------------
INFO: [Synth 8-6157] synthesizing module 'mopshub_readout_bd_wrapper' [/home/dcs/git/mopshub/Vivado/mopshub_readout/mopshub_readout/mopshub_readout.gen/sources_1/bd/mopshub_readout_bd/hdl/mopshub_readout_bd_wrapper.v:12]
INFO: [Synth 8-6157] synthesizing module 'mopshub_readout_bd' [/home/dcs/git/mopshub/Vivado/mopshub_readout/mopshub_readout/mopshub_readout.gen/sources_1/bd/mopshub_readout_bd/synth/mopshub_readout_bd.v:13]
INFO: [Synth 8-6157] synthesizing module 'mopshub_readout_bd_clk_wiz_0_0' [/home/dcs/git/mopshub/Vivado/mopshub_readout/mopshub_readout/mopshub_readout.runs/synth_1/.Xil/Vivado-20764-chipdev2.physik.uni-wuppertal.de/realtime/mopshub_readout_bd_clk_wiz_0_0_stub.v:5]
INFO: [Synth 8-6155] done synthesizing module 'mopshub_readout_bd_clk_wiz_0_0' (1#1) [/home/dcs/git/mopshub/Vivado/mopshub_readout/mopshub_readout/mopshub_readout.runs/synth_1/.Xil/Vivado-20764-chipdev2.physik.uni-wuppertal.de/realtime/mopshub_readout_bd_clk_wiz_0_0_stub.v:5]
INFO: [Synth 8-6157] synthesizing module 'mopshub_readout_bd_clk_wiz_1_0' [/home/dcs/git/mopshub/Vivado/mopshub_readout/mopshub_readout/mopshub_readout.runs/synth_1/.Xil/Vivado-20764-chipdev2.physik.uni-wuppertal.de/realtime/mopshub_readout_bd_clk_wiz_1_0_stub.v:5]
INFO: [Synth 8-6155] done synthesizing module 'mopshub_readout_bd_clk_wiz_1_0' (2#1) [/home/dcs/git/mopshub/Vivado/mopshub_readout/mopshub_readout/mopshub_readout.runs/synth_1/.Xil/Vivado-20764-chipdev2.physik.uni-wuppertal.de/realtime/mopshub_readout_bd_clk_wiz_1_0_stub.v:5]
INFO: [Synth 8-6157] synthesizing module 'mopshub_readout_bd_gig_ethernet_pcs_pma_0_0' [/home/dcs/git/mopshub/Vivado/mopshub_readout/mopshub_readout/mopshub_readout.runs/synth_1/.Xil/Vivado-20764-chipdev2.physik.uni-wuppertal.de/realtime/mopshub_readout_bd_gig_ethernet_pcs_pma_0_0_stub.v:5]
INFO: [Synth 8-6155] done synthesizing module 'mopshub_readout_bd_gig_ethernet_pcs_pma_0_0' (3#1) [/home/dcs/git/mopshub/Vivado/mopshub_readout/mopshub_readout/mopshub_readout.runs/synth_1/.Xil/Vivado-20764-chipdev2.physik.uni-wuppertal.de/realtime/mopshub_readout_bd_gig_ethernet_pcs_pma_0_0_stub.v:5]
WARNING: [Synth 8-7071] port 'gtrefclk_out' of module 'mopshub_readout_bd_gig_ethernet_pcs_pma_0_0' is unconnected for instance 'gig_ethernet_pcs_pma_0' [/home/dcs/git/mopshub/Vivado/mopshub_readout/mopshub_readout/mopshub_readout.gen/sources_1/bd/mopshub_readout_bd/synth/mopshub_readout_bd.v:192]
WARNING: [Synth 8-7071] port 'userclk_out' of module 'mopshub_readout_bd_gig_ethernet_pcs_pma_0_0' is unconnected for instance 'gig_ethernet_pcs_pma_0' [/home/dcs/git/mopshub/Vivado/mopshub_readout/mopshub_readout/mopshub_readout.gen/sources_1/bd/mopshub_readout_bd/synth/mopshub_readout_bd.v:192]
WARNING: [Synth 8-7071] port 'rxuserclk_out' of module 'mopshub_readout_bd_gig_ethernet_pcs_pma_0_0' is unconnected for instance 'gig_ethernet_pcs_pma_0' [/home/dcs/git/mopshub/Vivado/mopshub_readout/mopshub_readout/mopshub_readout.gen/sources_1/bd/mopshub_readout_bd/synth/mopshub_readout_bd.v:192]
WARNING: [Synth 8-7071] port 'rxuserclk2_out' of module 'mopshub_readout_bd_gig_ethernet_pcs_pma_0_0' is unconnected for instance 'gig_ethernet_pcs_pma_0' [/home/dcs/git/mopshub/Vivado/mopshub_readout/mopshub_readout/mopshub_readout.gen/sources_1/bd/mopshub_readout_bd/synth/mopshub_readout_bd.v:192]
WARNING: [Synth 8-7071] port 'pma_reset_out' of module 'mopshub_readout_bd_gig_ethernet_pcs_pma_0_0' is unconnected for instance 'gig_ethernet_pcs_pma_0' [/home/dcs/git/mopshub/Vivado/mopshub_readout/mopshub_readout/mopshub_readout.gen/sources_1/bd/mopshub_readout_bd/synth/mopshub_readout_bd.v:192]
WARNING: [Synth 8-7071] port 'gmii_isolate' of module 'mopshub_readout_bd_gig_ethernet_pcs_pma_0_0' is unconnected for instance 'gig_ethernet_pcs_pma_0' [/home/dcs/git/mopshub/Vivado/mopshub_readout/mopshub_readout/mopshub_readout.gen/sources_1/bd/mopshub_readout_bd/synth/mopshub_readout_bd.v:192]
WARNING: [Synth 8-7071] port 'status_vector' of module 'mopshub_readout_bd_gig_ethernet_pcs_pma_0_0' is unconnected for instance 'gig_ethernet_pcs_pma_0' [/home/dcs/git/mopshub/Vivado/mopshub_readout/mopshub_readout/mopshub_readout.gen/sources_1/bd/mopshub_readout_bd/synth/mopshub_readout_bd.v:192]
WARNING: [Synth 8-7071] port 'gtpowergood' of module 'mopshub_readout_bd_gig_ethernet_pcs_pma_0_0' is unconnected for instance 'gig_ethernet_pcs_pma_0' [/home/dcs/git/mopshub/Vivado/mopshub_readout/mopshub_readout/mopshub_readout.gen/sources_1/bd/mopshub_readout_bd/synth/mopshub_readout_bd.v:192]
WARNING: [Synth 8-7023] instance 'gig_ethernet_pcs_pma_0' of module 'mopshub_readout_bd_gig_ethernet_pcs_pma_0_0' has 27 connections declared, but only 19 given [/home/dcs/git/mopshub/Vivado/mopshub_readout/mopshub_readout/mopshub_readout.gen/sources_1/bd/mopshub_readout_bd/synth/mopshub_readout_bd.v:192]
WARNING: [Synth 8-4446] all outputs are unconnected for this instance and logic may be removed [/home/dcs/git/mopshub/Vivado/mopshub_readout/mopshub_readout/mopshub_readout.gen/sources_1/bd/mopshub_readout_bd/synth/mopshub_readout_bd.v:212]
INFO: [Synth 8-6157] synthesizing module 'mopshub_readout_bd_ila_0_0' [/home/dcs/git/mopshub/Vivado/mopshub_readout/mopshub_readout/mopshub_readout.runs/synth_1/.Xil/Vivado-20764-chipdev2.physik.uni-wuppertal.de/realtime/mopshub_readout_bd_ila_0_0_stub.v:6]
INFO: [Synth 8-6155] done synthesizing module 'mopshub_readout_bd_ila_0_0' (4#1) [/home/dcs/git/mopshub/Vivado/mopshub_readout/mopshub_readout/mopshub_readout.runs/synth_1/.Xil/Vivado-20764-chipdev2.physik.uni-wuppertal.de/realtime/mopshub_readout_bd_ila_0_0_stub.v:6]
INFO: [Synth 8-6157] synthesizing module 'mopshub_readout_bd_mopshub_readout_0_0' [/home/dcs/git/mopshub/Vivado/mopshub_readout/mopshub_readout/mopshub_readout.runs/synth_1/.Xil/Vivado-20764-chipdev2.physik.uni-wuppertal.de/realtime/mopshub_readout_bd_mopshub_readout_0_0_stub.v:6]
INFO: [Synth 8-6155] done synthesizing module 'mopshub_readout_bd_mopshub_readout_0_0' (5#1) [/home/dcs/git/mopshub/Vivado/mopshub_readout/mopshub_readout/mopshub_readout.runs/synth_1/.Xil/Vivado-20764-chipdev2.physik.uni-wuppertal.de/realtime/mopshub_readout_bd_mopshub_readout_0_0_stub.v:6]
INFO: [Synth 8-6157] synthesizing module 'mopshub_readout_bd_proc_sys_reset_0_0' [/home/dcs/git/mopshub/Vivado/mopshub_readout/mopshub_readout/mopshub_readout.runs/synth_1/.Xil/Vivado-20764-chipdev2.physik.uni-wuppertal.de/realtime/mopshub_readout_bd_proc_sys_reset_0_0_stub.v:6]
INFO: [Synth 8-6155] done synthesizing module 'mopshub_readout_bd_proc_sys_reset_0_0' (6#1) [/home/dcs/git/mopshub/Vivado/mopshub_readout/mopshub_readout/mopshub_readout.runs/synth_1/.Xil/Vivado-20764-chipdev2.physik.uni-wuppertal.de/realtime/mopshub_readout_bd_proc_sys_reset_0_0_stub.v:6]
WARNING: [Synth 8-7071] port 'bus_struct_reset' of module 'mopshub_readout_bd_proc_sys_reset_0_0' is unconnected for instance 'proc_sys_reset_0' [/home/dcs/git/mopshub/Vivado/mopshub_readout/mopshub_readout/mopshub_readout.gen/sources_1/bd/mopshub_readout_bd/synth/mopshub_readout_bd.v:273]
WARNING: [Synth 8-7071] port 'peripheral_reset' of module 'mopshub_readout_bd_proc_sys_reset_0_0' is unconnected for instance 'proc_sys_reset_0' [/home/dcs/git/mopshub/Vivado/mopshub_readout/mopshub_readout/mopshub_readout.gen/sources_1/bd/mopshub_readout_bd/synth/mopshub_readout_bd.v:273]
WARNING: [Synth 8-7071] port 'interconnect_aresetn' of module 'mopshub_readout_bd_proc_sys_reset_0_0' is unconnected for instance 'proc_sys_reset_0' [/home/dcs/git/mopshub/Vivado/mopshub_readout/mopshub_readout/mopshub_readout.gen/sources_1/bd/mopshub_readout_bd/synth/mopshub_readout_bd.v:273]
WARNING: [Synth 8-7071] port 'peripheral_aresetn' of module 'mopshub_readout_bd_proc_sys_reset_0_0' is unconnected for instance 'proc_sys_reset_0' [/home/dcs/git/mopshub/Vivado/mopshub_readout/mopshub_readout/mopshub_readout.gen/sources_1/bd/mopshub_readout_bd/synth/mopshub_readout_bd.v:273]
WARNING: [Synth 8-7023] instance 'proc_sys_reset_0' of module 'mopshub_readout_bd_proc_sys_reset_0_0' has 10 connections declared, but only 6 given [/home/dcs/git/mopshub/Vivado/mopshub_readout/mopshub_readout/mopshub_readout.gen/sources_1/bd/mopshub_readout_bd/synth/mopshub_readout_bd.v:273]
INFO: [Synth 8-6157] synthesizing module 'mopshub_readout_bd_xlconstant_0_0' [/home/dcs/git/mopshub/Vivado/mopshub_readout/mopshub_readout/mopshub_readout.gen/sources_1/bd/mopshub_readout_bd/ip/mopshub_readout_bd_xlconstant_0_0/synth/mopshub_readout_bd_xlconstant_0_0.v:57]
INFO: [Synth 8-6157] synthesizing module 'xlconstant_v1_1_7_xlconstant' [/home/dcs/git/mopshub/Vivado/mopshub_readout/mopshub_readout/mopshub_readout.gen/sources_1/bd/mopshub_readout_bd/ipshared/fcfc/hdl/xlconstant_v1_1_vl_rfs.v:23]
	Parameter CONST_VAL bound to: 4'b0010 
	Parameter CONST_WIDTH bound to: 4 - type: integer 
INFO: [Synth 8-6155] done synthesizing module 'xlconstant_v1_1_7_xlconstant' (7#1) [/home/dcs/git/mopshub/Vivado/mopshub_readout/mopshub_readout/mopshub_readout.gen/sources_1/bd/mopshub_readout_bd/ipshared/fcfc/hdl/xlconstant_v1_1_vl_rfs.v:23]
INFO: [Synth 8-6155] done synthesizing module 'mopshub_readout_bd_xlconstant_0_0' (8#1) [/home/dcs/git/mopshub/Vivado/mopshub_readout/mopshub_readout/mopshub_readout.gen/sources_1/bd/mopshub_readout_bd/ip/mopshub_readout_bd_xlconstant_0_0/synth/mopshub_readout_bd_xlconstant_0_0.v:57]
INFO: [Synth 8-6157] synthesizing module 'mopshub_readout_bd_xlconstant_1_0' [/home/dcs/git/mopshub/Vivado/mopshub_readout/mopshub_readout/mopshub_readout.gen/sources_1/bd/mopshub_readout_bd/ip/mopshub_readout_bd_xlconstant_1_0/synth/mopshub_readout_bd_xlconstant_1_0.v:57]
INFO: [Synth 8-6157] synthesizing module 'xlconstant_v1_1_7_xlconstant__parameterized0' [/home/dcs/git/mopshub/Vivado/mopshub_readout/mopshub_readout/mopshub_readout.gen/sources_1/bd/mopshub_readout_bd/ipshared/fcfc/hdl/xlconstant_v1_1_vl_rfs.v:23]
	Parameter CONST_VAL bound to: 1'b1 
	Parameter CONST_WIDTH bound to: 1 - type: integer 
INFO: [Synth 8-6155] done synthesizing module 'xlconstant_v1_1_7_xlconstant__parameterized0' (8#1) [/home/dcs/git/mopshub/Vivado/mopshub_readout/mopshub_readout/mopshub_readout.gen/sources_1/bd/mopshub_readout_bd/ipshared/fcfc/hdl/xlconstant_v1_1_vl_rfs.v:23]
INFO: [Synth 8-6155] done synthesizing module 'mopshub_readout_bd_xlconstant_1_0' (9#1) [/home/dcs/git/mopshub/Vivado/mopshub_readout/mopshub_readout/mopshub_readout.gen/sources_1/bd/mopshub_readout_bd/ip/mopshub_readout_bd_xlconstant_1_0/synth/mopshub_readout_bd_xlconstant_1_0.v:57]
INFO: [Synth 8-6157] synthesizing module 'mopshub_readout_bd_zynq_ultra_ps_e_0_0' [/home/dcs/git/mopshub/Vivado/mopshub_readout/mopshub_readout/mopshub_readout.runs/synth_1/.Xil/Vivado-20764-chipdev2.physik.uni-wuppertal.de/realtime/mopshub_readout_bd_zynq_ultra_ps_e_0_0_stub.v:6]
INFO: [Synth 8-6155] done synthesizing module 'mopshub_readout_bd_zynq_ultra_ps_e_0_0' (10#1) [/home/dcs/git/mopshub/Vivado/mopshub_readout/mopshub_readout/mopshub_readout.runs/synth_1/.Xil/Vivado-20764-chipdev2.physik.uni-wuppertal.de/realtime/mopshub_readout_bd_zynq_ultra_ps_e_0_0_stub.v:6]
INFO: [Synth 8-6071] Mark debug on the nets applies keep_hierarchy on instance 'mopshub_readout_0'. This will prevent further optimization [/home/dcs/git/mopshub/Vivado/mopshub_readout/mopshub_readout/mopshub_readout.gen/sources_1/bd/mopshub_readout_bd/synth/mopshub_readout_bd.v:220]
INFO: [Synth 8-6071] Mark debug on the nets applies keep_hierarchy on instance 'ila_0'. This will prevent further optimization [/home/dcs/git/mopshub/Vivado/mopshub_readout/mopshub_readout/mopshub_readout.gen/sources_1/bd/mopshub_readout_bd/synth/mopshub_readout_bd.v:212]
INFO: [Synth 8-6155] done synthesizing module 'mopshub_readout_bd' (11#1) [/home/dcs/git/mopshub/Vivado/mopshub_readout/mopshub_readout/mopshub_readout.gen/sources_1/bd/mopshub_readout_bd/synth/mopshub_readout_bd.v:13]
INFO: [Synth 8-6155] done synthesizing module 'mopshub_readout_bd_wrapper' (12#1) [/home/dcs/git/mopshub/Vivado/mopshub_readout/mopshub_readout/mopshub_readout.gen/sources_1/bd/mopshub_readout_bd/hdl/mopshub_readout_bd_wrapper.v:12]
---------------------------------------------------------------------------------
Finished RTL Elaboration : Time (s): cpu = 00:00:04 ; elapsed = 00:00:07 . Memory (MB): peak = 2970.500 ; gain = 80.727 ; free physical = 4142 ; free virtual = 10205
---------------------------------------------------------------------------------
---------------------------------------------------------------------------------
Start Handling Custom Attributes
---------------------------------------------------------------------------------
---------------------------------------------------------------------------------
Finished Handling Custom Attributes : Time (s): cpu = 00:00:05 ; elapsed = 00:00:07 . Memory (MB): peak = 2987.340 ; gain = 97.566 ; free physical = 4076 ; free virtual = 10150
---------------------------------------------------------------------------------
---------------------------------------------------------------------------------
Finished RTL Optimization Phase 1 : Time (s): cpu = 00:00:05 ; elapsed = 00:00:07 . Memory (MB): peak = 2987.340 ; gain = 97.566 ; free physical = 4077 ; free virtual = 10151
---------------------------------------------------------------------------------
Netlist sorting complete. Time (s): cpu = 00:00:00 ; elapsed = 00:00:00 . Memory (MB): peak = 2987.340 ; gain = 0.000 ; free physical = 4066 ; free virtual = 10139
INFO: [Project 1-570] Preparing netlist for logic optimization

Processing XDC Constraints
Initializing timing engine
Parsing XDC File [/home/dcs/git/mopshub/Vivado/mopshub_readout/mopshub_readout/mopshub_readout.gen/sources_1/bd/mopshub_readout_bd/ip/mopshub_readout_bd_clk_wiz_0_0/mopshub_readout_bd_clk_wiz_0_0/mopshub_readout_bd_clk_wiz_0_0_in_context.xdc] for cell 'mopshub_readout_bd_i/clk_wiz_0'
Finished Parsing XDC File [/home/dcs/git/mopshub/Vivado/mopshub_readout/mopshub_readout/mopshub_readout.gen/sources_1/bd/mopshub_readout_bd/ip/mopshub_readout_bd_clk_wiz_0_0/mopshub_readout_bd_clk_wiz_0_0/mopshub_readout_bd_clk_wiz_0_0_in_context.xdc] for cell 'mopshub_readout_bd_i/clk_wiz_0'
Parsing XDC File [/home/dcs/git/mopshub/Vivado/mopshub_readout/mopshub_readout/mopshub_readout.gen/sources_1/bd/mopshub_readout_bd/ip/mopshub_readout_bd_clk_wiz_1_0/mopshub_readout_bd_clk_wiz_1_0/mopshub_readout_bd_clk_wiz_1_0_in_context.xdc] for cell 'mopshub_readout_bd_i/clk_wiz_1'
Finished Parsing XDC File [/home/dcs/git/mopshub/Vivado/mopshub_readout/mopshub_readout/mopshub_readout.gen/sources_1/bd/mopshub_readout_bd/ip/mopshub_readout_bd_clk_wiz_1_0/mopshub_readout_bd_clk_wiz_1_0/mopshub_readout_bd_clk_wiz_1_0_in_context.xdc] for cell 'mopshub_readout_bd_i/clk_wiz_1'
Parsing XDC File [/home/dcs/git/mopshub/Vivado/mopshub_readout/mopshub_readout/mopshub_readout.gen/sources_1/bd/mopshub_readout_bd/ip/mopshub_readout_bd_gig_ethernet_pcs_pma_0_0/mopshub_readout_bd_gig_ethernet_pcs_pma_0_0/mopshub_readout_bd_gig_ethernet_pcs_pma_0_0_in_context.xdc] for cell 'mopshub_readout_bd_i/gig_ethernet_pcs_pma_0'
Finished Parsing XDC File [/home/dcs/git/mopshub/Vivado/mopshub_readout/mopshub_readout/mopshub_readout.gen/sources_1/bd/mopshub_readout_bd/ip/mopshub_readout_bd_gig_ethernet_pcs_pma_0_0/mopshub_readout_bd_gig_ethernet_pcs_pma_0_0/mopshub_readout_bd_gig_ethernet_pcs_pma_0_0_in_context.xdc] for cell 'mopshub_readout_bd_i/gig_ethernet_pcs_pma_0'
Parsing XDC File [/home/dcs/git/mopshub/Vivado/mopshub_readout/mopshub_readout/mopshub_readout.gen/sources_1/bd/mopshub_readout_bd/ip/mopshub_readout_bd_ila_0_0/mopshub_readout_bd_ila_0_0/mopshub_readout_bd_ila_0_0_in_context.xdc] for cell 'mopshub_readout_bd_i/ila_0'
Finished Parsing XDC File [/home/dcs/git/mopshub/Vivado/mopshub_readout/mopshub_readout/mopshub_readout.gen/sources_1/bd/mopshub_readout_bd/ip/mopshub_readout_bd_ila_0_0/mopshub_readout_bd_ila_0_0/mopshub_readout_bd_ila_0_0_in_context.xdc] for cell 'mopshub_readout_bd_i/ila_0'
Parsing XDC File [/home/dcs/git/mopshub/Vivado/mopshub_readout/mopshub_readout/mopshub_readout.gen/sources_1/bd/mopshub_readout_bd/ip/mopshub_readout_bd_mopshub_readout_0_0/mopshub_readout_bd_mopshub_readout_0_0/mopshub_readout_bd_mopshub_readout_0_0_in_context.xdc] for cell 'mopshub_readout_bd_i/mopshub_readout_0'
Finished Parsing XDC File [/home/dcs/git/mopshub/Vivado/mopshub_readout/mopshub_readout/mopshub_readout.gen/sources_1/bd/mopshub_readout_bd/ip/mopshub_readout_bd_mopshub_readout_0_0/mopshub_readout_bd_mopshub_readout_0_0/mopshub_readout_bd_mopshub_readout_0_0_in_context.xdc] for cell 'mopshub_readout_bd_i/mopshub_readout_0'
Parsing XDC File [/home/dcs/git/mopshub/Vivado/mopshub_readout/mopshub_readout/mopshub_readout.gen/sources_1/bd/mopshub_readout_bd/ip/mopshub_readout_bd_proc_sys_reset_0_0/mopshub_readout_bd_proc_sys_reset_0_0/mopshub_readout_bd_proc_sys_reset_0_0_in_context.xdc] for cell 'mopshub_readout_bd_i/proc_sys_reset_0'
Finished Parsing XDC File [/home/dcs/git/mopshub/Vivado/mopshub_readout/mopshub_readout/mopshub_readout.gen/sources_1/bd/mopshub_readout_bd/ip/mopshub_readout_bd_proc_sys_reset_0_0/mopshub_readout_bd_proc_sys_reset_0_0/mopshub_readout_bd_proc_sys_reset_0_0_in_context.xdc] for cell 'mopshub_readout_bd_i/proc_sys_reset_0'
Parsing XDC File [/home/dcs/git/mopshub/Vivado/mopshub_readout/src/constrs_1/mopshub_readout.xdc]
Finished Parsing XDC File [/home/dcs/git/mopshub/Vivado/mopshub_readout/src/constrs_1/mopshub_readout.xdc]
INFO: [Project 1-236] Implementation specific constraints were found while reading constraint file [/home/dcs/git/mopshub/Vivado/mopshub_readout/src/constrs_1/mopshub_readout.xdc]. These constraints will be ignored for synthesis but will be used in implementation. Impacted constraints are listed in the file [.Xil/mopshub_readout_bd_wrapper_propImpl.xdc].
Resolution: To avoid this warning, move constraints listed in [.Xil/mopshub_readout_bd_wrapper_propImpl.xdc] to another XDC file and exclude this new file from synthesis with the used_in_synthesis property (File Properties dialog in GUI) and re-run elaboration/synthesis.
Parsing XDC File [/home/dcs/git/mopshub/Vivado/mopshub_readout/mopshub_readout/mopshub_readout.runs/synth_1/dont_touch.xdc]
Finished Parsing XDC File [/home/dcs/git/mopshub/Vivado/mopshub_readout/mopshub_readout/mopshub_readout.runs/synth_1/dont_touch.xdc]
INFO: [Project 1-236] Implementation specific constraints were found while reading constraint file [/home/dcs/git/mopshub/Vivado/mopshub_readout/mopshub_readout/mopshub_readout.runs/synth_1/dont_touch.xdc]. These constraints will be ignored for synthesis but will be used in implementation. Impacted constraints are listed in the file [.Xil/mopshub_readout_bd_wrapper_propImpl.xdc].
Resolution: To avoid this warning, move constraints listed in [.Xil/mopshub_readout_bd_wrapper_propImpl.xdc] to another XDC file and exclude this new file from synthesis with the used_in_synthesis property (File Properties dialog in GUI) and re-run elaboration/synthesis.
Completed Processing XDC Constraints

Netlist sorting complete. Time (s): cpu = 00:00:00 ; elapsed = 00:00:00 . Memory (MB): peak = 3055.113 ; gain = 0.000 ; free physical = 3840 ; free virtual = 9959
INFO: [Project 1-111] Unisim Transformation Summary:
No Unisim elements were transformed.

Constraint Validation Runtime : Time (s): cpu = 00:00:00 ; elapsed = 00:00:00.02 . Memory (MB): peak = 3055.113 ; gain = 0.000 ; free physical = 3840 ; free virtual = 9959
---------------------------------------------------------------------------------
Finished Constraint Validation : Time (s): cpu = 00:00:13 ; elapsed = 00:00:21 . Memory (MB): peak = 3055.113 ; gain = 165.340 ; free physical = 3959 ; free virtual = 10033
---------------------------------------------------------------------------------
---------------------------------------------------------------------------------
Start Loading Part and Timing Information
---------------------------------------------------------------------------------
Loading part: xczu9eg-ffvb1156-2-e
INFO: [Synth 8-6742] Reading net delay rules and data
---------------------------------------------------------------------------------
Finished Loading Part and Timing Information : Time (s): cpu = 00:00:13 ; elapsed = 00:00:21 . Memory (MB): peak = 3055.113 ; gain = 165.340 ; free physical = 3959 ; free virtual = 10033
---------------------------------------------------------------------------------
---------------------------------------------------------------------------------
Start Applying 'set_property' XDC Constraints
---------------------------------------------------------------------------------
Applied set_property IO_BUFFER_TYPE = NONE for clk_sys_clk_n. (constraint file  /home/dcs/git/mopshub/Vivado/mopshub_readout/mopshub_readout/mopshub_readout.gen/sources_1/bd/mopshub_readout_bd/ip/mopshub_readout_bd_clk_wiz_0_0/mopshub_readout_bd_clk_wiz_0_0/mopshub_readout_bd_clk_wiz_0_0_in_context.xdc, line 6).
Applied set_property CLOCK_BUFFER_TYPE = NONE for clk_sys_clk_n. (constraint file  /home/dcs/git/mopshub/Vivado/mopshub_readout/mopshub_readout/mopshub_readout.gen/sources_1/bd/mopshub_readout_bd/ip/mopshub_readout_bd_clk_wiz_0_0/mopshub_readout_bd_clk_wiz_0_0/mopshub_readout_bd_clk_wiz_0_0_in_context.xdc, line 7).
Applied set_property IO_BUFFER_TYPE = NONE for clk_sys_clk_p. (constraint file  /home/dcs/git/mopshub/Vivado/mopshub_readout/mopshub_readout/mopshub_readout.gen/sources_1/bd/mopshub_readout_bd/ip/mopshub_readout_bd_clk_wiz_0_0/mopshub_readout_bd_clk_wiz_0_0/mopshub_readout_bd_clk_wiz_0_0_in_context.xdc, line 8).
Applied set_property CLOCK_BUFFER_TYPE = NONE for clk_sys_clk_p. (constraint file  /home/dcs/git/mopshub/Vivado/mopshub_readout/mopshub_readout/mopshub_readout.gen/sources_1/bd/mopshub_readout_bd/ip/mopshub_readout_bd_clk_wiz_0_0/mopshub_readout_bd_clk_wiz_0_0/mopshub_readout_bd_clk_wiz_0_0_in_context.xdc, line 9).
Applied set_property IO_BUFFER_TYPE = NONE for gtrefclk_in_0_clk_n. (constraint file  /home/dcs/git/mopshub/Vivado/mopshub_readout/mopshub_readout/mopshub_readout.gen/sources_1/bd/mopshub_readout_bd/ip/mopshub_readout_bd_gig_ethernet_pcs_pma_0_0/mopshub_readout_bd_gig_ethernet_pcs_pma_0_0/mopshub_readout_bd_gig_ethernet_pcs_pma_0_0_in_context.xdc, line 5).
Applied set_property CLOCK_BUFFER_TYPE = NONE for gtrefclk_in_0_clk_n. (constraint file  /home/dcs/git/mopshub/Vivado/mopshub_readout/mopshub_readout/mopshub_readout.gen/sources_1/bd/mopshub_readout_bd/ip/mopshub_readout_bd_gig_ethernet_pcs_pma_0_0/mopshub_readout_bd_gig_ethernet_pcs_pma_0_0/mopshub_readout_bd_gig_ethernet_pcs_pma_0_0_in_context.xdc, line 6).
Applied set_property IO_BUFFER_TYPE = NONE for gtrefclk_in_0_clk_p. (constraint file  /home/dcs/git/mopshub/Vivado/mopshub_readout/mopshub_readout/mopshub_readout.gen/sources_1/bd/mopshub_readout_bd/ip/mopshub_readout_bd_gig_ethernet_pcs_pma_0_0/mopshub_readout_bd_gig_ethernet_pcs_pma_0_0/mopshub_readout_bd_gig_ethernet_pcs_pma_0_0_in_context.xdc, line 7).
Applied set_property CLOCK_BUFFER_TYPE = NONE for gtrefclk_in_0_clk_p. (constraint file  /home/dcs/git/mopshub/Vivado/mopshub_readout/mopshub_readout/mopshub_readout.gen/sources_1/bd/mopshub_readout_bd/ip/mopshub_readout_bd_gig_ethernet_pcs_pma_0_0/mopshub_readout_bd_gig_ethernet_pcs_pma_0_0/mopshub_readout_bd_gig_ethernet_pcs_pma_0_0_in_context.xdc, line 8).
Applied set_property IO_BUFFER_TYPE = NONE for sfp_0_rxn. (constraint file  /home/dcs/git/mopshub/Vivado/mopshub_readout/mopshub_readout/mopshub_readout.gen/sources_1/bd/mopshub_readout_bd/ip/mopshub_readout_bd_gig_ethernet_pcs_pma_0_0/mopshub_readout_bd_gig_ethernet_pcs_pma_0_0/mopshub_readout_bd_gig_ethernet_pcs_pma_0_0_in_context.xdc, line 9).
Applied set_property CLOCK_BUFFER_TYPE = NONE for sfp_0_rxn. (constraint file  /home/dcs/git/mopshub/Vivado/mopshub_readout/mopshub_readout/mopshub_readout.gen/sources_1/bd/mopshub_readout_bd/ip/mopshub_readout_bd_gig_ethernet_pcs_pma_0_0/mopshub_readout_bd_gig_ethernet_pcs_pma_0_0/mopshub_readout_bd_gig_ethernet_pcs_pma_0_0_in_context.xdc, line 10).
Applied set_property IO_BUFFER_TYPE = NONE for sfp_0_rxp. (constraint file  /home/dcs/git/mopshub/Vivado/mopshub_readout/mopshub_readout/mopshub_readout.gen/sources_1/bd/mopshub_readout_bd/ip/mopshub_readout_bd_gig_ethernet_pcs_pma_0_0/mopshub_readout_bd_gig_ethernet_pcs_pma_0_0/mopshub_readout_bd_gig_ethernet_pcs_pma_0_0_in_context.xdc, line 11).
Applied set_property CLOCK_BUFFER_TYPE = NONE for sfp_0_rxp. (constraint file  /home/dcs/git/mopshub/Vivado/mopshub_readout/mopshub_readout/mopshub_readout.gen/sources_1/bd/mopshub_readout_bd/ip/mopshub_readout_bd_gig_ethernet_pcs_pma_0_0/mopshub_readout_bd_gig_ethernet_pcs_pma_0_0/mopshub_readout_bd_gig_ethernet_pcs_pma_0_0_in_context.xdc, line 12).
Applied set_property IO_BUFFER_TYPE = NONE for sfp_0_txn. (constraint file  /home/dcs/git/mopshub/Vivado/mopshub_readout/mopshub_readout/mopshub_readout.gen/sources_1/bd/mopshub_readout_bd/ip/mopshub_readout_bd_gig_ethernet_pcs_pma_0_0/mopshub_readout_bd_gig_ethernet_pcs_pma_0_0/mopshub_readout_bd_gig_ethernet_pcs_pma_0_0_in_context.xdc, line 13).
Applied set_property CLOCK_BUFFER_TYPE = NONE for sfp_0_txn. (constraint file  /home/dcs/git/mopshub/Vivado/mopshub_readout/mopshub_readout/mopshub_readout.gen/sources_1/bd/mopshub_readout_bd/ip/mopshub_readout_bd_gig_ethernet_pcs_pma_0_0/mopshub_readout_bd_gig_ethernet_pcs_pma_0_0/mopshub_readout_bd_gig_ethernet_pcs_pma_0_0_in_context.xdc, line 14).
Applied set_property IO_BUFFER_TYPE = NONE for sfp_0_txp. (constraint file  /home/dcs/git/mopshub/Vivado/mopshub_readout/mopshub_readout/mopshub_readout.gen/sources_1/bd/mopshub_readout_bd/ip/mopshub_readout_bd_gig_ethernet_pcs_pma_0_0/mopshub_readout_bd_gig_ethernet_pcs_pma_0_0/mopshub_readout_bd_gig_ethernet_pcs_pma_0_0_in_context.xdc, line 15).
Applied set_property CLOCK_BUFFER_TYPE = NONE for sfp_0_txp. (constraint file  /home/dcs/git/mopshub/Vivado/mopshub_readout/mopshub_readout/mopshub_readout.gen/sources_1/bd/mopshub_readout_bd/ip/mopshub_readout_bd_gig_ethernet_pcs_pma_0_0/mopshub_readout_bd_gig_ethernet_pcs_pma_0_0/mopshub_readout_bd_gig_ethernet_pcs_pma_0_0_in_context.xdc, line 16).
Applied set_property IO_BUFFER_TYPE = NONE for clk_out_n_0. (constraint file  /home/dcs/git/mopshub/Vivado/mopshub_readout/mopshub_readout/mopshub_readout.gen/sources_1/bd/mopshub_readout_bd/ip/mopshub_readout_bd_mopshub_readout_0_0/mopshub_readout_bd_mopshub_readout_0_0/mopshub_readout_bd_mopshub_readout_0_0_in_context.xdc, line 1).
Applied set_property CLOCK_BUFFER_TYPE = NONE for clk_out_n_0. (constraint file  /home/dcs/git/mopshub/Vivado/mopshub_readout/mopshub_readout/mopshub_readout.gen/sources_1/bd/mopshub_readout_bd/ip/mopshub_readout_bd_mopshub_readout_0_0/mopshub_readout_bd_mopshub_readout_0_0/mopshub_readout_bd_mopshub_readout_0_0_in_context.xdc, line 2).
Applied set_property IO_BUFFER_TYPE = NONE for clk_out_p_0. (constraint file  /home/dcs/git/mopshub/Vivado/mopshub_readout/mopshub_readout/mopshub_readout.gen/sources_1/bd/mopshub_readout_bd/ip/mopshub_readout_bd_mopshub_readout_0_0/mopshub_readout_bd_mopshub_readout_0_0/mopshub_readout_bd_mopshub_readout_0_0_in_context.xdc, line 3).
Applied set_property CLOCK_BUFFER_TYPE = NONE for clk_out_p_0. (constraint file  /home/dcs/git/mopshub/Vivado/mopshub_readout/mopshub_readout/mopshub_readout.gen/sources_1/bd/mopshub_readout_bd/ip/mopshub_readout_bd_mopshub_readout_0_0/mopshub_readout_bd_mopshub_readout_0_0/mopshub_readout_bd_mopshub_readout_0_0_in_context.xdc, line 4).
Applied set_property IO_BUFFER_TYPE = NONE for rx_elink_n_0. (constraint file  /home/dcs/git/mopshub/Vivado/mopshub_readout/mopshub_readout/mopshub_readout.gen/sources_1/bd/mopshub_readout_bd/ip/mopshub_readout_bd_mopshub_readout_0_0/mopshub_readout_bd_mopshub_readout_0_0/mopshub_readout_bd_mopshub_readout_0_0_in_context.xdc, line 5).
Applied set_property CLOCK_BUFFER_TYPE = NONE for rx_elink_n_0. (constraint file  /home/dcs/git/mopshub/Vivado/mopshub_readout/mopshub_readout/mopshub_readout.gen/sources_1/bd/mopshub_readout_bd/ip/mopshub_readout_bd_mopshub_readout_0_0/mopshub_readout_bd_mopshub_readout_0_0/mopshub_readout_bd_mopshub_readout_0_0_in_context.xdc, line 6).
Applied set_property IO_BUFFER_TYPE = NONE for rx_elink_p_0. (constraint file  /home/dcs/git/mopshub/Vivado/mopshub_readout/mopshub_readout/mopshub_readout.gen/sources_1/bd/mopshub_readout_bd/ip/mopshub_readout_bd_mopshub_readout_0_0/mopshub_readout_bd_mopshub_readout_0_0/mopshub_readout_bd_mopshub_readout_0_0_in_context.xdc, line 7).
Applied set_property CLOCK_BUFFER_TYPE = NONE for rx_elink_p_0. (constraint file  /home/dcs/git/mopshub/Vivado/mopshub_readout/mopshub_readout/mopshub_readout.gen/sources_1/bd/mopshub_readout_bd/ip/mopshub_readout_bd_mopshub_readout_0_0/mopshub_readout_bd_mopshub_readout_0_0/mopshub_readout_bd_mopshub_readout_0_0_in_context.xdc, line 8).
Applied set_property IO_BUFFER_TYPE = NONE for sysclk_n_0. (constraint file  /home/dcs/git/mopshub/Vivado/mopshub_readout/mopshub_readout/mopshub_readout.gen/sources_1/bd/mopshub_readout_bd/ip/mopshub_readout_bd_mopshub_readout_0_0/mopshub_readout_bd_mopshub_readout_0_0/mopshub_readout_bd_mopshub_readout_0_0_in_context.xdc, line 9).
Applied set_property CLOCK_BUFFER_TYPE = NONE for sysclk_n_0. (constraint file  /home/dcs/git/mopshub/Vivado/mopshub_readout/mopshub_readout/mopshub_readout.gen/sources_1/bd/mopshub_readout_bd/ip/mopshub_readout_bd_mopshub_readout_0_0/mopshub_readout_bd_mopshub_readout_0_0/mopshub_readout_bd_mopshub_readout_0_0_in_context.xdc, line 10).
Applied set_property IO_BUFFER_TYPE = NONE for sysclk_p_0. (constraint file  /home/dcs/git/mopshub/Vivado/mopshub_readout/mopshub_readout/mopshub_readout.gen/sources_1/bd/mopshub_readout_bd/ip/mopshub_readout_bd_mopshub_readout_0_0/mopshub_readout_bd_mopshub_readout_0_0/mopshub_readout_bd_mopshub_readout_0_0_in_context.xdc, line 11).
Applied set_property CLOCK_BUFFER_TYPE = NONE for sysclk_p_0. (constraint file  /home/dcs/git/mopshub/Vivado/mopshub_readout/mopshub_readout/mopshub_readout.gen/sources_1/bd/mopshub_readout_bd/ip/mopshub_readout_bd_mopshub_readout_0_0/mopshub_readout_bd_mopshub_readout_0_0/mopshub_readout_bd_mopshub_readout_0_0_in_context.xdc, line 12).
Applied set_property IO_BUFFER_TYPE = NONE for tx_elink_n_0. (constraint file  /home/dcs/git/mopshub/Vivado/mopshub_readout/mopshub_readout/mopshub_readout.gen/sources_1/bd/mopshub_readout_bd/ip/mopshub_readout_bd_mopshub_readout_0_0/mopshub_readout_bd_mopshub_readout_0_0/mopshub_readout_bd_mopshub_readout_0_0_in_context.xdc, line 13).
Applied set_property CLOCK_BUFFER_TYPE = NONE for tx_elink_n_0. (constraint file  /home/dcs/git/mopshub/Vivado/mopshub_readout/mopshub_readout/mopshub_readout.gen/sources_1/bd/mopshub_readout_bd/ip/mopshub_readout_bd_mopshub_readout_0_0/mopshub_readout_bd_mopshub_readout_0_0/mopshub_readout_bd_mopshub_readout_0_0_in_context.xdc, line 14).
Applied set_property IO_BUFFER_TYPE = NONE for tx_elink_p_0. (constraint file  /home/dcs/git/mopshub/Vivado/mopshub_readout/mopshub_readout/mopshub_readout.gen/sources_1/bd/mopshub_readout_bd/ip/mopshub_readout_bd_mopshub_readout_0_0/mopshub_readout_bd_mopshub_readout_0_0/mopshub_readout_bd_mopshub_readout_0_0_in_context.xdc, line 15).
Applied set_property CLOCK_BUFFER_TYPE = NONE for tx_elink_p_0. (constraint file  /home/dcs/git/mopshub/Vivado/mopshub_readout/mopshub_readout/mopshub_readout.gen/sources_1/bd/mopshub_readout_bd/ip/mopshub_readout_bd_mopshub_readout_0_0/mopshub_readout_bd_mopshub_readout_0_0/mopshub_readout_bd_mopshub_readout_0_0_in_context.xdc, line 16).
Applied set_property KEEP_HIERARCHY = SOFT for mopshub_readout_bd_i. (constraint file  auto generated constraint).
Applied set_property KEEP_HIERARCHY = SOFT for mopshub_readout_bd_i/clk_wiz_0. (constraint file  auto generated constraint).
Applied set_property KEEP_HIERARCHY = SOFT for mopshub_readout_bd_i/clk_wiz_1. (constraint file  auto generated constraint).
Applied set_property KEEP_HIERARCHY = SOFT for mopshub_readout_bd_i/gig_ethernet_pcs_pma_0. (constraint file  auto generated constraint).
Applied set_property KEEP_HIERARCHY = SOFT for mopshub_readout_bd_i/ila_0. (constraint file  auto generated constraint).
Applied set_property KEEP_HIERARCHY = SOFT for mopshub_readout_bd_i/mopshub_readout_0. (constraint file  auto generated constraint).
Applied set_property KEEP_HIERARCHY = SOFT for mopshub_readout_bd_i/proc_sys_reset_0. (constraint file  auto generated constraint).
Applied set_property KEEP_HIERARCHY = SOFT for mopshub_readout_bd_i/xlconstant_0. (constraint file  auto generated constraint).
Applied set_property KEEP_HIERARCHY = SOFT for mopshub_readout_bd_i/xlconstant_1. (constraint file  auto generated constraint).
Applied set_property KEEP_HIERARCHY = SOFT for mopshub_readout_bd_i/zynq_ultra_ps_e_0. (constraint file  auto generated constraint).
---------------------------------------------------------------------------------
Finished applying 'set_property' XDC Constraints : Time (s): cpu = 00:00:14 ; elapsed = 00:00:21 . Memory (MB): peak = 3055.113 ; gain = 165.340 ; free physical = 3959 ; free virtual = 10033
---------------------------------------------------------------------------------
---------------------------------------------------------------------------------
Finished RTL Optimization Phase 2 : Time (s): cpu = 00:00:14 ; elapsed = 00:00:21 . Memory (MB): peak = 3055.113 ; gain = 165.340 ; free physical = 3958 ; free virtual = 10033
---------------------------------------------------------------------------------
---------------------------------------------------------------------------------
Start RTL Component Statistics 
---------------------------------------------------------------------------------
Detailed RTL Component Info : 
---------------------------------------------------------------------------------
Finished RTL Component Statistics 
---------------------------------------------------------------------------------
---------------------------------------------------------------------------------
Start Part Resource Summary
---------------------------------------------------------------------------------
Part Resources:
DSPs: 2520 (col length:168)
BRAMs: 1824 (col length: RAMB18 168 RAMB36 84)
---------------------------------------------------------------------------------
Finished Part Resource Summary
---------------------------------------------------------------------------------
---------------------------------------------------------------------------------
Start Cross Boundary and Area Optimization
---------------------------------------------------------------------------------
---------------------------------------------------------------------------------
Finished Cross Boundary and Area Optimization : Time (s): cpu = 00:00:14 ; elapsed = 00:00:22 . Memory (MB): peak = 3055.113 ; gain = 165.340 ; free physical = 3948 ; free virtual = 10025
---------------------------------------------------------------------------------
---------------------------------------------------------------------------------
Start Applying XDC Timing Constraints
---------------------------------------------------------------------------------
---------------------------------------------------------------------------------
Finished Applying XDC Timing Constraints : Time (s): cpu = 00:00:31 ; elapsed = 00:01:08 . Memory (MB): peak = 3512.785 ; gain = 623.012 ; free physical = 3481 ; free virtual = 9558
---------------------------------------------------------------------------------
---------------------------------------------------------------------------------
Start Timing Optimization
---------------------------------------------------------------------------------
---------------------------------------------------------------------------------
Finished Timing Optimization : Time (s): cpu = 00:00:31 ; elapsed = 00:01:08 . Memory (MB): peak = 3512.785 ; gain = 623.012 ; free physical = 3481 ; free virtual = 9558
---------------------------------------------------------------------------------
---------------------------------------------------------------------------------
Start Technology Mapping
---------------------------------------------------------------------------------
---------------------------------------------------------------------------------
Finished Technology Mapping : Time (s): cpu = 00:00:31 ; elapsed = 00:01:08 . Memory (MB): peak = 3531.809 ; gain = 642.035 ; free physical = 3480 ; free virtual = 9557
---------------------------------------------------------------------------------
---------------------------------------------------------------------------------
Start IO Insertion
---------------------------------------------------------------------------------
---------------------------------------------------------------------------------
Start Flattening Before IO Insertion
---------------------------------------------------------------------------------
---------------------------------------------------------------------------------
Finished Flattening Before IO Insertion
---------------------------------------------------------------------------------
---------------------------------------------------------------------------------
Start Final Netlist Cleanup
---------------------------------------------------------------------------------
---------------------------------------------------------------------------------
Finished Final Netlist Cleanup
---------------------------------------------------------------------------------
---------------------------------------------------------------------------------
Finished IO Insertion : Time (s): cpu = 00:00:33 ; elapsed = 00:01:10 . Memory (MB): peak = 3537.750 ; gain = 647.977 ; free physical = 3475 ; free virtual = 9555
---------------------------------------------------------------------------------
---------------------------------------------------------------------------------
Start Renaming Generated Instances
---------------------------------------------------------------------------------
---------------------------------------------------------------------------------
Finished Renaming Generated Instances : Time (s): cpu = 00:00:33 ; elapsed = 00:01:10 . Memory (MB): peak = 3537.750 ; gain = 647.977 ; free physical = 3475 ; free virtual = 9555
---------------------------------------------------------------------------------
---------------------------------------------------------------------------------
Start Rebuilding User Hierarchy
---------------------------------------------------------------------------------
---------------------------------------------------------------------------------
Finished Rebuilding User Hierarchy : Time (s): cpu = 00:00:33 ; elapsed = 00:01:10 . Memory (MB): peak = 3537.750 ; gain = 647.977 ; free physical = 3475 ; free virtual = 9555
---------------------------------------------------------------------------------
---------------------------------------------------------------------------------
Start Renaming Generated Ports
---------------------------------------------------------------------------------
---------------------------------------------------------------------------------
Finished Renaming Generated Ports : Time (s): cpu = 00:00:33 ; elapsed = 00:01:10 . Memory (MB): peak = 3537.750 ; gain = 647.977 ; free physical = 3477 ; free virtual = 9554
---------------------------------------------------------------------------------
---------------------------------------------------------------------------------
Start Handling Custom Attributes
---------------------------------------------------------------------------------
---------------------------------------------------------------------------------
Finished Handling Custom Attributes : Time (s): cpu = 00:00:33 ; elapsed = 00:01:10 . Memory (MB): peak = 3537.750 ; gain = 647.977 ; free physical = 3477 ; free virtual = 9554
---------------------------------------------------------------------------------
---------------------------------------------------------------------------------
Start Renaming Generated Nets
---------------------------------------------------------------------------------
---------------------------------------------------------------------------------
Finished Renaming Generated Nets : Time (s): cpu = 00:00:33 ; elapsed = 00:01:10 . Memory (MB): peak = 3537.750 ; gain = 647.977 ; free physical = 3477 ; free virtual = 9554
---------------------------------------------------------------------------------
---------------------------------------------------------------------------------
Start Writing Synthesis Report
---------------------------------------------------------------------------------

Report BlackBoxes: 
+------+--------------------------------------------+----------+
|      |BlackBox name                               |Instances |
+------+--------------------------------------------+----------+
|1     |mopshub_readout_bd_clk_wiz_0_0              |         1|
|2     |mopshub_readout_bd_clk_wiz_1_0              |         1|
|3     |mopshub_readout_bd_gig_ethernet_pcs_pma_0_0 |         1|
|4     |mopshub_readout_bd_ila_0_0                  |         1|
|5     |mopshub_readout_bd_mopshub_readout_0_0      |         1|
|6     |mopshub_readout_bd_proc_sys_reset_0_0       |         1|
|7     |mopshub_readout_bd_zynq_ultra_ps_e_0_0      |         1|
+------+--------------------------------------------+----------+

Report Cell Usage: 
+------+------------------------------------------+------+
|      |Cell                                      |Count |
+------+------------------------------------------+------+
|1     |mopshub_readout_bd_clk_wiz_0              |     1|
|2     |mopshub_readout_bd_clk_wiz_1              |     1|
|3     |mopshub_readout_bd_gig_ethernet_pcs_pma_0 |     1|
|4     |mopshub_readout_bd_ila_0                  |     1|
|5     |mopshub_readout_bd_mopshub_readout_0      |     1|
|6     |mopshub_readout_bd_proc_sys_reset_0       |     1|
|7     |mopshub_readout_bd_zynq_ultra_ps_e_0      |     1|
|8     |IBUF                                      |    10|
|9     |OBUF                                      |    11|
+------+------------------------------------------+------+
---------------------------------------------------------------------------------
Finished Writing Synthesis Report : Time (s): cpu = 00:00:33 ; elapsed = 00:01:10 . Memory (MB): peak = 3537.750 ; gain = 647.977 ; free physical = 3477 ; free virtual = 9554
---------------------------------------------------------------------------------
Synthesis finished with 0 errors, 0 critical warnings and 0 warnings.
Synthesis Optimization Runtime : Time (s): cpu = 00:00:28 ; elapsed = 00:01:01 . Memory (MB): peak = 3537.750 ; gain = 580.203 ; free physical = 3516 ; free virtual = 9593
Synthesis Optimization Complete : Time (s): cpu = 00:00:33 ; elapsed = 00:01:10 . Memory (MB): peak = 3537.754 ; gain = 647.977 ; free physical = 3516 ; free virtual = 9593
INFO: [Project 1-571] Translating synthesized netlist
Netlist sorting complete. Time (s): cpu = 00:00:00 ; elapsed = 00:00:00 . Memory (MB): peak = 3545.688 ; gain = 0.000 ; free physical = 3601 ; free virtual = 9678
INFO: [Netlist 29-17] Analyzing 10 Unisim elements for replacement
INFO: [Netlist 29-28] Unisim Transformation completed in 0 CPU seconds
INFO: [Project 1-570] Preparing netlist for logic optimization
INFO: [Opt 31-138] Pushed 0 inverter(s) to 0 load pin(s).
Netlist sorting complete. Time (s): cpu = 00:00:00 ; elapsed = 00:00:00 . Memory (MB): peak = 3569.469 ; gain = 0.000 ; free physical = 3538 ; free virtual = 9616
INFO: [Project 1-111] Unisim Transformation Summary:
  A total of 10 instances were transformed.
  IBUF => IBUF (IBUFCTRL, INBUF): 10 instances

INFO: [Common 17-83] Releasing license: Synthesis
49 Infos, 15 Warnings, 0 Critical Warnings and 0 Errors encountered.
synth_design completed successfully
synth_design: Time (s): cpu = 00:00:46 ; elapsed = 00:01:46 . Memory (MB): peak = 3569.469 ; gain = 1001.227 ; free physical = 3672 ; free virtual = 9750
INFO: [Common 17-1381] The checkpoint '/home/dcs/git/mopshub/Vivado/mopshub_readout/mopshub_readout/mopshub_readout.runs/synth_1/mopshub_readout_bd_wrapper.dcp' has been generated.
INFO: [runtcl-4] Executing : report_utilization -file mopshub_readout_bd_wrapper_utilization_synth.rpt -pb mopshub_readout_bd_wrapper_utilization_synth.pb
INFO: [Common 17-206] Exiting Vivado at Tue Mar 26 13:06:42 2024...
