
*** Running vivado
    with args -log mopshub_board_v1_clk_wiz_s1_0.vds -m64 -product Vivado -mode batch -messageDb vivado.pb -notrace -source mopshub_board_v1_clk_wiz_s1_0.tcl


****** Vivado v2020.2 (64-bit)
  **** SW Build 3064766 on Wed Nov 18 09:12:47 MST 2020
  **** IP Build 3064653 on Wed Nov 18 14:17:31 MST 2020
    ** Copyright 1986-2020 Xilinx, Inc. All Rights Reserved.

source mopshub_board_v1_clk_wiz_s1_0.tcl -notrace
WARNING: [Common 17-1361] You have specified a new message control rule that is equivalent to an existing rule with attributes ' -id {Synth 8-311}  -string {{WARNING: [Synth 8-311] ignoring non-constant assignment in initial block [/home/dcs/git/mopshub/mopshub_lib/hdl/buffer_rec_spi.v:27]}}  -suppress '. The existing rule will be replaced.
WARNING: [Common 17-1361] You have specified a new message control rule that is equivalent to an existing rule with attributes ' -id {Synth 8-2507}  -string {{WARNING: [Synth 8-2507] parameter declaration becomes local in elink_data_gen_SM with formal parameter declaration list [/home/dcs/git/mopshub/mopshub_lib/hdl/elink_data_gen_sm_fsm.v:95]}}  -suppress '. The existing rule will be replaced.
WARNING: [Common 17-1361] You have specified a new message control rule that is equivalent to an existing rule with attributes ' -id {[BD 41-1306]}  -suppress '. The existing rule will be replaced.
WARNING: [Common 17-1361] You have specified a new message control rule that is equivalent to an existing rule with attributes ' -id {[BD 41-1271]}  -suppress '. The existing rule will be replaced.
Command: synth_design -top mopshub_board_v1_clk_wiz_s1_0 -part xc7a200tfbg484-2 -mode out_of_context
Starting synth_design
Attempting to get a license for feature 'Synthesis' and/or device 'xc7a200t'
INFO: [Common 17-349] Got license for feature 'Synthesis' and/or device 'xc7a200t'
INFO: [Device 21-403] Loading part xc7a200tfbg484-2
INFO: [Synth 8-7079] Multithreading enabled for synth_design using a maximum of 4 processes.
INFO: [Synth 8-7078] Launching helper process for spawning children vivado processes
INFO: [Synth 8-7075] Helper process launched with PID 16443
---------------------------------------------------------------------------------
Starting RTL Elaboration : Time (s): cpu = 00:00:04 ; elapsed = 00:00:07 . Memory (MB): peak = 2461.297 ; gain = 0.000 ; free physical = 3058 ; free virtual = 8280
---------------------------------------------------------------------------------
INFO: [Synth 8-6157] synthesizing module 'mopshub_board_v1_clk_wiz_s1_0' [/home/dcs/git/mopshub/Vivado/mopshub_v1/mopshub_board_v1/mopshub_board_v1.gen/sources_1/bd/mopshub_board_v1/ip/mopshub_board_v1_clk_wiz_s1_0/mopshub_board_v1_clk_wiz_s1_0.v:75]
INFO: [Synth 8-6157] synthesizing module 'mopshub_board_v1_clk_wiz_s1_0_clk_wiz' [/home/dcs/git/mopshub/Vivado/mopshub_v1/mopshub_board_v1/mopshub_board_v1.gen/sources_1/bd/mopshub_board_v1/ip/mopshub_board_v1_clk_wiz_s1_0/mopshub_board_v1_clk_wiz_s1_0_clk_wiz.v:73]
INFO: [Synth 8-6157] synthesizing module 'IBUFDS' [/mnt/storage/sw/Xilinx/Vivado/2020.2/scripts/rt/data/unisim_comp.v:32998]
	Parameter CAPACITANCE bound to: DONT_CARE - type: string 
	Parameter DIFF_TERM bound to: FALSE - type: string 
	Parameter DQS_BIAS bound to: FALSE - type: string 
	Parameter IBUF_DELAY_VALUE bound to: 0 - type: string 
	Parameter IBUF_LOW_PWR bound to: TRUE - type: string 
	Parameter IFD_DELAY_VALUE bound to: AUTO - type: string 
	Parameter IOSTANDARD bound to: DEFAULT - type: string 
INFO: [Synth 8-6155] done synthesizing module 'IBUFDS' (1#1) [/mnt/storage/sw/Xilinx/Vivado/2020.2/scripts/rt/data/unisim_comp.v:32998]
INFO: [Synth 8-6157] synthesizing module 'MMCME2_ADV' [/mnt/storage/sw/Xilinx/Vivado/2020.2/scripts/rt/data/unisim_comp.v:39998]
	Parameter BANDWIDTH bound to: OPTIMIZED - type: string 
	Parameter CLKFBOUT_MULT_F bound to: 32.000000 - type: double 
	Parameter CLKFBOUT_PHASE bound to: 0.000000 - type: double 
	Parameter CLKFBOUT_USE_FINE_PS bound to: FALSE - type: string 
	Parameter CLKIN1_PERIOD bound to: 5.000000 - type: double 
	Parameter CLKIN2_PERIOD bound to: 0.000000 - type: double 
	Parameter CLKOUT0_DIVIDE_F bound to: 32.000000 - type: double 
	Parameter CLKOUT0_DUTY_CYCLE bound to: 0.500000 - type: double 
	Parameter CLKOUT0_PHASE bound to: 0.000000 - type: double 
	Parameter CLKOUT0_USE_FINE_PS bound to: FALSE - type: string 
	Parameter CLKOUT1_DIVIDE bound to: 16 - type: integer 
	Parameter CLKOUT1_DUTY_CYCLE bound to: 0.500000 - type: double 
	Parameter CLKOUT1_PHASE bound to: 0.000000 - type: double 
	Parameter CLKOUT1_USE_FINE_PS bound to: FALSE - type: string 
	Parameter CLKOUT2_DIVIDE bound to: 8 - type: integer 
	Parameter CLKOUT2_DUTY_CYCLE bound to: 0.500000 - type: double 
	Parameter CLKOUT2_PHASE bound to: 0.000000 - type: double 
	Parameter CLKOUT2_USE_FINE_PS bound to: FALSE - type: string 
	Parameter CLKOUT3_DIVIDE bound to: 16 - type: integer 
	Parameter CLKOUT3_DUTY_CYCLE bound to: 0.500000 - type: double 
	Parameter CLKOUT3_PHASE bound to: 0.000000 - type: double 
	Parameter CLKOUT3_USE_FINE_PS bound to: FALSE - type: string 
	Parameter CLKOUT4_CASCADE bound to: FALSE - type: string 
	Parameter CLKOUT4_DIVIDE bound to: 32 - type: integer 
	Parameter CLKOUT4_DUTY_CYCLE bound to: 0.500000 - type: double 
	Parameter CLKOUT4_PHASE bound to: 0.000000 - type: double 
	Parameter CLKOUT4_USE_FINE_PS bound to: FALSE - type: string 
	Parameter CLKOUT5_DIVIDE bound to: 111 - type: integer 
	Parameter CLKOUT5_DUTY_CYCLE bound to: 0.500000 - type: double 
	Parameter CLKOUT5_PHASE bound to: 0.000000 - type: double 
	Parameter CLKOUT5_USE_FINE_PS bound to: FALSE - type: string 
	Parameter CLKOUT6_DIVIDE bound to: 1 - type: integer 
	Parameter CLKOUT6_DUTY_CYCLE bound to: 0.500000 - type: double 
	Parameter CLKOUT6_PHASE bound to: 0.000000 - type: double 
	Parameter CLKOUT6_USE_FINE_PS bound to: FALSE - type: string 
	Parameter COMPENSATION bound to: ZHOLD - type: string 
	Parameter DIVCLK_DIVIDE bound to: 5 - type: integer 
	Parameter IS_CLKINSEL_INVERTED bound to: 1'b0 
	Parameter IS_PSEN_INVERTED bound to: 1'b0 
	Parameter IS_PSINCDEC_INVERTED bound to: 1'b0 
	Parameter IS_PWRDWN_INVERTED bound to: 1'b0 
	Parameter IS_RST_INVERTED bound to: 1'b0 
	Parameter REF_JITTER1 bound to: 0.010000 - type: double 
	Parameter REF_JITTER2 bound to: 0.010000 - type: double 
	Parameter SS_EN bound to: FALSE - type: string 
	Parameter SS_MODE bound to: CENTER_HIGH - type: string 
	Parameter SS_MOD_PERIOD bound to: 10000 - type: integer 
	Parameter STARTUP_WAIT bound to: FALSE - type: string 
INFO: [Synth 8-6155] done synthesizing module 'MMCME2_ADV' (2#1) [/mnt/storage/sw/Xilinx/Vivado/2020.2/scripts/rt/data/unisim_comp.v:39998]
INFO: [Synth 8-6157] synthesizing module 'BUFG' [/mnt/storage/sw/Xilinx/Vivado/2020.2/scripts/rt/data/unisim_comp.v:1083]
INFO: [Synth 8-6155] done synthesizing module 'BUFG' (3#1) [/mnt/storage/sw/Xilinx/Vivado/2020.2/scripts/rt/data/unisim_comp.v:1083]
INFO: [Synth 8-6155] done synthesizing module 'mopshub_board_v1_clk_wiz_s1_0_clk_wiz' (4#1) [/home/dcs/git/mopshub/Vivado/mopshub_v1/mopshub_board_v1/mopshub_board_v1.gen/sources_1/bd/mopshub_board_v1/ip/mopshub_board_v1_clk_wiz_s1_0/mopshub_board_v1_clk_wiz_s1_0_clk_wiz.v:73]
INFO: [Synth 8-6155] done synthesizing module 'mopshub_board_v1_clk_wiz_s1_0' (5#1) [/home/dcs/git/mopshub/Vivado/mopshub_v1/mopshub_board_v1/mopshub_board_v1.gen/sources_1/bd/mopshub_board_v1/ip/mopshub_board_v1_clk_wiz_s1_0/mopshub_board_v1_clk_wiz_s1_0.v:75]
---------------------------------------------------------------------------------
Finished RTL Elaboration : Time (s): cpu = 00:00:05 ; elapsed = 00:00:08 . Memory (MB): peak = 2476.273 ; gain = 14.977 ; free physical = 2909 ; free virtual = 8132
---------------------------------------------------------------------------------
---------------------------------------------------------------------------------
Start Handling Custom Attributes
---------------------------------------------------------------------------------
---------------------------------------------------------------------------------
Finished Handling Custom Attributes : Time (s): cpu = 00:00:06 ; elapsed = 00:00:09 . Memory (MB): peak = 2491.113 ; gain = 29.816 ; free physical = 2958 ; free virtual = 8181
---------------------------------------------------------------------------------
---------------------------------------------------------------------------------
Finished RTL Optimization Phase 1 : Time (s): cpu = 00:00:06 ; elapsed = 00:00:09 . Memory (MB): peak = 2491.113 ; gain = 29.816 ; free physical = 2958 ; free virtual = 8181
---------------------------------------------------------------------------------
Netlist sorting complete. Time (s): cpu = 00:00:00 ; elapsed = 00:00:00 . Memory (MB): peak = 2497.051 ; gain = 0.000 ; free physical = 2941 ; free virtual = 8163
INFO: [Netlist 29-17] Analyzing 2 Unisim elements for replacement
INFO: [Netlist 29-28] Unisim Transformation completed in 0 CPU seconds
INFO: [Project 1-570] Preparing netlist for logic optimization

Processing XDC Constraints
Initializing timing engine
Parsing XDC File [/home/dcs/git/mopshub/Vivado/mopshub_v1/mopshub_board_v1/mopshub_board_v1.gen/sources_1/bd/mopshub_board_v1/ip/mopshub_board_v1_clk_wiz_s1_0/mopshub_board_v1_clk_wiz_s1_0_ooc.xdc] for cell 'inst'
Finished Parsing XDC File [/home/dcs/git/mopshub/Vivado/mopshub_v1/mopshub_board_v1/mopshub_board_v1.gen/sources_1/bd/mopshub_board_v1/ip/mopshub_board_v1_clk_wiz_s1_0/mopshub_board_v1_clk_wiz_s1_0_ooc.xdc] for cell 'inst'
Parsing XDC File [/home/dcs/git/mopshub/Vivado/mopshub_v1/mopshub_board_v1/mopshub_board_v1.gen/sources_1/bd/mopshub_board_v1/ip/mopshub_board_v1_clk_wiz_s1_0/mopshub_board_v1_clk_wiz_s1_0_board.xdc] for cell 'inst'
Finished Parsing XDC File [/home/dcs/git/mopshub/Vivado/mopshub_v1/mopshub_board_v1/mopshub_board_v1.gen/sources_1/bd/mopshub_board_v1/ip/mopshub_board_v1_clk_wiz_s1_0/mopshub_board_v1_clk_wiz_s1_0_board.xdc] for cell 'inst'
Parsing XDC File [/home/dcs/git/mopshub/Vivado/mopshub_v1/mopshub_board_v1/mopshub_board_v1.gen/sources_1/bd/mopshub_board_v1/ip/mopshub_board_v1_clk_wiz_s1_0/mopshub_board_v1_clk_wiz_s1_0.xdc] for cell 'inst'
Finished Parsing XDC File [/home/dcs/git/mopshub/Vivado/mopshub_v1/mopshub_board_v1/mopshub_board_v1.gen/sources_1/bd/mopshub_board_v1/ip/mopshub_board_v1_clk_wiz_s1_0/mopshub_board_v1_clk_wiz_s1_0.xdc] for cell 'inst'
INFO: [Project 1-236] Implementation specific constraints were found while reading constraint file [/home/dcs/git/mopshub/Vivado/mopshub_v1/mopshub_board_v1/mopshub_board_v1.gen/sources_1/bd/mopshub_board_v1/ip/mopshub_board_v1_clk_wiz_s1_0/mopshub_board_v1_clk_wiz_s1_0.xdc]. These constraints will be ignored for synthesis but will be used in implementation. Impacted constraints are listed in the file [.Xil/mopshub_board_v1_clk_wiz_s1_0_propImpl.xdc].
Resolution: To avoid this warning, move constraints listed in [.Xil/mopshub_board_v1_clk_wiz_s1_0_propImpl.xdc] to another XDC file and exclude this new file from synthesis with the used_in_synthesis property (File Properties dialog in GUI) and re-run elaboration/synthesis.
INFO: [Timing 38-2] Deriving generated clocks
Parsing XDC File [/home/dcs/git/mopshub/Vivado/mopshub_v1/mopshub_board_v1/mopshub_board_v1.runs/mopshub_board_v1_clk_wiz_s1_0_synth_1/dont_touch.xdc]
Finished Parsing XDC File [/home/dcs/git/mopshub/Vivado/mopshub_v1/mopshub_board_v1/mopshub_board_v1.runs/mopshub_board_v1_clk_wiz_s1_0_synth_1/dont_touch.xdc]
Completed Processing XDC Constraints

Netlist sorting complete. Time (s): cpu = 00:00:00 ; elapsed = 00:00:00 . Memory (MB): peak = 2570.988 ; gain = 0.000 ; free physical = 2749 ; free virtual = 7973
INFO: [Project 1-111] Unisim Transformation Summary:
No Unisim elements were transformed.

Constraint Validation Runtime : Time (s): cpu = 00:00:00.02 ; elapsed = 00:00:00.05 . Memory (MB): peak = 2570.992 ; gain = 0.004 ; free physical = 2743 ; free virtual = 7967
---------------------------------------------------------------------------------
Finished Constraint Validation : Time (s): cpu = 00:00:14 ; elapsed = 00:00:20 . Memory (MB): peak = 2570.992 ; gain = 109.695 ; free physical = 2796 ; free virtual = 8024
---------------------------------------------------------------------------------
---------------------------------------------------------------------------------
Start Loading Part and Timing Information
---------------------------------------------------------------------------------
Loading part: xc7a200tfbg484-2
---------------------------------------------------------------------------------
Finished Loading Part and Timing Information : Time (s): cpu = 00:00:14 ; elapsed = 00:00:20 . Memory (MB): peak = 2570.992 ; gain = 109.695 ; free physical = 2793 ; free virtual = 8021
---------------------------------------------------------------------------------
---------------------------------------------------------------------------------
Start Applying 'set_property' XDC Constraints
---------------------------------------------------------------------------------
Applied set_property KEEP_HIERARCHY = SOFT for inst. (constraint file  /home/dcs/git/mopshub/Vivado/mopshub_v1/mopshub_board_v1/mopshub_board_v1.runs/mopshub_board_v1_clk_wiz_s1_0_synth_1/dont_touch.xdc, line 9).
---------------------------------------------------------------------------------
Finished applying 'set_property' XDC Constraints : Time (s): cpu = 00:00:14 ; elapsed = 00:00:20 . Memory (MB): peak = 2570.992 ; gain = 109.695 ; free physical = 2785 ; free virtual = 8013
---------------------------------------------------------------------------------
---------------------------------------------------------------------------------
Finished RTL Optimization Phase 2 : Time (s): cpu = 00:00:14 ; elapsed = 00:00:21 . Memory (MB): peak = 2570.992 ; gain = 109.695 ; free physical = 2821 ; free virtual = 8050
---------------------------------------------------------------------------------
---------------------------------------------------------------------------------
Start RTL Component Statistics 
---------------------------------------------------------------------------------
Detailed RTL Component Info : 
---------------------------------------------------------------------------------
Finished RTL Component Statistics 
---------------------------------------------------------------------------------
---------------------------------------------------------------------------------
Start Part Resource Summary
---------------------------------------------------------------------------------
Part Resources:
DSPs: 740 (col length:100)
BRAMs: 730 (col length: RAMB18 100 RAMB36 50)
---------------------------------------------------------------------------------
Finished Part Resource Summary
---------------------------------------------------------------------------------
---------------------------------------------------------------------------------
Start Cross Boundary and Area Optimization
---------------------------------------------------------------------------------
---------------------------------------------------------------------------------
Finished Cross Boundary and Area Optimization : Time (s): cpu = 00:00:15 ; elapsed = 00:00:22 . Memory (MB): peak = 2570.992 ; gain = 109.695 ; free physical = 2841 ; free virtual = 8072
---------------------------------------------------------------------------------
---------------------------------------------------------------------------------
Start Applying XDC Timing Constraints
---------------------------------------------------------------------------------
---------------------------------------------------------------------------------
Finished Applying XDC Timing Constraints : Time (s): cpu = 00:00:20 ; elapsed = 00:00:28 . Memory (MB): peak = 2570.992 ; gain = 109.695 ; free physical = 3866 ; free virtual = 9096
---------------------------------------------------------------------------------
---------------------------------------------------------------------------------
Start Timing Optimization
---------------------------------------------------------------------------------
---------------------------------------------------------------------------------
Finished Timing Optimization : Time (s): cpu = 00:00:20 ; elapsed = 00:00:28 . Memory (MB): peak = 2570.992 ; gain = 109.695 ; free physical = 3866 ; free virtual = 9096
---------------------------------------------------------------------------------
---------------------------------------------------------------------------------
Start Technology Mapping
---------------------------------------------------------------------------------
---------------------------------------------------------------------------------
Finished Technology Mapping : Time (s): cpu = 00:00:20 ; elapsed = 00:00:28 . Memory (MB): peak = 2570.992 ; gain = 109.695 ; free physical = 3864 ; free virtual = 9094
---------------------------------------------------------------------------------
---------------------------------------------------------------------------------
Start IO Insertion
---------------------------------------------------------------------------------
---------------------------------------------------------------------------------
Start Flattening Before IO Insertion
---------------------------------------------------------------------------------
---------------------------------------------------------------------------------
Finished Flattening Before IO Insertion
---------------------------------------------------------------------------------
---------------------------------------------------------------------------------
Start Final Netlist Cleanup
---------------------------------------------------------------------------------
---------------------------------------------------------------------------------
Finished Final Netlist Cleanup
---------------------------------------------------------------------------------
---------------------------------------------------------------------------------
Finished IO Insertion : Time (s): cpu = 00:00:24 ; elapsed = 00:00:33 . Memory (MB): peak = 2575.941 ; gain = 114.645 ; free physical = 3474 ; free virtual = 8710
---------------------------------------------------------------------------------
---------------------------------------------------------------------------------
Start Renaming Generated Instances
---------------------------------------------------------------------------------
---------------------------------------------------------------------------------
Finished Renaming Generated Instances : Time (s): cpu = 00:00:24 ; elapsed = 00:00:33 . Memory (MB): peak = 2575.941 ; gain = 114.645 ; free physical = 3469 ; free virtual = 8705
---------------------------------------------------------------------------------
---------------------------------------------------------------------------------
Start Rebuilding User Hierarchy
---------------------------------------------------------------------------------
---------------------------------------------------------------------------------
Finished Rebuilding User Hierarchy : Time (s): cpu = 00:00:24 ; elapsed = 00:00:33 . Memory (MB): peak = 2575.941 ; gain = 114.645 ; free physical = 3476 ; free virtual = 8711
---------------------------------------------------------------------------------
---------------------------------------------------------------------------------
Start Renaming Generated Ports
---------------------------------------------------------------------------------
---------------------------------------------------------------------------------
Finished Renaming Generated Ports : Time (s): cpu = 00:00:24 ; elapsed = 00:00:33 . Memory (MB): peak = 2575.941 ; gain = 114.645 ; free physical = 3480 ; free virtual = 8716
---------------------------------------------------------------------------------
---------------------------------------------------------------------------------
Start Handling Custom Attributes
---------------------------------------------------------------------------------
---------------------------------------------------------------------------------
Finished Handling Custom Attributes : Time (s): cpu = 00:00:24 ; elapsed = 00:00:33 . Memory (MB): peak = 2575.941 ; gain = 114.645 ; free physical = 3480 ; free virtual = 8715
---------------------------------------------------------------------------------
---------------------------------------------------------------------------------
Start Renaming Generated Nets
---------------------------------------------------------------------------------
---------------------------------------------------------------------------------
Finished Renaming Generated Nets : Time (s): cpu = 00:00:24 ; elapsed = 00:00:33 . Memory (MB): peak = 2575.941 ; gain = 114.645 ; free physical = 3478 ; free virtual = 8713
---------------------------------------------------------------------------------
---------------------------------------------------------------------------------
Start Writing Synthesis Report
---------------------------------------------------------------------------------

Report BlackBoxes: 
+-+--------------+----------+
| |BlackBox name |Instances |
+-+--------------+----------+
+-+--------------+----------+

Report Cell Usage: 
+------+-----------+------+
|      |Cell       |Count |
+------+-----------+------+
|1     |BUFG       |     7|
|2     |MMCME2_ADV |     1|
|3     |IBUFDS     |     1|
+------+-----------+------+
---------------------------------------------------------------------------------
Finished Writing Synthesis Report : Time (s): cpu = 00:00:24 ; elapsed = 00:00:33 . Memory (MB): peak = 2575.941 ; gain = 114.645 ; free physical = 3476 ; free virtual = 8712
---------------------------------------------------------------------------------
Synthesis finished with 0 errors, 0 critical warnings and 0 warnings.
Synthesis Optimization Runtime : Time (s): cpu = 00:00:21 ; elapsed = 00:00:30 . Memory (MB): peak = 2575.941 ; gain = 34.766 ; free physical = 3597 ; free virtual = 8829
Synthesis Optimization Complete : Time (s): cpu = 00:00:24 ; elapsed = 00:00:33 . Memory (MB): peak = 2575.945 ; gain = 114.645 ; free physical = 3593 ; free virtual = 8826
INFO: [Project 1-571] Translating synthesized netlist
Netlist sorting complete. Time (s): cpu = 00:00:00 ; elapsed = 00:00:00 . Memory (MB): peak = 2575.945 ; gain = 0.000 ; free physical = 3593 ; free virtual = 8825
INFO: [Netlist 29-17] Analyzing 2 Unisim elements for replacement
INFO: [Netlist 29-28] Unisim Transformation completed in 0 CPU seconds
INFO: [Project 1-570] Preparing netlist for logic optimization
INFO: [Opt 31-138] Pushed 0 inverter(s) to 0 load pin(s).
Netlist sorting complete. Time (s): cpu = 00:00:00 ; elapsed = 00:00:00 . Memory (MB): peak = 2586.848 ; gain = 0.000 ; free physical = 3547 ; free virtual = 8780
INFO: [Project 1-111] Unisim Transformation Summary:
No Unisim elements were transformed.

INFO: [Common 17-83] Releasing license: Synthesis
28 Infos, 4 Warnings, 0 Critical Warnings and 0 Errors encountered.
synth_design completed successfully
synth_design: Time (s): cpu = 00:00:35 ; elapsed = 00:00:55 . Memory (MB): peak = 2586.848 ; gain = 131.719 ; free physical = 3699 ; free virtual = 8928
INFO: [Common 17-1381] The checkpoint '/home/dcs/git/mopshub/Vivado/mopshub_v1/mopshub_board_v1/mopshub_board_v1.runs/mopshub_board_v1_clk_wiz_s1_0_synth_1/mopshub_board_v1_clk_wiz_s1_0.dcp' has been generated.
INFO: [Coretcl 2-1648] Added synthesis output to IP cache for IP mopshub_board_v1_clk_wiz_s1_0, cache-ID = 8b6b72971abec919
INFO: [Common 17-1381] The checkpoint '/home/dcs/git/mopshub/Vivado/mopshub_v1/mopshub_board_v1/mopshub_board_v1.runs/mopshub_board_v1_clk_wiz_s1_0_synth_1/mopshub_board_v1_clk_wiz_s1_0.dcp' has been generated.
INFO: [runtcl-4] Executing : report_utilization -file mopshub_board_v1_clk_wiz_s1_0_utilization_synth.rpt -pb mopshub_board_v1_clk_wiz_s1_0_utilization_synth.pb
INFO: [Common 17-206] Exiting Vivado at Tue Mar 26 14:33:46 2024...
