
*** Running vivado
    with args -log mopshub_board_v2_wrapper.vds -m64 -product Vivado -mode batch -messageDb vivado.pb -notrace -source mopshub_board_v2_wrapper.tcl


****** Vivado v2020.2 (64-bit)
  **** SW Build 3064766 on Wed Nov 18 09:12:47 MST 2020
  **** IP Build 3064653 on Wed Nov 18 14:17:31 MST 2020
    ** Copyright 1986-2020 Xilinx, Inc. All Rights Reserved.

source mopshub_board_v2_wrapper.tcl -notrace
WARNING: [Common 17-1361] You have specified a new message control rule that is equivalent to an existing rule with attributes ' -id {Synth 8-311}  -string {{WARNING: [Synth 8-311] ignoring non-constant assignment in initial block [/home/dcs/git/mopshub/mopshub_lib/hdl/buffer_rec_spi.v:27]}}  -suppress '. The existing rule will be replaced.
WARNING: [Common 17-1361] You have specified a new message control rule that is equivalent to an existing rule with attributes ' -id {Synth 8-2507}  -string {{WARNING: [Synth 8-2507] parameter declaration becomes local in elink_data_gen_SM with formal parameter declaration list [/home/dcs/git/mopshub/mopshub_lib/hdl/elink_data_gen_sm_fsm.v:95]}}  -suppress '. The existing rule will be replaced.
WARNING: [Common 17-1361] You have specified a new message control rule that is equivalent to an existing rule with attributes ' -id {[BD 41-1306]}  -suppress '. The existing rule will be replaced.
WARNING: [Common 17-1361] You have specified a new message control rule that is equivalent to an existing rule with attributes ' -id {[BD 41-1271]}  -suppress '. The existing rule will be replaced.
create_project: Time (s): cpu = 00:00:03 ; elapsed = 00:00:05 . Memory (MB): peak = 2451.141 ; gain = 2.023 ; free physical = 3233 ; free virtual = 8431
INFO: [IP_Flow 19-234] Refreshing IP repositories
INFO: [IP_Flow 19-1704] No user IP repositories specified
INFO: [IP_Flow 19-2313] Loaded Vivado IP repository '/mnt/storage/sw/Xilinx/Vivado/2020.2/data/ip'.
add_files: Time (s): cpu = 00:00:09 ; elapsed = 00:00:09 . Memory (MB): peak = 2603.207 ; gain = 152.066 ; free physical = 3177 ; free virtual = 8411
Command: synth_design -top mopshub_board_v2_wrapper -part xc7a200tfbg484-2
Starting synth_design
Attempting to get a license for feature 'Synthesis' and/or device 'xc7a200t'
INFO: [Common 17-349] Got license for feature 'Synthesis' and/or device 'xc7a200t'
INFO: [Device 21-403] Loading part xc7a200tfbg484-2
INFO: [Synth 8-7079] Multithreading enabled for synth_design using a maximum of 4 processes.
INFO: [Synth 8-7078] Launching helper process for spawning children vivado processes
INFO: [Synth 8-7075] Helper process launched with PID 27873
---------------------------------------------------------------------------------
Starting RTL Elaboration : Time (s): cpu = 00:00:05 ; elapsed = 00:00:10 . Memory (MB): peak = 2603.207 ; gain = 0.000 ; free physical = 2768 ; free virtual = 8003
---------------------------------------------------------------------------------
INFO: [Synth 8-6157] synthesizing module 'mopshub_board_v2_wrapper' [/home/dcs/git/mopshub/Vivado/mopshub_v2/mopshub_board_v2/mopshub_board_v2.gen/sources_1/bd/mopshub_board_v2/hdl/mopshub_board_v2_wrapper.v:12]
INFO: [Synth 8-6157] synthesizing module 'mopshub_board_v2' [/home/dcs/git/mopshub/Vivado/mopshub_v2/mopshub_board_v2/mopshub_board_v2.gen/sources_1/bd/mopshub_board_v2/synth/mopshub_board_v2.v:13]
INFO: [Synth 8-6157] synthesizing module 'mopshub_board_v2_clk_wiz_0_0' [/home/dcs/git/mopshub/Vivado/mopshub_v2/mopshub_board_v2/mopshub_board_v2.runs/synth_1/.Xil/Vivado-27556-chipdev2.physik.uni-wuppertal.de/realtime/mopshub_board_v2_clk_wiz_0_0_stub.v:5]
INFO: [Synth 8-6155] done synthesizing module 'mopshub_board_v2_clk_wiz_0_0' (1#1) [/home/dcs/git/mopshub/Vivado/mopshub_v2/mopshub_board_v2/mopshub_board_v2.runs/synth_1/.Xil/Vivado-27556-chipdev2.physik.uni-wuppertal.de/realtime/mopshub_board_v2_clk_wiz_0_0_stub.v:5]
INFO: [Synth 8-6157] synthesizing module 'mopshub_board_v2_clk_wiz_s_0' [/home/dcs/git/mopshub/Vivado/mopshub_v2/mopshub_board_v2/mopshub_board_v2.runs/synth_1/.Xil/Vivado-27556-chipdev2.physik.uni-wuppertal.de/realtime/mopshub_board_v2_clk_wiz_s_0_stub.v:5]
INFO: [Synth 8-6155] done synthesizing module 'mopshub_board_v2_clk_wiz_s_0' (2#1) [/home/dcs/git/mopshub/Vivado/mopshub_v2/mopshub_board_v2/mopshub_board_v2.runs/synth_1/.Xil/Vivado-27556-chipdev2.physik.uni-wuppertal.de/realtime/mopshub_board_v2_clk_wiz_s_0_stub.v:5]
INFO: [Synth 8-6157] synthesizing module 'mopshub_board_v2_clk_wiz_s1_0' [/home/dcs/git/mopshub/Vivado/mopshub_v2/mopshub_board_v2/mopshub_board_v2.runs/synth_1/.Xil/Vivado-27556-chipdev2.physik.uni-wuppertal.de/realtime/mopshub_board_v2_clk_wiz_s1_0_stub.v:5]
INFO: [Synth 8-6155] done synthesizing module 'mopshub_board_v2_clk_wiz_s1_0' (3#1) [/home/dcs/git/mopshub/Vivado/mopshub_v2/mopshub_board_v2/mopshub_board_v2.runs/synth_1/.Xil/Vivado-27556-chipdev2.physik.uni-wuppertal.de/realtime/mopshub_board_v2_clk_wiz_s1_0_stub.v:5]
WARNING: [Synth 8-4446] all outputs are unconnected for this instance and logic may be removed [/home/dcs/git/mopshub/Vivado/mopshub_v2/mopshub_board_v2/mopshub_board_v2.gen/sources_1/bd/mopshub_board_v2/synth/mopshub_board_v2.v:429]
INFO: [Synth 8-6157] synthesizing module 'mopshub_board_v2_ila_0_0' [/home/dcs/git/mopshub/Vivado/mopshub_v2/mopshub_board_v2/mopshub_board_v2.runs/synth_1/.Xil/Vivado-27556-chipdev2.physik.uni-wuppertal.de/realtime/mopshub_board_v2_ila_0_0_stub.v:6]
INFO: [Synth 8-6155] done synthesizing module 'mopshub_board_v2_ila_0_0' (4#1) [/home/dcs/git/mopshub/Vivado/mopshub_v2/mopshub_board_v2/mopshub_board_v2.runs/synth_1/.Xil/Vivado-27556-chipdev2.physik.uni-wuppertal.de/realtime/mopshub_board_v2_ila_0_0_stub.v:6]
WARNING: [Synth 8-4446] all outputs are unconnected for this instance and logic may be removed [/home/dcs/git/mopshub/Vivado/mopshub_v2/mopshub_board_v2/mopshub_board_v2.gen/sources_1/bd/mopshub_board_v2/synth/mopshub_board_v2.v:439]
INFO: [Synth 8-6157] synthesizing module 'mopshub_board_v2_ila_1_0' [/home/dcs/git/mopshub/Vivado/mopshub_v2/mopshub_board_v2/mopshub_board_v2.runs/synth_1/.Xil/Vivado-27556-chipdev2.physik.uni-wuppertal.de/realtime/mopshub_board_v2_ila_1_0_stub.v:6]
INFO: [Synth 8-6155] done synthesizing module 'mopshub_board_v2_ila_1_0' (5#1) [/home/dcs/git/mopshub/Vivado/mopshub_v2/mopshub_board_v2/mopshub_board_v2.runs/synth_1/.Xil/Vivado-27556-chipdev2.physik.uni-wuppertal.de/realtime/mopshub_board_v2_ila_1_0_stub.v:6]
INFO: [Synth 8-6157] synthesizing module 'mopshub_board_v2_ip_buf_0_0' [/home/dcs/git/mopshub/Vivado/mopshub_v2/mopshub_board_v2/mopshub_board_v2.runs/synth_1/.Xil/Vivado-27556-chipdev2.physik.uni-wuppertal.de/realtime/mopshub_board_v2_ip_buf_0_0_stub.v:6]
INFO: [Synth 8-6155] done synthesizing module 'mopshub_board_v2_ip_buf_0_0' (6#1) [/home/dcs/git/mopshub/Vivado/mopshub_v2/mopshub_board_v2/mopshub_board_v2.runs/synth_1/.Xil/Vivado-27556-chipdev2.physik.uni-wuppertal.de/realtime/mopshub_board_v2_ip_buf_0_0_stub.v:6]
INFO: [Synth 8-6157] synthesizing module 'mopshub_board_v2_mopshub_top_board_16_0_0' [/home/dcs/git/mopshub/Vivado/mopshub_v2/mopshub_board_v2/mopshub_board_v2.runs/synth_1/.Xil/Vivado-27556-chipdev2.physik.uni-wuppertal.de/realtime/mopshub_board_v2_mopshub_top_board_16_0_0_stub.v:6]
INFO: [Synth 8-6155] done synthesizing module 'mopshub_board_v2_mopshub_top_board_16_0_0' (7#1) [/home/dcs/git/mopshub/Vivado/mopshub_v2/mopshub_board_v2/mopshub_board_v2.runs/synth_1/.Xil/Vivado-27556-chipdev2.physik.uni-wuppertal.de/realtime/mopshub_board_v2_mopshub_top_board_16_0_0_stub.v:6]
INFO: [Synth 8-6157] synthesizing module 'mopshub_board_v2_proc_sys_reset_0_0' [/home/dcs/git/mopshub/Vivado/mopshub_v2/mopshub_board_v2/mopshub_board_v2.runs/synth_1/.Xil/Vivado-27556-chipdev2.physik.uni-wuppertal.de/realtime/mopshub_board_v2_proc_sys_reset_0_0_stub.v:6]
INFO: [Synth 8-6155] done synthesizing module 'mopshub_board_v2_proc_sys_reset_0_0' (8#1) [/home/dcs/git/mopshub/Vivado/mopshub_v2/mopshub_board_v2/mopshub_board_v2.runs/synth_1/.Xil/Vivado-27556-chipdev2.physik.uni-wuppertal.de/realtime/mopshub_board_v2_proc_sys_reset_0_0_stub.v:6]
WARNING: [Synth 8-7071] port 'bus_struct_reset' of module 'mopshub_board_v2_proc_sys_reset_0_0' is unconnected for instance 'proc_sys_reset_0' [/home/dcs/git/mopshub/Vivado/mopshub_v2/mopshub_board_v2/mopshub_board_v2.gen/sources_1/bd/mopshub_board_v2/synth/mopshub_board_v2.v:541]
WARNING: [Synth 8-7071] port 'peripheral_reset' of module 'mopshub_board_v2_proc_sys_reset_0_0' is unconnected for instance 'proc_sys_reset_0' [/home/dcs/git/mopshub/Vivado/mopshub_v2/mopshub_board_v2/mopshub_board_v2.gen/sources_1/bd/mopshub_board_v2/synth/mopshub_board_v2.v:541]
WARNING: [Synth 8-7071] port 'interconnect_aresetn' of module 'mopshub_board_v2_proc_sys_reset_0_0' is unconnected for instance 'proc_sys_reset_0' [/home/dcs/git/mopshub/Vivado/mopshub_v2/mopshub_board_v2/mopshub_board_v2.gen/sources_1/bd/mopshub_board_v2/synth/mopshub_board_v2.v:541]
WARNING: [Synth 8-7071] port 'peripheral_aresetn' of module 'mopshub_board_v2_proc_sys_reset_0_0' is unconnected for instance 'proc_sys_reset_0' [/home/dcs/git/mopshub/Vivado/mopshub_v2/mopshub_board_v2/mopshub_board_v2.gen/sources_1/bd/mopshub_board_v2/synth/mopshub_board_v2.v:541]
WARNING: [Synth 8-7023] instance 'proc_sys_reset_0' of module 'mopshub_board_v2_proc_sys_reset_0_0' has 10 connections declared, but only 6 given [/home/dcs/git/mopshub/Vivado/mopshub_v2/mopshub_board_v2/mopshub_board_v2.gen/sources_1/bd/mopshub_board_v2/synth/mopshub_board_v2.v:541]
INFO: [Synth 8-6157] synthesizing module 'mopshub_board_v2_selectio_wiz_0_0' [/home/dcs/git/mopshub/Vivado/mopshub_v2/mopshub_board_v2/mopshub_board_v2.runs/synth_1/.Xil/Vivado-27556-chipdev2.physik.uni-wuppertal.de/realtime/mopshub_board_v2_selectio_wiz_0_0_stub.v:5]
INFO: [Synth 8-6155] done synthesizing module 'mopshub_board_v2_selectio_wiz_0_0' (9#1) [/home/dcs/git/mopshub/Vivado/mopshub_v2/mopshub_board_v2/mopshub_board_v2.runs/synth_1/.Xil/Vivado-27556-chipdev2.physik.uni-wuppertal.de/realtime/mopshub_board_v2_selectio_wiz_0_0_stub.v:5]
INFO: [Synth 8-6157] synthesizing module 'mopshub_board_v2_selectio_wiz_2_0' [/home/dcs/git/mopshub/Vivado/mopshub_v2/mopshub_board_v2/mopshub_board_v2.runs/synth_1/.Xil/Vivado-27556-chipdev2.physik.uni-wuppertal.de/realtime/mopshub_board_v2_selectio_wiz_2_0_stub.v:5]
INFO: [Synth 8-6155] done synthesizing module 'mopshub_board_v2_selectio_wiz_2_0' (10#1) [/home/dcs/git/mopshub/Vivado/mopshub_v2/mopshub_board_v2/mopshub_board_v2.runs/synth_1/.Xil/Vivado-27556-chipdev2.physik.uni-wuppertal.de/realtime/mopshub_board_v2_selectio_wiz_2_0_stub.v:5]
INFO: [Synth 8-6157] synthesizing module 'mopshub_board_v2_sem_controller_wrapp_0_0' [/home/dcs/git/mopshub/Vivado/mopshub_v2/mopshub_board_v2/mopshub_board_v2.runs/synth_1/.Xil/Vivado-27556-chipdev2.physik.uni-wuppertal.de/realtime/mopshub_board_v2_sem_controller_wrapp_0_0_stub.v:6]
INFO: [Synth 8-6155] done synthesizing module 'mopshub_board_v2_sem_controller_wrapp_0_0' (11#1) [/home/dcs/git/mopshub/Vivado/mopshub_v2/mopshub_board_v2/mopshub_board_v2.runs/synth_1/.Xil/Vivado-27556-chipdev2.physik.uni-wuppertal.de/realtime/mopshub_board_v2_sem_controller_wrapp_0_0_stub.v:6]
INFO: [Synth 8-6157] synthesizing module 'mopshub_board_v2_xlconstant_0_0' [/home/dcs/git/mopshub/Vivado/mopshub_v2/mopshub_board_v2/mopshub_board_v2.gen/sources_1/bd/mopshub_board_v2/ip/mopshub_board_v2_xlconstant_0_0/synth/mopshub_board_v2_xlconstant_0_0.v:57]
INFO: [Synth 8-6157] synthesizing module 'xlconstant_v1_1_7_xlconstant' [/home/dcs/git/mopshub/Vivado/mopshub_v2/mopshub_board_v2/mopshub_board_v2.gen/sources_1/bd/mopshub_board_v2/ipshared/fcfc/hdl/xlconstant_v1_1_vl_rfs.v:23]
	Parameter CONST_VAL bound to: 4'b0010 
	Parameter CONST_WIDTH bound to: 4 - type: integer 
INFO: [Synth 8-6155] done synthesizing module 'xlconstant_v1_1_7_xlconstant' (12#1) [/home/dcs/git/mopshub/Vivado/mopshub_v2/mopshub_board_v2/mopshub_board_v2.gen/sources_1/bd/mopshub_board_v2/ipshared/fcfc/hdl/xlconstant_v1_1_vl_rfs.v:23]
INFO: [Synth 8-6155] done synthesizing module 'mopshub_board_v2_xlconstant_0_0' (13#1) [/home/dcs/git/mopshub/Vivado/mopshub_v2/mopshub_board_v2/mopshub_board_v2.gen/sources_1/bd/mopshub_board_v2/ip/mopshub_board_v2_xlconstant_0_0/synth/mopshub_board_v2_xlconstant_0_0.v:57]
INFO: [Synth 8-6157] synthesizing module 'mopshub_board_v2_xlconstant_1_0' [/home/dcs/git/mopshub/Vivado/mopshub_v2/mopshub_board_v2/mopshub_board_v2.gen/sources_1/bd/mopshub_board_v2/ip/mopshub_board_v2_xlconstant_1_0/synth/mopshub_board_v2_xlconstant_1_0.v:57]
INFO: [Synth 8-6157] synthesizing module 'xlconstant_v1_1_7_xlconstant__parameterized0' [/home/dcs/git/mopshub/Vivado/mopshub_v2/mopshub_board_v2/mopshub_board_v2.gen/sources_1/bd/mopshub_board_v2/ipshared/fcfc/hdl/xlconstant_v1_1_vl_rfs.v:23]
	Parameter CONST_VAL bound to: 1'b1 
	Parameter CONST_WIDTH bound to: 1 - type: integer 
INFO: [Synth 8-6155] done synthesizing module 'xlconstant_v1_1_7_xlconstant__parameterized0' (13#1) [/home/dcs/git/mopshub/Vivado/mopshub_v2/mopshub_board_v2/mopshub_board_v2.gen/sources_1/bd/mopshub_board_v2/ipshared/fcfc/hdl/xlconstant_v1_1_vl_rfs.v:23]
INFO: [Synth 8-6155] done synthesizing module 'mopshub_board_v2_xlconstant_1_0' (14#1) [/home/dcs/git/mopshub/Vivado/mopshub_v2/mopshub_board_v2/mopshub_board_v2.gen/sources_1/bd/mopshub_board_v2/ip/mopshub_board_v2_xlconstant_1_0/synth/mopshub_board_v2_xlconstant_1_0.v:57]
INFO: [Synth 8-6157] synthesizing module 'mopshub_board_v2_xlconstant_bit_0' [/home/dcs/git/mopshub/Vivado/mopshub_v2/mopshub_board_v2/mopshub_board_v2.gen/sources_1/bd/mopshub_board_v2/ip/mopshub_board_v2_xlconstant_bit_0/synth/mopshub_board_v2_xlconstant_bit_0.v:57]
INFO: [Synth 8-6157] synthesizing module 'xlconstant_v1_1_7_xlconstant__parameterized1' [/home/dcs/git/mopshub/Vivado/mopshub_v2/mopshub_board_v2/mopshub_board_v2.gen/sources_1/bd/mopshub_board_v2/ipshared/fcfc/hdl/xlconstant_v1_1_vl_rfs.v:23]
	Parameter CONST_VAL bound to: 1'b0 
	Parameter CONST_WIDTH bound to: 1 - type: integer 
INFO: [Synth 8-6155] done synthesizing module 'xlconstant_v1_1_7_xlconstant__parameterized1' (14#1) [/home/dcs/git/mopshub/Vivado/mopshub_v2/mopshub_board_v2/mopshub_board_v2.gen/sources_1/bd/mopshub_board_v2/ipshared/fcfc/hdl/xlconstant_v1_1_vl_rfs.v:23]
INFO: [Synth 8-6155] done synthesizing module 'mopshub_board_v2_xlconstant_bit_0' (15#1) [/home/dcs/git/mopshub/Vivado/mopshub_v2/mopshub_board_v2/mopshub_board_v2.gen/sources_1/bd/mopshub_board_v2/ip/mopshub_board_v2_xlconstant_bit_0/synth/mopshub_board_v2_xlconstant_bit_0.v:57]
INFO: [Synth 8-6071] Mark debug on the nets applies keep_hierarchy on instance 'sem_controller_wrapp_0'. This will prevent further optimization [/home/dcs/git/mopshub/Vivado/mopshub_v2/mopshub_board_v2/mopshub_board_v2.gen/sources_1/bd/mopshub_board_v2/synth/mopshub_board_v2.v:563]
INFO: [Synth 8-6071] Mark debug on the nets applies keep_hierarchy on instance 'ila_0'. This will prevent further optimization [/home/dcs/git/mopshub/Vivado/mopshub_v2/mopshub_board_v2/mopshub_board_v2.gen/sources_1/bd/mopshub_board_v2/synth/mopshub_board_v2.v:429]
INFO: [Synth 8-6071] Mark debug on the nets applies keep_hierarchy on instance 'mopshub_top_board_16_0'. This will prevent further optimization [/home/dcs/git/mopshub/Vivado/mopshub_v2/mopshub_board_v2/mopshub_board_v2.gen/sources_1/bd/mopshub_board_v2/synth/mopshub_board_v2.v:446]
INFO: [Synth 8-6071] Mark debug on the nets applies keep_hierarchy on instance 'ila_1'. This will prevent further optimization [/home/dcs/git/mopshub/Vivado/mopshub_v2/mopshub_board_v2/mopshub_board_v2.gen/sources_1/bd/mopshub_board_v2/synth/mopshub_board_v2.v:439]
INFO: [Synth 8-6155] done synthesizing module 'mopshub_board_v2' (16#1) [/home/dcs/git/mopshub/Vivado/mopshub_v2/mopshub_board_v2/mopshub_board_v2.gen/sources_1/bd/mopshub_board_v2/synth/mopshub_board_v2.v:13]
INFO: [Synth 8-6155] done synthesizing module 'mopshub_board_v2_wrapper' (17#1) [/home/dcs/git/mopshub/Vivado/mopshub_v2/mopshub_board_v2/mopshub_board_v2.gen/sources_1/bd/mopshub_board_v2/hdl/mopshub_board_v2_wrapper.v:12]
---------------------------------------------------------------------------------
Finished RTL Elaboration : Time (s): cpu = 00:00:06 ; elapsed = 00:00:12 . Memory (MB): peak = 2603.207 ; gain = 0.000 ; free physical = 2919 ; free virtual = 8155
---------------------------------------------------------------------------------
---------------------------------------------------------------------------------
Start Handling Custom Attributes
---------------------------------------------------------------------------------
---------------------------------------------------------------------------------
Finished Handling Custom Attributes : Time (s): cpu = 00:00:07 ; elapsed = 00:00:13 . Memory (MB): peak = 2603.207 ; gain = 0.000 ; free physical = 2899 ; free virtual = 8137
---------------------------------------------------------------------------------
---------------------------------------------------------------------------------
Finished RTL Optimization Phase 1 : Time (s): cpu = 00:00:07 ; elapsed = 00:00:13 . Memory (MB): peak = 2603.207 ; gain = 0.000 ; free physical = 2899 ; free virtual = 8137
---------------------------------------------------------------------------------
Netlist sorting complete. Time (s): cpu = 00:00:00 ; elapsed = 00:00:00 . Memory (MB): peak = 2603.207 ; gain = 0.000 ; free physical = 2892 ; free virtual = 8130
INFO: [Project 1-570] Preparing netlist for logic optimization

Processing XDC Constraints
Initializing timing engine
Parsing XDC File [/home/dcs/git/mopshub/Vivado/mopshub_v2/mopshub_board_v2/mopshub_board_v2.gen/sources_1/bd/mopshub_board_v2/ip/mopshub_board_v2_clk_wiz_0_0/mopshub_board_v2_clk_wiz_0_0/mopshub_board_v2_clk_wiz_0_0_in_context.xdc] for cell 'mopshub_board_v2_i/clk_wiz_0'
Finished Parsing XDC File [/home/dcs/git/mopshub/Vivado/mopshub_v2/mopshub_board_v2/mopshub_board_v2.gen/sources_1/bd/mopshub_board_v2/ip/mopshub_board_v2_clk_wiz_0_0/mopshub_board_v2_clk_wiz_0_0/mopshub_board_v2_clk_wiz_0_0_in_context.xdc] for cell 'mopshub_board_v2_i/clk_wiz_0'
Parsing XDC File [/home/dcs/git/mopshub/Vivado/mopshub_v2/mopshub_board_v2/mopshub_board_v2.gen/sources_1/bd/mopshub_board_v2/ip/mopshub_board_v2_clk_wiz_s_0/mopshub_board_v2_clk_wiz_s_0/mopshub_board_v2_clk_wiz_s_0_in_context.xdc] for cell 'mopshub_board_v2_i/clk_wiz_s'
Finished Parsing XDC File [/home/dcs/git/mopshub/Vivado/mopshub_v2/mopshub_board_v2/mopshub_board_v2.gen/sources_1/bd/mopshub_board_v2/ip/mopshub_board_v2_clk_wiz_s_0/mopshub_board_v2_clk_wiz_s_0/mopshub_board_v2_clk_wiz_s_0_in_context.xdc] for cell 'mopshub_board_v2_i/clk_wiz_s'
Parsing XDC File [/home/dcs/git/mopshub/Vivado/mopshub_v2/mopshub_board_v2/mopshub_board_v2.gen/sources_1/bd/mopshub_board_v2/ip/mopshub_board_v2_clk_wiz_s1_0/mopshub_board_v2_clk_wiz_s1_0/mopshub_board_v2_clk_wiz_s1_0_in_context.xdc] for cell 'mopshub_board_v2_i/clk_wiz_s1'
Finished Parsing XDC File [/home/dcs/git/mopshub/Vivado/mopshub_v2/mopshub_board_v2/mopshub_board_v2.gen/sources_1/bd/mopshub_board_v2/ip/mopshub_board_v2_clk_wiz_s1_0/mopshub_board_v2_clk_wiz_s1_0/mopshub_board_v2_clk_wiz_s1_0_in_context.xdc] for cell 'mopshub_board_v2_i/clk_wiz_s1'
Parsing XDC File [/home/dcs/git/mopshub/Vivado/mopshub_v2/mopshub_board_v2/mopshub_board_v2.gen/sources_1/bd/mopshub_board_v2/ip/mopshub_board_v2_ila_0_0/mopshub_board_v2_ila_0_0/mopshub_board_v2_ila_0_0_in_context.xdc] for cell 'mopshub_board_v2_i/ila_0'
Finished Parsing XDC File [/home/dcs/git/mopshub/Vivado/mopshub_v2/mopshub_board_v2/mopshub_board_v2.gen/sources_1/bd/mopshub_board_v2/ip/mopshub_board_v2_ila_0_0/mopshub_board_v2_ila_0_0/mopshub_board_v2_ila_0_0_in_context.xdc] for cell 'mopshub_board_v2_i/ila_0'
Parsing XDC File [/home/dcs/git/mopshub/Vivado/mopshub_v2/mopshub_board_v2/mopshub_board_v2.gen/sources_1/bd/mopshub_board_v2/ip/mopshub_board_v2_ila_1_0/mopshub_board_v2_ila_1_0/mopshub_board_v2_ila_1_0_in_context.xdc] for cell 'mopshub_board_v2_i/ila_1'
Finished Parsing XDC File [/home/dcs/git/mopshub/Vivado/mopshub_v2/mopshub_board_v2/mopshub_board_v2.gen/sources_1/bd/mopshub_board_v2/ip/mopshub_board_v2_ila_1_0/mopshub_board_v2_ila_1_0/mopshub_board_v2_ila_1_0_in_context.xdc] for cell 'mopshub_board_v2_i/ila_1'
Parsing XDC File [/home/dcs/git/mopshub/Vivado/mopshub_v2/mopshub_board_v2/mopshub_board_v2.gen/sources_1/bd/mopshub_board_v2/ip/mopshub_board_v2_ip_buf_0_0/mopshub_board_v2_ip_buf_0_0/mopshub_board_v2_ip_buf_0_0_in_context.xdc] for cell 'mopshub_board_v2_i/ip_buf_0'
Finished Parsing XDC File [/home/dcs/git/mopshub/Vivado/mopshub_v2/mopshub_board_v2/mopshub_board_v2.gen/sources_1/bd/mopshub_board_v2/ip/mopshub_board_v2_ip_buf_0_0/mopshub_board_v2_ip_buf_0_0/mopshub_board_v2_ip_buf_0_0_in_context.xdc] for cell 'mopshub_board_v2_i/ip_buf_0'
Parsing XDC File [/home/dcs/git/mopshub/Vivado/mopshub_v2/mopshub_board_v2/mopshub_board_v2.gen/sources_1/bd/mopshub_board_v2/ip/mopshub_board_v2_mopshub_top_board_16_0_0/mopshub_board_v2_mopshub_top_board_16_0_0/mopshub_board_v2_mopshub_top_board_16_0_0_in_context.xdc] for cell 'mopshub_board_v2_i/mopshub_top_board_16_0'
Finished Parsing XDC File [/home/dcs/git/mopshub/Vivado/mopshub_v2/mopshub_board_v2/mopshub_board_v2.gen/sources_1/bd/mopshub_board_v2/ip/mopshub_board_v2_mopshub_top_board_16_0_0/mopshub_board_v2_mopshub_top_board_16_0_0/mopshub_board_v2_mopshub_top_board_16_0_0_in_context.xdc] for cell 'mopshub_board_v2_i/mopshub_top_board_16_0'
Parsing XDC File [/home/dcs/git/mopshub/Vivado/mopshub_v2/mopshub_board_v2/mopshub_board_v2.gen/sources_1/bd/mopshub_board_v2/ip/mopshub_board_v2_proc_sys_reset_0_0/mopshub_board_v2_proc_sys_reset_0_0/mopshub_board_v2_proc_sys_reset_0_0_in_context.xdc] for cell 'mopshub_board_v2_i/proc_sys_reset_0'
Finished Parsing XDC File [/home/dcs/git/mopshub/Vivado/mopshub_v2/mopshub_board_v2/mopshub_board_v2.gen/sources_1/bd/mopshub_board_v2/ip/mopshub_board_v2_proc_sys_reset_0_0/mopshub_board_v2_proc_sys_reset_0_0/mopshub_board_v2_proc_sys_reset_0_0_in_context.xdc] for cell 'mopshub_board_v2_i/proc_sys_reset_0'
Parsing XDC File [/home/dcs/git/mopshub/Vivado/mopshub_v2/mopshub_board_v2/mopshub_board_v2.gen/sources_1/bd/mopshub_board_v2/ip/mopshub_board_v2_selectio_wiz_0_0/mopshub_board_v2_selectio_wiz_0_0/mopshub_board_v2_selectio_wiz_0_0_in_context.xdc] for cell 'mopshub_board_v2_i/selectio_wiz_0'
Finished Parsing XDC File [/home/dcs/git/mopshub/Vivado/mopshub_v2/mopshub_board_v2/mopshub_board_v2.gen/sources_1/bd/mopshub_board_v2/ip/mopshub_board_v2_selectio_wiz_0_0/mopshub_board_v2_selectio_wiz_0_0/mopshub_board_v2_selectio_wiz_0_0_in_context.xdc] for cell 'mopshub_board_v2_i/selectio_wiz_0'
Parsing XDC File [/home/dcs/git/mopshub/Vivado/mopshub_v2/mopshub_board_v2/mopshub_board_v2.gen/sources_1/bd/mopshub_board_v2/ip/mopshub_board_v2_selectio_wiz_2_0/mopshub_board_v2_selectio_wiz_2_0/mopshub_board_v2_selectio_wiz_2_0_in_context.xdc] for cell 'mopshub_board_v2_i/selectio_wiz_2'
Finished Parsing XDC File [/home/dcs/git/mopshub/Vivado/mopshub_v2/mopshub_board_v2/mopshub_board_v2.gen/sources_1/bd/mopshub_board_v2/ip/mopshub_board_v2_selectio_wiz_2_0/mopshub_board_v2_selectio_wiz_2_0/mopshub_board_v2_selectio_wiz_2_0_in_context.xdc] for cell 'mopshub_board_v2_i/selectio_wiz_2'
Parsing XDC File [/home/dcs/git/mopshub/Vivado/mopshub_v2/mopshub_board_v2/mopshub_board_v2.gen/sources_1/bd/mopshub_board_v2/ip/mopshub_board_v2_sem_controller_wrapp_0_0/mopshub_board_v2_sem_controller_wrapp_0_0/mopshub_board_v2_sem_controller_wrapp_0_0_in_context.xdc] for cell 'mopshub_board_v2_i/sem_controller_wrapp_0'
Finished Parsing XDC File [/home/dcs/git/mopshub/Vivado/mopshub_v2/mopshub_board_v2/mopshub_board_v2.gen/sources_1/bd/mopshub_board_v2/ip/mopshub_board_v2_sem_controller_wrapp_0_0/mopshub_board_v2_sem_controller_wrapp_0_0/mopshub_board_v2_sem_controller_wrapp_0_0_in_context.xdc] for cell 'mopshub_board_v2_i/sem_controller_wrapp_0'
Parsing XDC File [/home/dcs/git/mopshub/Vivado/mopshub_v2/src/constrs_1/multiboot_specifications.xdc]
CRITICAL WARNING: [Designutils 20-1307] Command 'current_project' is not supported in the xdc constraint file. [/home/dcs/git/mopshub/Vivado/mopshub_v2/src/constrs_1/multiboot_specifications.xdc:5]
CRITICAL WARNING: [Netlist 29-177] Cannot set property 'BITSTREAM.CONFIG_MODE' because the property does not exist. [/home/dcs/git/mopshub/Vivado/mopshub_v2/src/constrs_1/multiboot_specifications.xdc:15]
Resolution: Create this property using create_property command before setting it.
WARNING: [Vivado 12-180] No cells matched 'mopshub_design_16bus_new_i/sem_controller_wrapp_0/inst/sem_0_sem_controller0'. [/home/dcs/git/mopshub/Vivado/mopshub_v2/src/constrs_1/multiboot_specifications.xdc:29]
Finished Parsing XDC File [/home/dcs/git/mopshub/Vivado/mopshub_v2/src/constrs_1/multiboot_specifications.xdc]
INFO: [Project 1-236] Implementation specific constraints were found while reading constraint file [/home/dcs/git/mopshub/Vivado/mopshub_v2/src/constrs_1/multiboot_specifications.xdc]. These constraints will be ignored for synthesis but will be used in implementation. Impacted constraints are listed in the file [.Xil/mopshub_board_v2_wrapper_propImpl.xdc].
Resolution: To avoid this warning, move constraints listed in [.Xil/mopshub_board_v2_wrapper_propImpl.xdc] to another XDC file and exclude this new file from synthesis with the used_in_synthesis property (File Properties dialog in GUI) and re-run elaboration/synthesis.
Parsing XDC File [/home/dcs/git/mopshub/Vivado/mopshub_v2/src/constrs_1/mopshub_board_16bus_v2.xdc]
WARNING: [Vivado 12-507] No nets matched 'mopshub_board_v2_i/clk_wiz_s/inst/clk_in1_mopshub_board_v2_clk_wiz_s_0'. [/home/dcs/git/mopshub/Vivado/mopshub_v2/src/constrs_1/mopshub_board_16bus_v2.xdc:224]
WARNING: [Vivado 12-507] No nets matched 'mopshub_board_v2_i/mopshub_top_board_16_0/inst/seu_shift_combined0/clk'. [/home/dcs/git/mopshub/Vivado/mopshub_v2/src/constrs_1/mopshub_board_16bus_v2.xdc:225]
Finished Parsing XDC File [/home/dcs/git/mopshub/Vivado/mopshub_v2/src/constrs_1/mopshub_board_16bus_v2.xdc]
WARNING: [Project 1-498] One or more constraints failed evaluation while reading constraint file [/home/dcs/git/mopshub/Vivado/mopshub_v2/src/constrs_1/mopshub_board_16bus_v2.xdc] and the design contains unresolved black boxes. These constraints will be read post-synthesis (as long as their source constraint file is marked as used_in_implementation) and should be applied correctly then. You should review the constraints listed in the file [.Xil/mopshub_board_v2_wrapper_propImpl.xdc] and check the run log file to verify that these constraints were correctly applied.
INFO: [Project 1-236] Implementation specific constraints were found while reading constraint file [/home/dcs/git/mopshub/Vivado/mopshub_v2/src/constrs_1/mopshub_board_16bus_v2.xdc]. These constraints will be ignored for synthesis but will be used in implementation. Impacted constraints are listed in the file [.Xil/mopshub_board_v2_wrapper_propImpl.xdc].
Resolution: To avoid this warning, move constraints listed in [.Xil/mopshub_board_v2_wrapper_propImpl.xdc] to another XDC file and exclude this new file from synthesis with the used_in_synthesis property (File Properties dialog in GUI) and re-run elaboration/synthesis.
Parsing XDC File [/home/dcs/git/mopshub/Vivado/mopshub_v2/mopshub_board_v2/mopshub_board_v2.runs/synth_1/dont_touch.xdc]
Finished Parsing XDC File [/home/dcs/git/mopshub/Vivado/mopshub_v2/mopshub_board_v2/mopshub_board_v2.runs/synth_1/dont_touch.xdc]
INFO: [Project 1-236] Implementation specific constraints were found while reading constraint file [/home/dcs/git/mopshub/Vivado/mopshub_v2/mopshub_board_v2/mopshub_board_v2.runs/synth_1/dont_touch.xdc]. These constraints will be ignored for synthesis but will be used in implementation. Impacted constraints are listed in the file [.Xil/mopshub_board_v2_wrapper_propImpl.xdc].
Resolution: To avoid this warning, move constraints listed in [.Xil/mopshub_board_v2_wrapper_propImpl.xdc] to another XDC file and exclude this new file from synthesis with the used_in_synthesis property (File Properties dialog in GUI) and re-run elaboration/synthesis.
Completed Processing XDC Constraints

Netlist sorting complete. Time (s): cpu = 00:00:00.01 ; elapsed = 00:00:00 . Memory (MB): peak = 2605.879 ; gain = 0.000 ; free physical = 2835 ; free virtual = 8080
INFO: [Project 1-111] Unisim Transformation Summary:
No Unisim elements were transformed.

Constraint Validation Runtime : Time (s): cpu = 00:00:00 ; elapsed = 00:00:00.01 . Memory (MB): peak = 2605.879 ; gain = 0.000 ; free physical = 2834 ; free virtual = 8079
WARNING: [Timing 38-316] Clock period '10.000' specified during out-of-context synthesis of instance 'mopshub_board_v2_i/selectio_wiz_0' at clock pin 'clk_in' is different from the actual clock period '6.250', this can lead to different synthesis results.
---------------------------------------------------------------------------------
Finished Constraint Validation : Time (s): cpu = 00:00:12 ; elapsed = 00:00:21 . Memory (MB): peak = 2608.844 ; gain = 5.637 ; free physical = 2915 ; free virtual = 8161
---------------------------------------------------------------------------------
---------------------------------------------------------------------------------
Start Loading Part and Timing Information
---------------------------------------------------------------------------------
Loading part: xc7a200tfbg484-2
---------------------------------------------------------------------------------
Finished Loading Part and Timing Information : Time (s): cpu = 00:00:12 ; elapsed = 00:00:21 . Memory (MB): peak = 2608.844 ; gain = 5.637 ; free physical = 2915 ; free virtual = 8161
---------------------------------------------------------------------------------
---------------------------------------------------------------------------------
Start Applying 'set_property' XDC Constraints
---------------------------------------------------------------------------------
Applied set_property IO_BUFFER_TYPE = NONE for clk_sys. (constraint file  /home/dcs/git/mopshub/Vivado/mopshub_v2/mopshub_board_v2/mopshub_board_v2.gen/sources_1/bd/mopshub_board_v2/ip/mopshub_board_v2_clk_wiz_s_0/mopshub_board_v2_clk_wiz_s_0/mopshub_board_v2_clk_wiz_s_0_in_context.xdc, line 5).
Applied set_property CLOCK_BUFFER_TYPE = NONE for clk_sys. (constraint file  /home/dcs/git/mopshub/Vivado/mopshub_v2/mopshub_board_v2/mopshub_board_v2.gen/sources_1/bd/mopshub_board_v2/ip/mopshub_board_v2_clk_wiz_s_0/mopshub_board_v2_clk_wiz_s_0/mopshub_board_v2_clk_wiz_s_0_in_context.xdc, line 6).
Applied set_property IO_BUFFER_TYPE = NONE for clk_ext_clk_n. (constraint file  /home/dcs/git/mopshub/Vivado/mopshub_v2/mopshub_board_v2/mopshub_board_v2.gen/sources_1/bd/mopshub_board_v2/ip/mopshub_board_v2_clk_wiz_s1_0/mopshub_board_v2_clk_wiz_s1_0/mopshub_board_v2_clk_wiz_s1_0_in_context.xdc, line 5).
Applied set_property CLOCK_BUFFER_TYPE = NONE for clk_ext_clk_n. (constraint file  /home/dcs/git/mopshub/Vivado/mopshub_v2/mopshub_board_v2/mopshub_board_v2.gen/sources_1/bd/mopshub_board_v2/ip/mopshub_board_v2_clk_wiz_s1_0/mopshub_board_v2_clk_wiz_s1_0/mopshub_board_v2_clk_wiz_s1_0_in_context.xdc, line 6).
Applied set_property IO_BUFFER_TYPE = NONE for clk_ext_clk_p. (constraint file  /home/dcs/git/mopshub/Vivado/mopshub_v2/mopshub_board_v2/mopshub_board_v2.gen/sources_1/bd/mopshub_board_v2/ip/mopshub_board_v2_clk_wiz_s1_0/mopshub_board_v2_clk_wiz_s1_0/mopshub_board_v2_clk_wiz_s1_0_in_context.xdc, line 7).
Applied set_property CLOCK_BUFFER_TYPE = NONE for clk_ext_clk_p. (constraint file  /home/dcs/git/mopshub/Vivado/mopshub_v2/mopshub_board_v2/mopshub_board_v2.gen/sources_1/bd/mopshub_board_v2/ip/mopshub_board_v2_clk_wiz_s1_0/mopshub_board_v2_clk_wiz_s1_0/mopshub_board_v2_clk_wiz_s1_0_in_context.xdc, line 8).
Applied set_property IO_BUFFER_TYPE = NONE for clk_out_n_0. (constraint file  /home/dcs/git/mopshub/Vivado/mopshub_v2/mopshub_board_v2/mopshub_board_v2.gen/sources_1/bd/mopshub_board_v2/ip/mopshub_board_v2_mopshub_top_board_16_0_0/mopshub_board_v2_mopshub_top_board_16_0_0/mopshub_board_v2_mopshub_top_board_16_0_0_in_context.xdc, line 1).
Applied set_property CLOCK_BUFFER_TYPE = NONE for clk_out_n_0. (constraint file  /home/dcs/git/mopshub/Vivado/mopshub_v2/mopshub_board_v2/mopshub_board_v2.gen/sources_1/bd/mopshub_board_v2/ip/mopshub_board_v2_mopshub_top_board_16_0_0/mopshub_board_v2_mopshub_top_board_16_0_0/mopshub_board_v2_mopshub_top_board_16_0_0_in_context.xdc, line 2).
Applied set_property IO_BUFFER_TYPE = NONE for clk_out_p_0. (constraint file  /home/dcs/git/mopshub/Vivado/mopshub_v2/mopshub_board_v2/mopshub_board_v2.gen/sources_1/bd/mopshub_board_v2/ip/mopshub_board_v2_mopshub_top_board_16_0_0/mopshub_board_v2_mopshub_top_board_16_0_0/mopshub_board_v2_mopshub_top_board_16_0_0_in_context.xdc, line 3).
Applied set_property CLOCK_BUFFER_TYPE = NONE for clk_out_p_0. (constraint file  /home/dcs/git/mopshub/Vivado/mopshub_v2/mopshub_board_v2/mopshub_board_v2.gen/sources_1/bd/mopshub_board_v2/ip/mopshub_board_v2_mopshub_top_board_16_0_0/mopshub_board_v2_mopshub_top_board_16_0_0/mopshub_board_v2_mopshub_top_board_16_0_0_in_context.xdc, line 4).
Applied set_property IO_BUFFER_TYPE = NONE for shift_clk_0. (constraint file  /home/dcs/git/mopshub/Vivado/mopshub_v2/mopshub_board_v2/mopshub_board_v2.gen/sources_1/bd/mopshub_board_v2/ip/mopshub_board_v2_mopshub_top_board_16_0_0/mopshub_board_v2_mopshub_top_board_16_0_0/mopshub_board_v2_mopshub_top_board_16_0_0_in_context.xdc, line 5).
Applied set_property CLOCK_BUFFER_TYPE = NONE for shift_clk_0. (constraint file  /home/dcs/git/mopshub/Vivado/mopshub_v2/mopshub_board_v2/mopshub_board_v2.gen/sources_1/bd/mopshub_board_v2/ip/mopshub_board_v2_mopshub_top_board_16_0_0/mopshub_board_v2_mopshub_top_board_16_0_0/mopshub_board_v2_mopshub_top_board_16_0_0_in_context.xdc, line 6).
Applied set_property IO_BUFFER_TYPE = NONE for rx_elink_n_0. (constraint file  /home/dcs/git/mopshub/Vivado/mopshub_v2/mopshub_board_v2/mopshub_board_v2.gen/sources_1/bd/mopshub_board_v2/ip/mopshub_board_v2_selectio_wiz_0_0/mopshub_board_v2_selectio_wiz_0_0/mopshub_board_v2_selectio_wiz_0_0_in_context.xdc, line 1).
Applied set_property CLOCK_BUFFER_TYPE = NONE for rx_elink_n_0. (constraint file  /home/dcs/git/mopshub/Vivado/mopshub_v2/mopshub_board_v2/mopshub_board_v2.gen/sources_1/bd/mopshub_board_v2/ip/mopshub_board_v2_selectio_wiz_0_0/mopshub_board_v2_selectio_wiz_0_0/mopshub_board_v2_selectio_wiz_0_0_in_context.xdc, line 2).
Applied set_property IO_BUFFER_TYPE = NONE for rx_elink_p_0. (constraint file  /home/dcs/git/mopshub/Vivado/mopshub_v2/mopshub_board_v2/mopshub_board_v2.gen/sources_1/bd/mopshub_board_v2/ip/mopshub_board_v2_selectio_wiz_0_0/mopshub_board_v2_selectio_wiz_0_0/mopshub_board_v2_selectio_wiz_0_0_in_context.xdc, line 3).
Applied set_property CLOCK_BUFFER_TYPE = NONE for rx_elink_p_0. (constraint file  /home/dcs/git/mopshub/Vivado/mopshub_v2/mopshub_board_v2/mopshub_board_v2.gen/sources_1/bd/mopshub_board_v2/ip/mopshub_board_v2_selectio_wiz_0_0/mopshub_board_v2_selectio_wiz_0_0/mopshub_board_v2_selectio_wiz_0_0_in_context.xdc, line 4).
Applied set_property IO_BUFFER_TYPE = NONE for tx_elink_n_0[0]. (constraint file  /home/dcs/git/mopshub/Vivado/mopshub_v2/mopshub_board_v2/mopshub_board_v2.gen/sources_1/bd/mopshub_board_v2/ip/mopshub_board_v2_selectio_wiz_2_0/mopshub_board_v2_selectio_wiz_2_0/mopshub_board_v2_selectio_wiz_2_0_in_context.xdc, line 1).
Applied set_property CLOCK_BUFFER_TYPE = NONE for tx_elink_n_0[0]. (constraint file  /home/dcs/git/mopshub/Vivado/mopshub_v2/mopshub_board_v2/mopshub_board_v2.gen/sources_1/bd/mopshub_board_v2/ip/mopshub_board_v2_selectio_wiz_2_0/mopshub_board_v2_selectio_wiz_2_0/mopshub_board_v2_selectio_wiz_2_0_in_context.xdc, line 2).
Applied set_property IO_BUFFER_TYPE = NONE for tx_elink_p_0[0]. (constraint file  /home/dcs/git/mopshub/Vivado/mopshub_v2/mopshub_board_v2/mopshub_board_v2.gen/sources_1/bd/mopshub_board_v2/ip/mopshub_board_v2_selectio_wiz_2_0/mopshub_board_v2_selectio_wiz_2_0/mopshub_board_v2_selectio_wiz_2_0_in_context.xdc, line 3).
Applied set_property CLOCK_BUFFER_TYPE = NONE for tx_elink_p_0[0]. (constraint file  /home/dcs/git/mopshub/Vivado/mopshub_v2/mopshub_board_v2/mopshub_board_v2.gen/sources_1/bd/mopshub_board_v2/ip/mopshub_board_v2_selectio_wiz_2_0/mopshub_board_v2_selectio_wiz_2_0/mopshub_board_v2_selectio_wiz_2_0_in_context.xdc, line 4).
Applied set_property KEEP_HIERARCHY = SOFT for mopshub_board_v2_i. (constraint file  auto generated constraint).
Applied set_property KEEP_HIERARCHY = SOFT for mopshub_board_v2_i/clk_wiz_0. (constraint file  auto generated constraint).
Applied set_property KEEP_HIERARCHY = SOFT for mopshub_board_v2_i/clk_wiz_s. (constraint file  auto generated constraint).
Applied set_property KEEP_HIERARCHY = SOFT for mopshub_board_v2_i/clk_wiz_s1. (constraint file  auto generated constraint).
Applied set_property KEEP_HIERARCHY = SOFT for mopshub_board_v2_i/ila_0. (constraint file  auto generated constraint).
Applied set_property KEEP_HIERARCHY = SOFT for mopshub_board_v2_i/ila_1. (constraint file  auto generated constraint).
Applied set_property KEEP_HIERARCHY = SOFT for mopshub_board_v2_i/ip_buf_0. (constraint file  auto generated constraint).
Applied set_property KEEP_HIERARCHY = SOFT for mopshub_board_v2_i/mopshub_top_board_16_0. (constraint file  auto generated constraint).
Applied set_property KEEP_HIERARCHY = SOFT for mopshub_board_v2_i/proc_sys_reset_0. (constraint file  auto generated constraint).
Applied set_property KEEP_HIERARCHY = SOFT for mopshub_board_v2_i/selectio_wiz_0. (constraint file  auto generated constraint).
Applied set_property KEEP_HIERARCHY = SOFT for mopshub_board_v2_i/selectio_wiz_2. (constraint file  auto generated constraint).
Applied set_property KEEP_HIERARCHY = SOFT for mopshub_board_v2_i/sem_controller_wrapp_0. (constraint file  auto generated constraint).
Applied set_property KEEP_HIERARCHY = SOFT for mopshub_board_v2_i/xlconstant_0. (constraint file  auto generated constraint).
Applied set_property KEEP_HIERARCHY = SOFT for mopshub_board_v2_i/xlconstant_1. (constraint file  auto generated constraint).
Applied set_property KEEP_HIERARCHY = SOFT for mopshub_board_v2_i/xlconstant_bit. (constraint file  auto generated constraint).
---------------------------------------------------------------------------------
Finished applying 'set_property' XDC Constraints : Time (s): cpu = 00:00:12 ; elapsed = 00:00:21 . Memory (MB): peak = 2608.844 ; gain = 5.637 ; free physical = 2901 ; free virtual = 8147
---------------------------------------------------------------------------------
---------------------------------------------------------------------------------
Finished RTL Optimization Phase 2 : Time (s): cpu = 00:00:12 ; elapsed = 00:00:21 . Memory (MB): peak = 2608.844 ; gain = 5.637 ; free physical = 2891 ; free virtual = 8138
---------------------------------------------------------------------------------
---------------------------------------------------------------------------------
Start RTL Component Statistics 
---------------------------------------------------------------------------------
Detailed RTL Component Info : 
---------------------------------------------------------------------------------
Finished RTL Component Statistics 
---------------------------------------------------------------------------------
---------------------------------------------------------------------------------
Start Part Resource Summary
---------------------------------------------------------------------------------
Part Resources:
DSPs: 740 (col length:100)
BRAMs: 730 (col length: RAMB18 100 RAMB36 50)
---------------------------------------------------------------------------------
Finished Part Resource Summary
---------------------------------------------------------------------------------
---------------------------------------------------------------------------------
Start Cross Boundary and Area Optimization
---------------------------------------------------------------------------------
---------------------------------------------------------------------------------
Finished Cross Boundary and Area Optimization : Time (s): cpu = 00:00:13 ; elapsed = 00:00:21 . Memory (MB): peak = 2608.844 ; gain = 5.637 ; free physical = 2847 ; free virtual = 8097
---------------------------------------------------------------------------------
---------------------------------------------------------------------------------
Start Applying XDC Timing Constraints
---------------------------------------------------------------------------------
---------------------------------------------------------------------------------
Finished Applying XDC Timing Constraints : Time (s): cpu = 00:00:18 ; elapsed = 00:00:26 . Memory (MB): peak = 2608.844 ; gain = 5.637 ; free physical = 2747 ; free virtual = 7997
---------------------------------------------------------------------------------
---------------------------------------------------------------------------------
Start Timing Optimization
---------------------------------------------------------------------------------
---------------------------------------------------------------------------------
Finished Timing Optimization : Time (s): cpu = 00:00:18 ; elapsed = 00:00:26 . Memory (MB): peak = 2608.844 ; gain = 5.637 ; free physical = 2747 ; free virtual = 7997
---------------------------------------------------------------------------------
---------------------------------------------------------------------------------
Start Technology Mapping
---------------------------------------------------------------------------------
---------------------------------------------------------------------------------
Finished Technology Mapping : Time (s): cpu = 00:00:18 ; elapsed = 00:00:26 . Memory (MB): peak = 2612.855 ; gain = 9.648 ; free physical = 2745 ; free virtual = 7994
---------------------------------------------------------------------------------
---------------------------------------------------------------------------------
Start IO Insertion
---------------------------------------------------------------------------------
---------------------------------------------------------------------------------
Start Flattening Before IO Insertion
---------------------------------------------------------------------------------
---------------------------------------------------------------------------------
Finished Flattening Before IO Insertion
---------------------------------------------------------------------------------
---------------------------------------------------------------------------------
Start Final Netlist Cleanup
---------------------------------------------------------------------------------
---------------------------------------------------------------------------------
Finished Final Netlist Cleanup
---------------------------------------------------------------------------------
---------------------------------------------------------------------------------
Finished IO Insertion : Time (s): cpu = 00:00:20 ; elapsed = 00:00:29 . Memory (MB): peak = 2618.797 ; gain = 15.590 ; free physical = 2731 ; free virtual = 7981
---------------------------------------------------------------------------------
---------------------------------------------------------------------------------
Start Renaming Generated Instances
---------------------------------------------------------------------------------
---------------------------------------------------------------------------------
Finished Renaming Generated Instances : Time (s): cpu = 00:00:20 ; elapsed = 00:00:29 . Memory (MB): peak = 2618.797 ; gain = 15.590 ; free physical = 2731 ; free virtual = 7981
---------------------------------------------------------------------------------
---------------------------------------------------------------------------------
Start Rebuilding User Hierarchy
---------------------------------------------------------------------------------
---------------------------------------------------------------------------------
Finished Rebuilding User Hierarchy : Time (s): cpu = 00:00:20 ; elapsed = 00:00:29 . Memory (MB): peak = 2618.797 ; gain = 15.590 ; free physical = 2731 ; free virtual = 7981
---------------------------------------------------------------------------------
---------------------------------------------------------------------------------
Start Renaming Generated Ports
---------------------------------------------------------------------------------
---------------------------------------------------------------------------------
Finished Renaming Generated Ports : Time (s): cpu = 00:00:20 ; elapsed = 00:00:29 . Memory (MB): peak = 2618.797 ; gain = 15.590 ; free physical = 2731 ; free virtual = 7981
---------------------------------------------------------------------------------
---------------------------------------------------------------------------------
Start Handling Custom Attributes
---------------------------------------------------------------------------------
---------------------------------------------------------------------------------
Finished Handling Custom Attributes : Time (s): cpu = 00:00:20 ; elapsed = 00:00:29 . Memory (MB): peak = 2618.797 ; gain = 15.590 ; free physical = 2731 ; free virtual = 7981
---------------------------------------------------------------------------------
---------------------------------------------------------------------------------
Start Renaming Generated Nets
---------------------------------------------------------------------------------
---------------------------------------------------------------------------------
Finished Renaming Generated Nets : Time (s): cpu = 00:00:20 ; elapsed = 00:00:29 . Memory (MB): peak = 2618.797 ; gain = 15.590 ; free physical = 2731 ; free virtual = 7981
---------------------------------------------------------------------------------
---------------------------------------------------------------------------------
Start Writing Synthesis Report
---------------------------------------------------------------------------------

Report BlackBoxes: 
+------+------------------------------------------+----------+
|      |BlackBox name                             |Instances |
+------+------------------------------------------+----------+
|1     |mopshub_board_v2_clk_wiz_0_0              |         1|
|2     |mopshub_board_v2_clk_wiz_s_0              |         1|
|3     |mopshub_board_v2_clk_wiz_s1_0             |         1|
|4     |mopshub_board_v2_ila_0_0                  |         1|
|5     |mopshub_board_v2_ila_1_0                  |         1|
|6     |mopshub_board_v2_ip_buf_0_0               |         1|
|7     |mopshub_board_v2_mopshub_top_board_16_0_0 |         1|
|8     |mopshub_board_v2_proc_sys_reset_0_0       |         1|
|9     |mopshub_board_v2_selectio_wiz_0_0         |         1|
|10    |mopshub_board_v2_selectio_wiz_2_0         |         1|
|11    |mopshub_board_v2_sem_controller_wrapp_0_0 |         1|
+------+------------------------------------------+----------+

Report Cell Usage: 
+------+----------------------------------------+------+
|      |Cell                                    |Count |
+------+----------------------------------------+------+
|1     |mopshub_board_v2_clk_wiz_0              |     1|
|2     |mopshub_board_v2_clk_wiz_s1             |     1|
|3     |mopshub_board_v2_clk_wiz_s              |     1|
|4     |mopshub_board_v2_ila_0                  |     1|
|5     |mopshub_board_v2_ila_1                  |     1|
|6     |mopshub_board_v2_ip_buf_0               |     1|
|7     |mopshub_board_v2_mopshub_top_board_16_0 |     1|
|8     |mopshub_board_v2_proc_sys_reset_0       |     1|
|9     |mopshub_board_v2_selectio_wiz_0         |     1|
|10    |mopshub_board_v2_selectio_wiz_2         |     1|
|11    |mopshub_board_v2_sem_controller_wrapp_0 |     1|
|12    |IBUF                                    |    21|
|13    |OBUF                                    |    62|
+------+----------------------------------------+------+
---------------------------------------------------------------------------------
Finished Writing Synthesis Report : Time (s): cpu = 00:00:20 ; elapsed = 00:00:29 . Memory (MB): peak = 2618.797 ; gain = 15.590 ; free physical = 2731 ; free virtual = 7981
---------------------------------------------------------------------------------
Synthesis finished with 0 errors, 0 critical warnings and 0 warnings.
Synthesis Optimization Runtime : Time (s): cpu = 00:00:18 ; elapsed = 00:00:25 . Memory (MB): peak = 2618.797 ; gain = 9.953 ; free physical = 2785 ; free virtual = 8035
Synthesis Optimization Complete : Time (s): cpu = 00:00:20 ; elapsed = 00:00:29 . Memory (MB): peak = 2618.801 ; gain = 15.590 ; free physical = 2785 ; free virtual = 8035
INFO: [Project 1-571] Translating synthesized netlist
Netlist sorting complete. Time (s): cpu = 00:00:00 ; elapsed = 00:00:00 . Memory (MB): peak = 2618.801 ; gain = 0.000 ; free physical = 2873 ; free virtual = 8123
INFO: [Project 1-570] Preparing netlist for logic optimization
INFO: [Opt 31-138] Pushed 0 inverter(s) to 0 load pin(s).
Netlist sorting complete. Time (s): cpu = 00:00:00 ; elapsed = 00:00:00 . Memory (MB): peak = 2626.734 ; gain = 0.000 ; free physical = 2816 ; free virtual = 8065
INFO: [Project 1-111] Unisim Transformation Summary:
No Unisim elements were transformed.

INFO: [Common 17-83] Releasing license: Synthesis
60 Infos, 16 Warnings, 2 Critical Warnings and 0 Errors encountered.
synth_design completed successfully
synth_design: Time (s): cpu = 00:00:30 ; elapsed = 00:00:48 . Memory (MB): peak = 2626.734 ; gain = 23.527 ; free physical = 2950 ; free virtual = 8200
INFO: [runtcl-6] Synthesis results are not added to the cache due to CRITICAL_WARNING
INFO: [Common 17-1381] The checkpoint '/home/dcs/git/mopshub/Vivado/mopshub_v2/mopshub_board_v2/mopshub_board_v2.runs/synth_1/mopshub_board_v2_wrapper.dcp' has been generated.
INFO: [runtcl-4] Executing : report_utilization -file mopshub_board_v2_wrapper_utilization_synth.rpt -pb mopshub_board_v2_wrapper_utilization_synth.pb
INFO: [Common 17-206] Exiting Vivado at Tue Mar 26 12:37:35 2024...
