
*** Halting run - EA reset detected ***


*** Running vivado
    with args -log mopshub_board_v1_selectio_wiz_2_0.vds -m64 -product Vivado -mode batch -messageDb vivado.pb -notrace -source mopshub_board_v1_selectio_wiz_2_0.tcl


****** Vivado v2020.2 (64-bit)
  **** SW Build 3064766 on Wed Nov 18 09:12:47 MST 2020
  **** IP Build 3064653 on Wed Nov 18 14:17:31 MST 2020
    ** Copyright 1986-2020 Xilinx, Inc. All Rights Reserved.

source mopshub_board_v1_selectio_wiz_2_0.tcl -notrace
WARNING: [Common 17-1361] You have specified a new message control rule that is equivalent to an existing rule with attributes ' -id {Synth 8-311}  -string {{WARNING: [Synth 8-311] ignoring non-constant assignment in initial block [/home/dcs/git/mopshub/mopshub_lib/hdl/buffer_rec_spi.v:27]}}  -suppress '. The existing rule will be replaced.
WARNING: [Common 17-1361] You have specified a new message control rule that is equivalent to an existing rule with attributes ' -id {Synth 8-2507}  -string {{WARNING: [Synth 8-2507] parameter declaration becomes local in elink_data_gen_SM with formal parameter declaration list [/home/dcs/git/mopshub/mopshub_lib/hdl/elink_data_gen_sm_fsm.v:95]}}  -suppress '. The existing rule will be replaced.
WARNING: [Common 17-1361] You have specified a new message control rule that is equivalent to an existing rule with attributes ' -id {[BD 41-1306]}  -suppress '. The existing rule will be replaced.
WARNING: [Common 17-1361] You have specified a new message control rule that is equivalent to an existing rule with attributes ' -id {[BD 41-1271]}  -suppress '. The existing rule will be replaced.
create_project: Time (s): cpu = 00:00:03 ; elapsed = 00:00:08 . Memory (MB): peak = 2446.207 ; gain = 2.023 ; free physical = 455 ; free virtual = 5393
Command: synth_design -top mopshub_board_v1_selectio_wiz_2_0 -part xc7a200tfbg484-2 -mode out_of_context
Starting synth_design
Attempting to get a license for feature 'Synthesis' and/or device 'xc7a200t'
INFO: [Common 17-349] Got license for feature 'Synthesis' and/or device 'xc7a200t'
INFO: [Device 21-403] Loading part xc7a200tfbg484-2
INFO: [Synth 8-7079] Multithreading enabled for synth_design using a maximum of 4 processes.
INFO: [Synth 8-7078] Launching helper process for spawning children vivado processes
INFO: [Synth 8-7075] Helper process launched with PID 3192
---------------------------------------------------------------------------------
Starting RTL Elaboration : Time (s): cpu = 00:00:04 ; elapsed = 00:00:07 . Memory (MB): peak = 2452.375 ; gain = 0.000 ; free physical = 773 ; free virtual = 5085
---------------------------------------------------------------------------------
INFO: [Synth 8-6157] synthesizing module 'mopshub_board_v1_selectio_wiz_2_0' [/home/dcs/git/mopshub/Vivado/mopshub_v1/mopshub_board_v1/mopshub_board_v1.gen/sources_1/bd/mopshub_board_v1/ip/mopshub_board_v1_selectio_wiz_2_0/mopshub_board_v1_selectio_wiz_2_0.v:58]
	Parameter SYS_W bound to: 1 - type: integer 
	Parameter DEV_W bound to: 2 - type: integer 
INFO: [Synth 8-6157] synthesizing module 'mopshub_board_v1_selectio_wiz_2_0_selectio_wiz' [/home/dcs/git/mopshub/Vivado/mopshub_v1/mopshub_board_v1/mopshub_board_v1.gen/sources_1/bd/mopshub_board_v1/ip/mopshub_board_v1_selectio_wiz_2_0/mopshub_board_v1_selectio_wiz_2_0_selectio_wiz.v:56]
	Parameter SYS_W bound to: 1 - type: integer 
	Parameter DEV_W bound to: 2 - type: integer 
	Parameter num_serial_bits bound to: 2 - type: integer 
INFO: [Synth 8-6157] synthesizing module 'OBUFDS' [/mnt/storage/sw/Xilinx/Vivado/2020.2/scripts/rt/data/unisim_comp.v:46332]
	Parameter CAPACITANCE bound to: DONT_CARE - type: string 
	Parameter IOSTANDARD bound to: DIFF_SSTL15_R - type: string 
	Parameter SLEW bound to: SLOW - type: string 
INFO: [Synth 8-6155] done synthesizing module 'OBUFDS' (1#1) [/mnt/storage/sw/Xilinx/Vivado/2020.2/scripts/rt/data/unisim_comp.v:46332]
INFO: [Synth 8-6157] synthesizing module 'OSERDESE2' [/mnt/storage/sw/Xilinx/Vivado/2020.2/scripts/rt/data/unisim_comp.v:50398]
	Parameter DATA_RATE_OQ bound to: SDR - type: string 
	Parameter DATA_RATE_TQ bound to: SDR - type: string 
	Parameter DATA_WIDTH bound to: 2 - type: integer 
	Parameter INIT_OQ bound to: 1'b0 
	Parameter INIT_TQ bound to: 1'b0 
	Parameter IS_CLKDIV_INVERTED bound to: 1'b0 
	Parameter IS_CLK_INVERTED bound to: 1'b0 
	Parameter IS_D1_INVERTED bound to: 1'b0 
	Parameter IS_D2_INVERTED bound to: 1'b0 
	Parameter IS_D3_INVERTED bound to: 1'b0 
	Parameter IS_D4_INVERTED bound to: 1'b0 
	Parameter IS_D5_INVERTED bound to: 1'b0 
	Parameter IS_D6_INVERTED bound to: 1'b0 
	Parameter IS_D7_INVERTED bound to: 1'b0 
	Parameter IS_D8_INVERTED bound to: 1'b0 
	Parameter IS_T1_INVERTED bound to: 1'b0 
	Parameter IS_T2_INVERTED bound to: 1'b0 
	Parameter IS_T3_INVERTED bound to: 1'b0 
	Parameter IS_T4_INVERTED bound to: 1'b0 
	Parameter SERDES_MODE bound to: MASTER - type: string 
	Parameter SRVAL_OQ bound to: 1'b0 
	Parameter SRVAL_TQ bound to: 1'b0 
	Parameter TBYTE_CTL bound to: FALSE - type: string 
	Parameter TBYTE_SRC bound to: FALSE - type: string 
	Parameter TRISTATE_WIDTH bound to: 1 - type: integer 
INFO: [Synth 8-6155] done synthesizing module 'OSERDESE2' (2#1) [/mnt/storage/sw/Xilinx/Vivado/2020.2/scripts/rt/data/unisim_comp.v:50398]
INFO: [Synth 8-6155] done synthesizing module 'mopshub_board_v1_selectio_wiz_2_0_selectio_wiz' (3#1) [/home/dcs/git/mopshub/Vivado/mopshub_v1/mopshub_board_v1/mopshub_board_v1.gen/sources_1/bd/mopshub_board_v1/ip/mopshub_board_v1_selectio_wiz_2_0/mopshub_board_v1_selectio_wiz_2_0_selectio_wiz.v:56]
INFO: [Synth 8-6155] done synthesizing module 'mopshub_board_v1_selectio_wiz_2_0' (4#1) [/home/dcs/git/mopshub/Vivado/mopshub_v1/mopshub_board_v1/mopshub_board_v1.gen/sources_1/bd/mopshub_board_v1/ip/mopshub_board_v1_selectio_wiz_2_0/mopshub_board_v1_selectio_wiz_2_0.v:58]
---------------------------------------------------------------------------------
Finished RTL Elaboration : Time (s): cpu = 00:00:06 ; elapsed = 00:00:10 . Memory (MB): peak = 2475.352 ; gain = 22.977 ; free physical = 652 ; free virtual = 5001
---------------------------------------------------------------------------------
---------------------------------------------------------------------------------
Start Handling Custom Attributes
---------------------------------------------------------------------------------
---------------------------------------------------------------------------------
Finished Handling Custom Attributes : Time (s): cpu = 00:00:06 ; elapsed = 00:00:11 . Memory (MB): peak = 2490.191 ; gain = 37.816 ; free physical = 603 ; free virtual = 4961
---------------------------------------------------------------------------------
---------------------------------------------------------------------------------
Finished RTL Optimization Phase 1 : Time (s): cpu = 00:00:06 ; elapsed = 00:00:11 . Memory (MB): peak = 2490.191 ; gain = 37.816 ; free physical = 603 ; free virtual = 4961
---------------------------------------------------------------------------------
Netlist sorting complete. Time (s): cpu = 00:00:00 ; elapsed = 00:00:00 . Memory (MB): peak = 2499.098 ; gain = 0.000 ; free physical = 580 ; free virtual = 4941
INFO: [Netlist 29-17] Analyzing 1 Unisim elements for replacement
INFO: [Netlist 29-28] Unisim Transformation completed in 0 CPU seconds
INFO: [Project 1-570] Preparing netlist for logic optimization

Processing XDC Constraints
Initializing timing engine
Parsing XDC File [/home/dcs/git/mopshub/Vivado/mopshub_v1/mopshub_board_v1/mopshub_board_v1.gen/sources_1/bd/mopshub_board_v1/ip/mopshub_board_v1_selectio_wiz_2_0/mopshub_board_v1_selectio_wiz_2_0_ooc.xdc] for cell 'inst'
Finished Parsing XDC File [/home/dcs/git/mopshub/Vivado/mopshub_v1/mopshub_board_v1/mopshub_board_v1.gen/sources_1/bd/mopshub_board_v1/ip/mopshub_board_v1_selectio_wiz_2_0/mopshub_board_v1_selectio_wiz_2_0_ooc.xdc] for cell 'inst'
INFO: [Project 1-236] Implementation specific constraints were found while reading constraint file [/home/dcs/git/mopshub/Vivado/mopshub_v1/mopshub_board_v1/mopshub_board_v1.gen/sources_1/bd/mopshub_board_v1/ip/mopshub_board_v1_selectio_wiz_2_0/mopshub_board_v1_selectio_wiz_2_0_ooc.xdc]. These constraints will be ignored for synthesis but will be used in implementation. Impacted constraints are listed in the file [.Xil/mopshub_board_v1_selectio_wiz_2_0_propImpl.xdc].
Resolution: To avoid this warning, move constraints listed in [.Xil/mopshub_board_v1_selectio_wiz_2_0_propImpl.xdc] to another XDC file and exclude this new file from synthesis with the used_in_synthesis property (File Properties dialog in GUI) and re-run elaboration/synthesis.
Parsing XDC File [/home/dcs/git/mopshub/Vivado/mopshub_v1/mopshub_board_v1/mopshub_board_v1.gen/sources_1/bd/mopshub_board_v1/ip/mopshub_board_v1_selectio_wiz_2_0/mopshub_board_v1_selectio_wiz_2_0.xdc] for cell 'inst'
Finished Parsing XDC File [/home/dcs/git/mopshub/Vivado/mopshub_v1/mopshub_board_v1/mopshub_board_v1.gen/sources_1/bd/mopshub_board_v1/ip/mopshub_board_v1_selectio_wiz_2_0/mopshub_board_v1_selectio_wiz_2_0.xdc] for cell 'inst'
Parsing XDC File [/home/dcs/git/mopshub/Vivado/mopshub_v1/mopshub_board_v1/mopshub_board_v1.runs/mopshub_board_v1_selectio_wiz_2_0_synth_1/dont_touch.xdc]
Finished Parsing XDC File [/home/dcs/git/mopshub/Vivado/mopshub_v1/mopshub_board_v1/mopshub_board_v1.runs/mopshub_board_v1_selectio_wiz_2_0_synth_1/dont_touch.xdc]
Completed Processing XDC Constraints

Netlist sorting complete. Time (s): cpu = 00:00:00 ; elapsed = 00:00:00 . Memory (MB): peak = 2581.941 ; gain = 0.000 ; free physical = 639 ; free virtual = 5034
INFO: [Project 1-111] Unisim Transformation Summary:
  A total of 1 instances were transformed.
  OBUFDS => OBUFDS_DUAL_BUF (INV, OBUFDS(x2)): 1 instance 

Constraint Validation Runtime : Time (s): cpu = 00:00:00.02 ; elapsed = 00:00:00.05 . Memory (MB): peak = 2581.945 ; gain = 0.004 ; free physical = 639 ; free virtual = 5033
---------------------------------------------------------------------------------
Finished Constraint Validation : Time (s): cpu = 00:00:14 ; elapsed = 00:00:23 . Memory (MB): peak = 2581.945 ; gain = 129.570 ; free physical = 271 ; free virtual = 4729
---------------------------------------------------------------------------------
---------------------------------------------------------------------------------
Start Loading Part and Timing Information
---------------------------------------------------------------------------------
Loading part: xc7a200tfbg484-2
---------------------------------------------------------------------------------
Finished Loading Part and Timing Information : Time (s): cpu = 00:00:14 ; elapsed = 00:00:23 . Memory (MB): peak = 2581.945 ; gain = 129.570 ; free physical = 261 ; free virtual = 4720
---------------------------------------------------------------------------------
---------------------------------------------------------------------------------
Start Applying 'set_property' XDC Constraints
---------------------------------------------------------------------------------
Applied set_property KEEP_HIERARCHY = SOFT for inst. (constraint file  /home/dcs/git/mopshub/Vivado/mopshub_v1/mopshub_board_v1/mopshub_board_v1.runs/mopshub_board_v1_selectio_wiz_2_0_synth_1/dont_touch.xdc, line 9).
---------------------------------------------------------------------------------
Finished applying 'set_property' XDC Constraints : Time (s): cpu = 00:00:14 ; elapsed = 00:00:23 . Memory (MB): peak = 2581.945 ; gain = 129.570 ; free physical = 235 ; free virtual = 4695
---------------------------------------------------------------------------------
---------------------------------------------------------------------------------
Finished RTL Optimization Phase 2 : Time (s): cpu = 00:00:14 ; elapsed = 00:00:25 . Memory (MB): peak = 2581.945 ; gain = 129.570 ; free physical = 198 ; free virtual = 4562
---------------------------------------------------------------------------------
---------------------------------------------------------------------------------
Start RTL Component Statistics 
---------------------------------------------------------------------------------
Detailed RTL Component Info : 
---------------------------------------------------------------------------------
Finished RTL Component Statistics 
---------------------------------------------------------------------------------
---------------------------------------------------------------------------------
Start Part Resource Summary
---------------------------------------------------------------------------------
Part Resources:
DSPs: 740 (col length:100)
BRAMs: 730 (col length: RAMB18 100 RAMB36 50)
---------------------------------------------------------------------------------
Finished Part Resource Summary
---------------------------------------------------------------------------------
---------------------------------------------------------------------------------
Start Cross Boundary and Area Optimization
---------------------------------------------------------------------------------
---------------------------------------------------------------------------------
Finished Cross Boundary and Area Optimization : Time (s): cpu = 00:00:15 ; elapsed = 00:00:26 . Memory (MB): peak = 2581.945 ; gain = 129.570 ; free physical = 233 ; free virtual = 4566
---------------------------------------------------------------------------------
---------------------------------------------------------------------------------
Start Applying XDC Timing Constraints
---------------------------------------------------------------------------------
---------------------------------------------------------------------------------
Finished Applying XDC Timing Constraints : Time (s): cpu = 00:00:20 ; elapsed = 00:00:31 . Memory (MB): peak = 2581.945 ; gain = 129.570 ; free physical = 682 ; free virtual = 5031
---------------------------------------------------------------------------------
---------------------------------------------------------------------------------
Start Timing Optimization
---------------------------------------------------------------------------------
---------------------------------------------------------------------------------
Finished Timing Optimization : Time (s): cpu = 00:00:20 ; elapsed = 00:00:32 . Memory (MB): peak = 2581.945 ; gain = 129.570 ; free physical = 680 ; free virtual = 5031
---------------------------------------------------------------------------------
---------------------------------------------------------------------------------
Start Technology Mapping
---------------------------------------------------------------------------------
---------------------------------------------------------------------------------
Finished Technology Mapping : Time (s): cpu = 00:00:20 ; elapsed = 00:00:32 . Memory (MB): peak = 2581.945 ; gain = 129.570 ; free physical = 671 ; free virtual = 5023
---------------------------------------------------------------------------------
---------------------------------------------------------------------------------
Start IO Insertion
---------------------------------------------------------------------------------
---------------------------------------------------------------------------------
Start Flattening Before IO Insertion
---------------------------------------------------------------------------------
---------------------------------------------------------------------------------
Finished Flattening Before IO Insertion
---------------------------------------------------------------------------------
---------------------------------------------------------------------------------
Start Final Netlist Cleanup
---------------------------------------------------------------------------------
---------------------------------------------------------------------------------
Finished Final Netlist Cleanup
---------------------------------------------------------------------------------
---------------------------------------------------------------------------------
Finished IO Insertion : Time (s): cpu = 00:00:24 ; elapsed = 00:00:35 . Memory (MB): peak = 2581.945 ; gain = 129.570 ; free physical = 509 ; free virtual = 4910
---------------------------------------------------------------------------------
---------------------------------------------------------------------------------
Start Renaming Generated Instances
---------------------------------------------------------------------------------
---------------------------------------------------------------------------------
Finished Renaming Generated Instances : Time (s): cpu = 00:00:24 ; elapsed = 00:00:35 . Memory (MB): peak = 2581.945 ; gain = 129.570 ; free physical = 508 ; free virtual = 4910
---------------------------------------------------------------------------------
---------------------------------------------------------------------------------
Start Rebuilding User Hierarchy
---------------------------------------------------------------------------------
---------------------------------------------------------------------------------
Finished Rebuilding User Hierarchy : Time (s): cpu = 00:00:24 ; elapsed = 00:00:35 . Memory (MB): peak = 2581.945 ; gain = 129.570 ; free physical = 507 ; free virtual = 4909
---------------------------------------------------------------------------------
---------------------------------------------------------------------------------
Start Renaming Generated Ports
---------------------------------------------------------------------------------
---------------------------------------------------------------------------------
Finished Renaming Generated Ports : Time (s): cpu = 00:00:24 ; elapsed = 00:00:35 . Memory (MB): peak = 2581.945 ; gain = 129.570 ; free physical = 506 ; free virtual = 4909
---------------------------------------------------------------------------------
---------------------------------------------------------------------------------
Start Handling Custom Attributes
---------------------------------------------------------------------------------
---------------------------------------------------------------------------------
Finished Handling Custom Attributes : Time (s): cpu = 00:00:24 ; elapsed = 00:00:35 . Memory (MB): peak = 2581.945 ; gain = 129.570 ; free physical = 506 ; free virtual = 4909
---------------------------------------------------------------------------------
---------------------------------------------------------------------------------
Start Renaming Generated Nets
---------------------------------------------------------------------------------
---------------------------------------------------------------------------------
Finished Renaming Generated Nets : Time (s): cpu = 00:00:24 ; elapsed = 00:00:35 . Memory (MB): peak = 2581.945 ; gain = 129.570 ; free physical = 507 ; free virtual = 4910
---------------------------------------------------------------------------------
---------------------------------------------------------------------------------
Start Writing Synthesis Report
---------------------------------------------------------------------------------

Report BlackBoxes: 
+-+--------------+----------+
| |BlackBox name |Instances |
+-+--------------+----------+
+-+--------------+----------+

Report Cell Usage: 
+------+----------+------+
|      |Cell      |Count |
+------+----------+------+
|1     |OSERDESE2 |     1|
|2     |OBUFDS    |     1|
+------+----------+------+
---------------------------------------------------------------------------------
Finished Writing Synthesis Report : Time (s): cpu = 00:00:24 ; elapsed = 00:00:35 . Memory (MB): peak = 2581.945 ; gain = 129.570 ; free physical = 507 ; free virtual = 4910
---------------------------------------------------------------------------------
Synthesis finished with 0 errors, 0 critical warnings and 0 warnings.
Synthesis Optimization Runtime : Time (s): cpu = 00:00:20 ; elapsed = 00:00:31 . Memory (MB): peak = 2581.945 ; gain = 37.816 ; free physical = 559 ; free virtual = 4962
Synthesis Optimization Complete : Time (s): cpu = 00:00:24 ; elapsed = 00:00:35 . Memory (MB): peak = 2581.945 ; gain = 129.570 ; free physical = 559 ; free virtual = 4961
INFO: [Project 1-571] Translating synthesized netlist
Netlist sorting complete. Time (s): cpu = 00:00:00 ; elapsed = 00:00:00 . Memory (MB): peak = 2581.945 ; gain = 0.000 ; free physical = 552 ; free virtual = 4954
INFO: [Netlist 29-17] Analyzing 1 Unisim elements for replacement
INFO: [Netlist 29-28] Unisim Transformation completed in 0 CPU seconds
INFO: [Project 1-570] Preparing netlist for logic optimization
INFO: [Opt 31-138] Pushed 0 inverter(s) to 0 load pin(s).
Netlist sorting complete. Time (s): cpu = 00:00:00 ; elapsed = 00:00:00 . Memory (MB): peak = 2584.801 ; gain = 0.000 ; free physical = 784 ; free virtual = 5232
INFO: [Project 1-111] Unisim Transformation Summary:
  A total of 1 instances were transformed.
  OBUFDS => OBUFDS_DUAL_BUF (INV, OBUFDS(x2)): 1 instance 

INFO: [Common 17-83] Releasing license: Synthesis
25 Infos, 4 Warnings, 0 Critical Warnings and 0 Errors encountered.
synth_design completed successfully
synth_design: Time (s): cpu = 00:00:34 ; elapsed = 00:01:02 . Memory (MB): peak = 2584.801 ; gain = 138.594 ; free physical = 911 ; free virtual = 5365
INFO: [Common 17-1381] The checkpoint '/home/dcs/git/mopshub/Vivado/mopshub_v1/mopshub_board_v1/mopshub_board_v1.runs/mopshub_board_v1_selectio_wiz_2_0_synth_1/mopshub_board_v1_selectio_wiz_2_0.dcp' has been generated.
INFO: [Coretcl 2-1648] Added synthesis output to IP cache for IP mopshub_board_v1_selectio_wiz_2_0, cache-ID = f30cb3d40fdf101c
INFO: [Common 17-1381] The checkpoint '/home/dcs/git/mopshub/Vivado/mopshub_v1/mopshub_board_v1/mopshub_board_v1.runs/mopshub_board_v1_selectio_wiz_2_0_synth_1/mopshub_board_v1_selectio_wiz_2_0.dcp' has been generated.
INFO: [runtcl-4] Executing : report_utilization -file mopshub_board_v1_selectio_wiz_2_0_utilization_synth.rpt -pb mopshub_board_v1_selectio_wiz_2_0_utilization_synth.pb
INFO: [Common 17-206] Exiting Vivado at Tue Mar 26 14:10:36 2024...
