Copyright 1986-2020 Xilinx, Inc. All Rights Reserved.
----------------------------------------------------------------------------------------------------------------------------------------------------------------------------------------------------
| Tool Version     : Vivado v.2020.2 (lin64) Build 3064766 Wed Nov 18 09:12:47 MST 2020
| Date             : Tue Mar 26 14:10:45 2024
| Host             : chipdev2.physik.uni-wuppertal.de running 64-bit unknown
| Command          : report_power -file mopshub_readout_bd_wrapper_power_routed.rpt -pb mopshub_readout_bd_wrapper_power_summary_routed.pb -rpx mopshub_readout_bd_wrapper_power_routed.rpx
| Design           : mopshub_readout_bd_wrapper
| Device           : xczu9eg-ffvb1156-2-e
| Design State     : routed
| Grade            : extended
| Process          : typical
| Characterization : Production
----------------------------------------------------------------------------------------------------------------------------------------------------------------------------------------------------

Power Report

Table of Contents
-----------------
1. Summary
1.1 On-Chip Components
1.2 Power Supply Summary
1.3 Confidence Level
2. Settings
2.1 Environment
2.2 Clock Constraints
3. Detailed Reports
3.1 By Hierarchy

1. Summary
----------

+--------------------------+--------------+
| Total On-Chip Power (W)  | 4.067        |
| Design Power Budget (W)  | Unspecified* |
| Power Budget Margin (W)  | NA           |
| Dynamic (W)              | 3.267        |
| Device Static (W)        | 0.800        |
| Effective TJA (C/W)      | 1.0          |
| Max Ambient (C)          | 96.0         |
| Junction Temperature (C) | 29.0         |
| Confidence Level         | Low          |
| Setting File             | ---          |
| Simulation Activity File | ---          |
| Design Nets Matched      | NA           |
+--------------------------+--------------+
* Specify Design Power Budget using, set_operating_conditions -design_power_budget <value in Watts>


1.1 On-Chip Components
----------------------

+--------------------------+-----------+----------+-----------+-----------------+
| On-Chip                  | Power (W) | Used     | Available | Utilization (%) |
+--------------------------+-----------+----------+-----------+-----------------+
| Clocks                   |     0.018 |       14 |       --- |             --- |
| CLB Logic                |     0.022 |    21041 |       --- |             --- |
|   LUT as Logic           |     0.020 |     8164 |    274080 |            2.98 |
|   Register               |     0.002 |     9657 |    548160 |            1.76 |
|   CARRY8                 |    <0.001 |      162 |     34260 |            0.47 |
|   LUT as Shift Register  |    <0.001 |      162 |    144000 |            0.11 |
|   LUT as Distributed RAM |    <0.001 |       32 |    144000 |            0.02 |
|   BUFG                   |    <0.001 |        5 |        32 |           15.63 |
|   Others                 |     0.000 |      692 |       --- |             --- |
|   F7/F8 Muxes            |     0.000 |       97 |    274080 |            0.04 |
| Signals                  |     0.039 |    23265 |       --- |             --- |
| Block RAM                |     0.034 |      314 |       912 |           34.43 |
| MMCM                     |     0.239 |        0 |       --- |             --- |
| I/O                      |     0.072 |       31 |       328 |            9.45 |
| GTH                      |     0.111 |        1 |        24 |            4.17 |
| PS8                      |     2.732 |        1 |       --- |             --- |
| Static Power             |     0.800 |          |           |                 |
|   PS Static              |     0.098 |          |           |                 |
|   PL Static              |     0.702 |          |           |                 |
| Total                    |     4.067 |          |           |                 |
+--------------------------+-----------+----------+-----------+-----------------+


1.2 Power Supply Summary
------------------------

+-----------------+-------------+-----------+-------------+------------+-------------+-------------+------------+
| Source          | Voltage (V) | Total (A) | Dynamic (A) | Static (A) | Powerup (A) | Budget (A)  | Margin (A) |
+-----------------+-------------+-----------+-------------+------------+-------------+-------------+------------+
| Vccint          |       0.850 |     0.341 |       0.134 |      0.206 |       NA    | Unspecified | NA         |
| Vccint_io       |       0.850 |     0.038 |       0.002 |      0.036 |       NA    | Unspecified | NA         |
| Vccbram         |       0.850 |     0.004 |       0.001 |      0.003 |       NA    | Unspecified | NA         |
| Vccaux          |       1.800 |     0.325 |       0.132 |      0.193 |       NA    | Unspecified | NA         |
| Vccaux_io       |       1.800 |     0.041 |       0.009 |      0.033 |       NA    | Unspecified | NA         |
| Vcco33          |       3.300 |     0.009 |       0.001 |      0.009 |       NA    | Unspecified | NA         |
| Vcco25          |       2.500 |     0.009 |       0.000 |      0.009 |       NA    | Unspecified | NA         |
| Vcco18          |       1.800 |     0.000 |       0.000 |      0.000 |       NA    | Unspecified | NA         |
| Vcco15          |       1.500 |     0.000 |       0.000 |      0.000 |       NA    | Unspecified | NA         |
| Vcco135         |       1.350 |     0.000 |       0.000 |      0.000 |       NA    | Unspecified | NA         |
| Vcco12          |       1.200 |     0.043 |       0.043 |      0.000 |       NA    | Unspecified | NA         |
| Vcco10          |       1.000 |     0.000 |       0.000 |      0.000 |       NA    | Unspecified | NA         |
| Vccadc          |       1.800 |     0.008 |       0.000 |      0.008 |       NA    | Unspecified | NA         |
| VCC_PSINTFP     |       0.850 |     1.088 |       1.052 |      0.035 |       NA    | Unspecified | NA         |
| VCC_PSINTLP     |       0.850 |     0.249 |       0.242 |      0.007 |       NA    | Unspecified | NA         |
| VPS_MGTRAVCC    |       0.850 |     0.190 |       0.189 |      0.001 |       NA    | Unspecified | NA         |
| VCC_PSINTFP_DDR |       0.850 |     0.730 |       0.725 |      0.004 |       NA    | Unspecified | NA         |
| VCC_PSPLL       |       1.200 |     0.071 |       0.069 |      0.002 |       NA    | Unspecified | NA         |
| VPS_MGTRAVTT    |       1.800 |     0.034 |       0.033 |      0.001 |       NA    | Unspecified | NA         |
| VCCO_PSDDR_504  |       1.200 |     0.626 |       0.592 |      0.034 |       NA    | Unspecified | NA         |
| VCC_PSAUX       |       1.800 |     0.002 |       0.000 |      0.002 |       NA    | Unspecified | NA         |
| VCC_PSBATT      |       1.200 |     0.000 |       0.000 |      0.000 |       NA    | Unspecified | NA         |
| VCC_PSDDR_PLL   |       1.800 |     0.001 |       0.000 |      0.001 |       NA    | Unspecified | NA         |
| VCCO_PSIO0_500  |       1.800 |     0.001 |       0.001 |      0.001 |       NA    | Unspecified | NA         |
| VCCO_PSIO1_501  |       1.800 |     0.001 |       0.000 |      0.001 |       NA    | Unspecified | NA         |
| VCCO_PSIO2_502  |       1.800 |     0.001 |       0.000 |      0.001 |       NA    | Unspecified | NA         |
| VCCO_PSIO3_503  |       1.800 |     0.001 |       0.000 |      0.001 |       NA    | Unspecified | NA         |
| VCC_PSADC       |       1.800 |     0.002 |       0.000 |      0.002 |       NA    | Unspecified | NA         |
| MGTAVcc         |       0.900 |     0.028 |       0.022 |      0.007 |       NA    | Unspecified | NA         |
| MGTAVtt         |       1.200 |     0.090 |       0.076 |      0.014 |       NA    | Unspecified | NA         |
| MGTVccaux       |       1.800 |     0.000 |       0.000 |      0.000 |       NA    | Unspecified | NA         |
+-----------------+-------------+-----------+-------------+------------+-------------+-------------+------------+


1.3 Confidence Level
--------------------

+-----------------------------+------------+--------------------------------------------------------+--------------------------------------------------------------------------------------------------------------------+
| User Input Data             | Confidence | Details                                                | Action                                                                                                             |
+-----------------------------+------------+--------------------------------------------------------+--------------------------------------------------------------------------------------------------------------------+
| Design implementation state | High       | Design is routed                                       |                                                                                                                    |
| Clock nodes activity        | Low        | User specified less than 75% of clocks                 | Provide missing clock activity with a constraint file, simulation results or by editing the "By Clock Domain" view |
| I/O nodes activity          | Low        | More than 75% of inputs are missing user specification | Provide missing input activity with simulation results or by editing the "By Resource Type -> I/Os" view           |
| Internal nodes activity     | Medium     | User specified less than 25% of internal nodes         | Provide missing internal nodes activity with simulation results or by editing the "By Resource Type" views         |
| Device models               | High       | Device models are Production                           |                                                                                                                    |
|                             |            |                                                        |                                                                                                                    |
| Overall confidence level    | Low        |                                                        |                                                                                                                    |
+-----------------------------+------------+--------------------------------------------------------+--------------------------------------------------------------------------------------------------------------------+


2. Settings
-----------

2.1 Environment
---------------

+-----------------------+--------------------------+
| Ambient Temp (C)      | 25.0                     |
| ThetaJA (C/W)         | 1.0                      |
| Airflow (LFM)         | 250                      |
| Heat Sink             | medium (Medium Profile)  |
| ThetaSA (C/W)         | 1.5                      |
| Board Selection       | medium (10"x10")         |
| # of Board Layers     | 12to15 (12 to 15 Layers) |
| Board Temperature (C) | 25.0                     |
+-----------------------+--------------------------+


2.2 Clock Constraints
---------------------

+-----------------------------------------------------------------------------------------------------------------------------------------------------------------------------------------------------------------------------------------------------------------------------------------------------------------------------------------------------------------------------------------------------------------------------------------+--------------------------------------------------------------------------------------------------------------------------------------------------------------------------------------------------------------------------------------------------------------------------------------------------------------------------------------------------------------------------------------------------------------------------+-----------------+
| Clock                                                                                                                                                                                                                                                                                                                                                                                                                                   | Domain                                                                                                                                                                                                                                                                                                                                                                                                                   | Constraint (ns) |
+-----------------------------------------------------------------------------------------------------------------------------------------------------------------------------------------------------------------------------------------------------------------------------------------------------------------------------------------------------------------------------------------------------------------------------------------+--------------------------------------------------------------------------------------------------------------------------------------------------------------------------------------------------------------------------------------------------------------------------------------------------------------------------------------------------------------------------------------------------------------------------+-----------------+
| clk_40_mopshub_readout_bd_clk_wiz_1_0_1                                                                                                                                                                                                                                                                                                                                                                                                 | mopshub_readout_bd_i/clk_wiz_1/inst/clk_40_mopshub_readout_bd_clk_wiz_1_0                                                                                                                                                                                                                                                                                                                                                |            25.0 |
| clk_elink_mopshub_readout_bd_clk_wiz_0_0                                                                                                                                                                                                                                                                                                                                                                                                | mopshub_readout_bd_i/clk_wiz_0/inst/clk_elink_mopshub_readout_bd_clk_wiz_0_0                                                                                                                                                                                                                                                                                                                                             |            25.0 |
| clk_m_mopshub_readout_bd_clk_wiz_0_0                                                                                                                                                                                                                                                                                                                                                                                                    | mopshub_readout_bd_i/clk_wiz_0/inst/clk_m                                                                                                                                                                                                                                                                                                                                                                                |            12.5 |
| clk_m_mopshub_readout_bd_clk_wiz_0_0                                                                                                                                                                                                                                                                                                                                                                                                    | mopshub_readout_bd_i/clk_wiz_0/inst/clk_m_mopshub_readout_bd_clk_wiz_0_0                                                                                                                                                                                                                                                                                                                                                 |            12.5 |
| clk_rx_mopshub_readout_bd_clk_wiz_0_0                                                                                                                                                                                                                                                                                                                                                                                                   | mopshub_readout_bd_i/clk_wiz_0/inst/clk_rx_mopshub_readout_bd_clk_wiz_0_0                                                                                                                                                                                                                                                                                                                                                |             6.2 |
| clk_sys_clk_p                                                                                                                                                                                                                                                                                                                                                                                                                           | clk_sys_clk_p                                                                                                                                                                                                                                                                                                                                                                                                            |             3.3 |
| clk_tx_mopshub_readout_bd_clk_wiz_0_0                                                                                                                                                                                                                                                                                                                                                                                                   | mopshub_readout_bd_i/clk_wiz_0/inst/clk_tx_mopshub_readout_bd_clk_wiz_0_0                                                                                                                                                                                                                                                                                                                                                |            12.5 |
| clk_uart_mopshub_readout_bd_clk_wiz_1_0_1                                                                                                                                                                                                                                                                                                                                                                                               | mopshub_readout_bd_i/clk_wiz_1/inst/clk_uart_mopshub_readout_bd_clk_wiz_1_0                                                                                                                                                                                                                                                                                                                                              |            86.7 |
| clkfbout_mopshub_readout_bd_clk_wiz_0_0                                                                                                                                                                                                                                                                                                                                                                                                 | mopshub_readout_bd_i/clk_wiz_0/inst/clkfbout_mopshub_readout_bd_clk_wiz_0_0                                                                                                                                                                                                                                                                                                                                              |            50.0 |
| clkfbout_mopshub_readout_bd_clk_wiz_1_0_1                                                                                                                                                                                                                                                                                                                                                                                               | mopshub_readout_bd_i/clk_wiz_1/inst/clkfbout_mopshub_readout_bd_clk_wiz_1_0                                                                                                                                                                                                                                                                                                                                              |            12.5 |
| dbg_hub/inst/BSCANID.u_xsdbm_id/SWITCH_N_EXT_BSCAN.bscan_inst/SERIES7_BSCAN.bscan_inst/INTERNAL_TCK                                                                                                                                                                                                                                                                                                                                     | dbg_hub/inst/BSCANID.u_xsdbm_id/SWITCH_N_EXT_BSCAN.bscan_inst/in0                                                                                                                                                                                                                                                                                                                                                        |            50.0 |
| mopshub_readout_bd_i/gig_ethernet_pcs_pma_0/inst/pcs_pma_block_i/transceiver_inst/mopshub_readout_bd_gig_ethernet_pcs_pma_0_0_gt_i/inst/gen_gtwizard_gthe4_top.mopshub_readout_bd_gig_ethernet_pcs_pma_0_0_gt_gtwizard_gthe4_inst/gen_gtwizard_gthe4.gen_cpll_cal_gthe4.gen_cpll_cal_inst[0].gen_inst_cpll_cal.gtwizard_ultrascale_v1_7_9_gthe4_cpll_cal_inst/gtwizard_ultrascale_v1_7_9_gthe4_cpll_cal_tx_i/bufg_gt_txoutclkmon_inst/O | mopshub_readout_bd_i/gig_ethernet_pcs_pma_0/inst/pcs_pma_block_i/transceiver_inst/mopshub_readout_bd_gig_ethernet_pcs_pma_0_0_gt_i/inst/gen_gtwizard_gthe4_top.mopshub_readout_bd_gig_ethernet_pcs_pma_0_0_gt_gtwizard_gthe4_inst/gen_gtwizard_gthe4.gen_cpll_cal_gthe4.gen_cpll_cal_inst[0].gen_inst_cpll_cal.gtwizard_ultrascale_v1_7_9_gthe4_cpll_cal_inst/gtwizard_ultrascale_v1_7_9_gthe4_cpll_cal_tx_i/txoutclkmon |            16.0 |
+-----------------------------------------------------------------------------------------------------------------------------------------------------------------------------------------------------------------------------------------------------------------------------------------------------------------------------------------------------------------------------------------------------------------------------------------+--------------------------------------------------------------------------------------------------------------------------------------------------------------------------------------------------------------------------------------------------------------------------------------------------------------------------------------------------------------------------------------------------------------------------+-----------------+


3. Detailed Reports
-------------------

3.1 By Hierarchy
----------------

+----------------------------+-----------+
| Name                       | Power (W) |
+----------------------------+-----------+
| mopshub_readout_bd_wrapper |     3.267 |
|   dbg_hub                  |     0.002 |
|     inst                   |     0.002 |
|       BSCANID.u_xsdbm_id   |     0.002 |
|   mopshub_readout_bd_i     |     3.261 |
|     clk_wiz_0              |     0.122 |
|       inst                 |     0.122 |
|     clk_wiz_1              |     0.099 |
|       inst                 |     0.099 |
|     gig_ethernet_pcs_pma_0 |     0.122 |
|       inst                 |     0.122 |
|     ila_0                  |     0.004 |
|       inst                 |     0.004 |
|     mopshub_readout_0      |     0.182 |
|       inst                 |     0.182 |
|     zynq_ultra_ps_e_0      |     2.732 |
|       inst                 |     2.732 |
+----------------------------+-----------+


